{"uid":"dd3f00952f9b7857","name":"Remove Test Case","fullName":"tests.TestCaseTest.testCaseShouldBeRemoved","historyId":"92555bbcc20acb078685a9c8e555d853","time":{"start":1707759000530,"stop":1707759019741,"duration":19211},"status":"failed","statusMessage":"Element not found {By.xpath: //div[text()='High']}\nExpected: visible\nScreenshot: file:/home/runner/work/QaseIODiplom/QaseIODiplom/build/reports/tests/1707759019289.2.png\nPage source: file:/home/runner/work/QaseIODiplom/QaseIODiplom/build/reports/tests/1707759019289.2.html\nTimeout: 10 s.\nCaused by: NoSuchElementException: no such element: Unable to locate element: {\"method\":\"xpath\",\"selector\":\"//div[text()='High']\"}","statusTrace":"Element not found {By.xpath: //div[text()='High']}\nExpected: visible\nScreenshot: file:/home/runner/work/QaseIODiplom/QaseIODiplom/build/reports/tests/1707759019289.2.png\nPage source: file:/home/runner/work/QaseIODiplom/QaseIODiplom/build/reports/tests/1707759019289.2.html\nTimeout: 10 s.\nCaused by: NoSuchElementException: no such element: Unable to locate element: {\"method\":\"xpath\",\"selector\":\"//div[text()='High']\"}\n\tat com.codeborne.selenide.impl.WebElementSource.createElementNotFoundError(WebElementSource.java:91)\n\tat com.codeborne.selenide.impl.ElementFinder.createElementNotFoundError(ElementFinder.java:142)\n\tat com.codeborne.selenide.impl.WebElementSource.handleError(WebElementSource.java:143)\n\tat com.codeborne.selenide.impl.WebElementSource.checkConditionAndReturnElement(WebElementSource.java:127)\n\tat com.codeborne.selenide.impl.WebElementSource.checkCondition(WebElementSource.java:104)\n\tat com.codeborne.selenide.commands.Should.execute(Should.java:30)\n\tat com.codeborne.selenide.commands.Should.execute(Should.java:14)\n\tat com.codeborne.selenide.commands.Commands.execute(Commands.java:165)\n\tat com.codeborne.selenide.impl.SelenideElementProxy.dispatchAndRetry(SelenideElementProxy.java:132)\n\tat com.codeborne.selenide.impl.SelenideElementProxy.invoke(SelenideElementProxy.java:84)\n\tat com.sun.proxy.$Proxy43.shouldBe(Unknown Source)\n\tat wrappers.DropdownHelper.selectValue(DropdownHelper.java:21)\n\tat pages.TestCasePage.setDropdownValue(TestCasePage.java:26)\n\tat pages.TestCasePage.createTestCase(TestCasePage.java:64)\n\tat tests.TestCaseTest.testCaseShouldBeRemoved(TestCaseTest.java:68)\n\tat java.base/jdk.internal.reflect.NativeMethodAccessorImpl.invoke0(Native Method)\n\tat java.base/jdk.internal.reflect.NativeMethodAccessorImpl.invoke(NativeMethodAccessorImpl.java:62)\n\tat java.base/jdk.internal.reflect.DelegatingMethodAccessorImpl.invoke(DelegatingMethodAccessorImpl.java:43)\n\tat java.base/java.lang.reflect.Method.invoke(Method.java:566)\n\tat org.testng.internal.MethodInvocationHelper.invokeMethod(MethodInvocationHelper.java:133)\n\tat org.testng.internal.TestInvoker.invokeMethod(TestInvoker.java:598)\n\tat org.testng.internal.TestInvoker.retryFailed(TestInvoker.java:213)\n\tat org.testng.internal.MethodRunner.runInSequence(MethodRunner.java:58)\n\tat org.testng.internal.TestInvoker$MethodInvocationAgent.invoke(TestInvoker.java:824)\n\tat org.testng.internal.TestInvoker.invokeTestMethods(TestInvoker.java:146)\n\tat org.testng.internal.TestMethodWorker.invokeTestMethods(TestMethodWorker.java:146)\n\tat org.testng.internal.TestMethodWorker.run(TestMethodWorker.java:128)\n\tat java.base/java.util.ArrayList.forEach(ArrayList.java:1541)\n\tat org.testng.TestRunner.privateRun(TestRunner.java:794)\n\tat org.testng.TestRunner.run(TestRunner.java:596)\n\tat org.testng.SuiteRunner.runTest(SuiteRunner.java:377)\n\tat org.testng.SuiteRunner.access$000(SuiteRunner.java:28)\n\tat org.testng.SuiteRunner$SuiteWorker.run(SuiteRunner.java:418)\n\tat org.testng.internal.thread.ThreadUtil.lambda$execute$0(ThreadUtil.java:64)\n\tat java.base/java.util.concurrent.FutureTask.run(FutureTask.java:264)\n\tat java.base/java.util.concurrent.ThreadPoolExecutor.runWorker(ThreadPoolExecutor.java:1128)\n\tat java.base/java.util.concurrent.ThreadPoolExecutor$Worker.run(ThreadPoolExecutor.java:628)\n\tat java.base/java.lang.Thread.run(Thread.java:829)\nCaused by: org.openqa.selenium.NoSuchElementException: no such element: Unable to locate element: {\"method\":\"xpath\",\"selector\":\"//div[text()='High']\"}\n  (Session info: chrome=121.0.6167.139)\nFor documentation on this error, please visit: https://www.selenium.dev/documentation/webdriver/troubleshooting/errors#no-such-element-exception\nBuild info: version: '4.13.0', revision: 'ba948ece5b*'\nSystem info: os.name: 'Linux', os.arch: 'amd64', os.version: '6.2.0-1019-azure', java.version: '11.0.22'\nDriver info: org.openqa.selenium.chrome.ChromeDriver\nCommand: [3435b44caf37045702f07ed642e56064, findElement {using=xpath, value=//div[text()='High']}]\nCapabilities {acceptInsecureCerts: true, browserName: chrome, browserVersion: 121.0.6167.139, chrome: {chromedriverVersion: 121.0.6167.85 (3f98d690ad7e..., userDataDir: /tmp/.org.chromium.Chromium...}, fedcm:accounts: true, goog:chromeOptions: {debuggerAddress: localhost:36621}, networkConnectionEnabled: false, pageLoadStrategy: normal, platformName: linux, proxy: Proxy(), se:cdp: ws://localhost:36621/devtoo..., se:cdpVersion: 121.0.6167.139, setWindowRect: true, strictFileInteractability: false, timeouts: {implicit: 0, pageLoad: 300000, script: 30000}, unhandledPromptBehavior: accept, webauthn:extension:credBlob: true, webauthn:extension:largeBlob: true, webauthn:extension:minPinLength: true, webauthn:extension:prf: true, webauthn:virtualAuthenticators: true}\nSession ID: 3435b44caf37045702f07ed642e56064\n\tat jdk.internal.reflect.GeneratedConstructorAccessor65.newInstance(Unknown Source)\n\tat java.base/jdk.internal.reflect.DelegatingConstructorAccessorImpl.newInstance(DelegatingConstructorAccessorImpl.java:45)\n\tat java.base/java.lang.reflect.Constructor.newInstance(Constructor.java:490)\n\tat org.openqa.selenium.remote.codec.w3c.W3CHttpResponseCodec.createException(W3CHttpResponseCodec.java:200)\n\tat org.openqa.selenium.remote.codec.w3c.W3CHttpResponseCodec.decode(W3CHttpResponseCodec.java:133)\n\tat org.openqa.selenium.remote.codec.w3c.W3CHttpResponseCodec.decode(W3CHttpResponseCodec.java:52)\n\tat org.openqa.selenium.remote.HttpCommandExecutor.execute(HttpCommandExecutor.java:191)\n\tat org.openqa.selenium.remote.service.DriverCommandExecutor.invokeExecute(DriverCommandExecutor.java:196)\n\tat org.openqa.selenium.remote.service.DriverCommandExecutor.execute(DriverCommandExecutor.java:171)\n\tat org.openqa.selenium.remote.RemoteWebDriver.execute(RemoteWebDriver.java:602)\n\tat org.openqa.selenium.remote.ElementLocation$ElementFinder$2.findElement(ElementLocation.java:165)\n\tat org.openqa.selenium.remote.ElementLocation.findElement(ElementLocation.java:59)\n\tat org.openqa.selenium.remote.RemoteWebDriver.findElement(RemoteWebDriver.java:359)\n\tat org.openqa.selenium.remote.RemoteWebDriver.findElement(RemoteWebDriver.java:353)\n\tat com.codeborne.selenide.impl.WebElementSelector.findElement(WebElementSelector.java:70)\n\tat com.codeborne.selenide.impl.WebElementSelector.findElement(WebElementSelector.java:44)\n\tat com.codeborne.selenide.impl.WebElementSelector.findElement(WebElementSelector.java:33)\n\tat com.codeborne.selenide.impl.ElementFinder.getWebElement(ElementFinder.java:122)\n\tat com.codeborne.selenide.impl.WebElementSource.checkConditionAndReturnElement(WebElementSource.java:116)\n\t... 34 more\n","flaky":false,"newFailed":true,"newBroken":false,"newPassed":false,"retriesCount":2,"retriesStatusChange":true,"beforeStages":[{"name":"Browser setup","time":{"start":1707759000073,"stop":1707759000529,"duration":456},"description":"Browser setup","status":"passed","steps":[],"attachments":[],"parameters":[],"shouldDisplayMessage":false,"stepsCount":0,"attachmentsCount":0,"hasContent":false}],"testStage":{"status":"failed","statusMessage":"Element not found {By.xpath: //div[text()='High']}\nExpected: visible\nScreenshot: file:/home/runner/work/QaseIODiplom/QaseIODiplom/build/reports/tests/1707759019289.2.png\nPage source: file:/home/runner/work/QaseIODiplom/QaseIODiplom/build/reports/tests/1707759019289.2.html\nTimeout: 10 s.\nCaused by: NoSuchElementException: no such element: Unable to locate element: {\"method\":\"xpath\",\"selector\":\"//div[text()='High']\"}","statusTrace":"Element not found {By.xpath: //div[text()='High']}\nExpected: visible\nScreenshot: file:/home/runner/work/QaseIODiplom/QaseIODiplom/build/reports/tests/1707759019289.2.png\nPage source: file:/home/runner/work/QaseIODiplom/QaseIODiplom/build/reports/tests/1707759019289.2.html\nTimeout: 10 s.\nCaused by: NoSuchElementException: no such element: Unable to locate element: {\"method\":\"xpath\",\"selector\":\"//div[text()='High']\"}\n\tat com.codeborne.selenide.impl.WebElementSource.createElementNotFoundError(WebElementSource.java:91)\n\tat com.codeborne.selenide.impl.ElementFinder.createElementNotFoundError(ElementFinder.java:142)\n\tat com.codeborne.selenide.impl.WebElementSource.handleError(WebElementSource.java:143)\n\tat com.codeborne.selenide.impl.WebElementSource.checkConditionAndReturnElement(WebElementSource.java:127)\n\tat com.codeborne.selenide.impl.WebElementSource.checkCondition(WebElementSource.java:104)\n\tat com.codeborne.selenide.commands.Should.execute(Should.java:30)\n\tat com.codeborne.selenide.commands.Should.execute(Should.java:14)\n\tat com.codeborne.selenide.commands.Commands.execute(Commands.java:165)\n\tat com.codeborne.selenide.impl.SelenideElementProxy.dispatchAndRetry(SelenideElementProxy.java:132)\n\tat com.codeborne.selenide.impl.SelenideElementProxy.invoke(SelenideElementProxy.java:84)\n\tat com.sun.proxy.$Proxy43.shouldBe(Unknown Source)\n\tat wrappers.DropdownHelper.selectValue(DropdownHelper.java:21)\n\tat pages.TestCasePage.setDropdownValue(TestCasePage.java:26)\n\tat pages.TestCasePage.createTestCase(TestCasePage.java:64)\n\tat tests.TestCaseTest.testCaseShouldBeRemoved(TestCaseTest.java:68)\n\tat java.base/jdk.internal.reflect.NativeMethodAccessorImpl.invoke0(Native Method)\n\tat java.base/jdk.internal.reflect.NativeMethodAccessorImpl.invoke(NativeMethodAccessorImpl.java:62)\n\tat java.base/jdk.internal.reflect.DelegatingMethodAccessorImpl.invoke(DelegatingMethodAccessorImpl.java:43)\n\tat java.base/java.lang.reflect.Method.invoke(Method.java:566)\n\tat org.testng.internal.MethodInvocationHelper.invokeMethod(MethodInvocationHelper.java:133)\n\tat org.testng.internal.TestInvoker.invokeMethod(TestInvoker.java:598)\n\tat org.testng.internal.TestInvoker.retryFailed(TestInvoker.java:213)\n\tat org.testng.internal.MethodRunner.runInSequence(MethodRunner.java:58)\n\tat org.testng.internal.TestInvoker$MethodInvocationAgent.invoke(TestInvoker.java:824)\n\tat org.testng.internal.TestInvoker.invokeTestMethods(TestInvoker.java:146)\n\tat org.testng.internal.TestMethodWorker.invokeTestMethods(TestMethodWorker.java:146)\n\tat org.testng.internal.TestMethodWorker.run(TestMethodWorker.java:128)\n\tat java.base/java.util.ArrayList.forEach(ArrayList.java:1541)\n\tat org.testng.TestRunner.privateRun(TestRunner.java:794)\n\tat org.testng.TestRunner.run(TestRunner.java:596)\n\tat org.testng.SuiteRunner.runTest(SuiteRunner.java:377)\n\tat org.testng.SuiteRunner.access$000(SuiteRunner.java:28)\n\tat org.testng.SuiteRunner$SuiteWorker.run(SuiteRunner.java:418)\n\tat org.testng.internal.thread.ThreadUtil.lambda$execute$0(ThreadUtil.java:64)\n\tat java.base/java.util.concurrent.FutureTask.run(FutureTask.java:264)\n\tat java.base/java.util.concurrent.ThreadPoolExecutor.runWorker(ThreadPoolExecutor.java:1128)\n\tat java.base/java.util.concurrent.ThreadPoolExecutor$Worker.run(ThreadPoolExecutor.java:628)\n\tat java.base/java.lang.Thread.run(Thread.java:829)\nCaused by: org.openqa.selenium.NoSuchElementException: no such element: Unable to locate element: {\"method\":\"xpath\",\"selector\":\"//div[text()='High']\"}\n  (Session info: chrome=121.0.6167.139)\nFor documentation on this error, please visit: https://www.selenium.dev/documentation/webdriver/troubleshooting/errors#no-such-element-exception\nBuild info: version: '4.13.0', revision: 'ba948ece5b*'\nSystem info: os.name: 'Linux', os.arch: 'amd64', os.version: '6.2.0-1019-azure', java.version: '11.0.22'\nDriver info: org.openqa.selenium.chrome.ChromeDriver\nCommand: [3435b44caf37045702f07ed642e56064, findElement {using=xpath, value=//div[text()='High']}]\nCapabilities {acceptInsecureCerts: true, browserName: chrome, browserVersion: 121.0.6167.139, chrome: {chromedriverVersion: 121.0.6167.85 (3f98d690ad7e..., userDataDir: /tmp/.org.chromium.Chromium...}, fedcm:accounts: true, goog:chromeOptions: {debuggerAddress: localhost:36621}, networkConnectionEnabled: false, pageLoadStrategy: normal, platformName: linux, proxy: Proxy(), se:cdp: ws://localhost:36621/devtoo..., se:cdpVersion: 121.0.6167.139, setWindowRect: true, strictFileInteractability: false, timeouts: {implicit: 0, pageLoad: 300000, script: 30000}, unhandledPromptBehavior: accept, webauthn:extension:credBlob: true, webauthn:extension:largeBlob: true, webauthn:extension:minPinLength: true, webauthn:extension:prf: true, webauthn:virtualAuthenticators: true}\nSession ID: 3435b44caf37045702f07ed642e56064\n\tat jdk.internal.reflect.GeneratedConstructorAccessor65.newInstance(Unknown Source)\n\tat java.base/jdk.internal.reflect.DelegatingConstructorAccessorImpl.newInstance(DelegatingConstructorAccessorImpl.java:45)\n\tat java.base/java.lang.reflect.Constructor.newInstance(Constructor.java:490)\n\tat org.openqa.selenium.remote.codec.w3c.W3CHttpResponseCodec.createException(W3CHttpResponseCodec.java:200)\n\tat org.openqa.selenium.remote.codec.w3c.W3CHttpResponseCodec.decode(W3CHttpResponseCodec.java:133)\n\tat org.openqa.selenium.remote.codec.w3c.W3CHttpResponseCodec.decode(W3CHttpResponseCodec.java:52)\n\tat org.openqa.selenium.remote.HttpCommandExecutor.execute(HttpCommandExecutor.java:191)\n\tat org.openqa.selenium.remote.service.DriverCommandExecutor.invokeExecute(DriverCommandExecutor.java:196)\n\tat org.openqa.selenium.remote.service.DriverCommandExecutor.execute(DriverCommandExecutor.java:171)\n\tat org.openqa.selenium.remote.RemoteWebDriver.execute(RemoteWebDriver.java:602)\n\tat org.openqa.selenium.remote.ElementLocation$ElementFinder$2.findElement(ElementLocation.java:165)\n\tat org.openqa.selenium.remote.ElementLocation.findElement(ElementLocation.java:59)\n\tat org.openqa.selenium.remote.RemoteWebDriver.findElement(RemoteWebDriver.java:359)\n\tat org.openqa.selenium.remote.RemoteWebDriver.findElement(RemoteWebDriver.java:353)\n\tat com.codeborne.selenide.impl.WebElementSelector.findElement(WebElementSelector.java:70)\n\tat com.codeborne.selenide.impl.WebElementSelector.findElement(WebElementSelector.java:44)\n\tat com.codeborne.selenide.impl.WebElementSelector.findElement(WebElementSelector.java:33)\n\tat com.codeborne.selenide.impl.ElementFinder.getWebElement(ElementFinder.java:122)\n\tat com.codeborne.selenide.impl.WebElementSource.checkConditionAndReturnElement(WebElementSource.java:116)\n\t... 34 more\n","steps":[{"name":"Generate Project test data","time":{"start":1707759000530,"stop":1707759000531,"duration":1},"status":"passed","steps":[],"attachments":[],"parameters":[],"shouldDisplayMessage":false,"stepsCount":0,"attachmentsCount":0,"hasContent":false},{"name":"Generate Suite test data","time":{"start":1707759000531,"stop":1707759000531,"duration":0},"status":"passed","steps":[],"attachments":[],"parameters":[],"shouldDisplayMessage":false,"stepsCount":0,"attachmentsCount":0,"hasContent":false},{"name":"Generate Test Case test data","time":{"start":1707759000531,"stop":1707759000532,"duration":1},"status":"passed","steps":[{"name":"Generate set of Test Case steps ( 5 steps in set)","time":{"start":1707759000531,"stop":1707759000532,"duration":1},"status":"passed","steps":[],"attachments":[],"parameters":[{"name":"stepsQuantity","value":"5"}],"shouldDisplayMessage":false,"stepsCount":0,"attachmentsCount":0,"hasContent":true}],"attachments":[],"parameters":[],"shouldDisplayMessage":false,"stepsCount":1,"attachmentsCount":0,"hasContent":true},{"name":"[API] Create new Project","time":{"start":1707759000532,"stop":1707759003016,"duration":2484},"status":"passed","steps":[],"attachments":[],"parameters":[{"name":"project","value":"Project(title=Gottlieb, code=STIEDEMANN, description=snail Alyce, access=all, group=test, counts=null, runs=null, defects=null)"}],"shouldDisplayMessage":false,"stepsCount":0,"attachmentsCount":0,"hasContent":true},{"name":"[API] Create Suite for project with code 'STIEDEMANN'","time":{"start":1707759003016,"stop":1707759003262,"duration":246},"status":"passed","steps":[],"attachments":[],"parameters":[{"name":"projectCode","value":"STIEDEMANN"},{"name":"suite","value":"Suite(id=1, title=Harber, description=spider Malinda, preconditions=donkey Gertha, parentId=0, position=0, casesCount=0, created=null, updated=null, createdAt=null, updatedAt=null)"}],"shouldDisplayMessage":false,"stepsCount":0,"attachmentsCount":0,"hasContent":true},{"name":"Open Login page","time":{"start":1707759003262,"stop":1707759003983,"duration":721},"status":"passed","steps":[],"attachments":[],"parameters":[],"shouldDisplayMessage":false,"stepsCount":0,"attachmentsCount":0,"hasContent":false},{"name":"Login by user 'eloiko1.21@gmail.com' with password 'testQa$e123456'","time":{"start":1707759003984,"stop":1707759004407,"duration":423},"status":"passed","steps":[],"attachments":[],"parameters":[{"name":"user","value":"eloiko1.21@gmail.com"},{"name":"password","value":"testQa$e123456"}],"shouldDisplayMessage":false,"stepsCount":0,"attachmentsCount":0,"hasContent":true},{"name":"Wait for page with list of Projects is opened","time":{"start":1707759004407,"stop":1707759006464,"duration":2057},"status":"passed","steps":[],"attachments":[],"parameters":[],"shouldDisplayMessage":false,"stepsCount":0,"attachmentsCount":0,"hasContent":false},{"name":"Open project with Name 'Gottlieb'","time":{"start":1707759006464,"stop":1707759006799,"duration":335},"status":"passed","steps":[],"attachments":[],"parameters":[{"name":"projectName","value":"Gottlieb"}],"shouldDisplayMessage":false,"stepsCount":0,"attachmentsCount":0,"hasContent":true},{"name":"Open create new test case page for suite 'Harber'","time":{"start":1707759006799,"stop":1707759008014,"duration":1215},"status":"passed","steps":[],"attachments":[],"parameters":[{"name":"suiteName","value":"Harber"}],"shouldDisplayMessage":false,"stepsCount":0,"attachmentsCount":0,"hasContent":true},{"name":"Create test case 'Case(id=1, description=alligator Arianne, preconditions=zebra Adah, postconditions=shark Diane, title=Lehner, severity=0, priority=1, behavior=2, type=6, layer=0, isFlaky=0, suiteId=0, milestoneId=null, automation=1, status=1, attachments=[], steps=[Steps(action=camel Myesha, expected_result=worm Glennie, data=otter Sherman, hash=null, position=0, shared_step_hash=null, shared_step_nested_hash=null, attachments=null, steps=null), Steps(action=salmon Delaine, expected_result=gorilla Jasper, data=porcupine Felecia, hash=null, position=0, shared_step_hash=null, shared_step_nested_hash=null, attachments=null, steps=null), Steps(action=cod Heide, expected_result=herring Lynn, data=bat Tracey, hash=null, position=0, shared_step_hash=null, shared_step_nested_hash=null, attachments=null, steps=null), Steps(action=crocodile Luis, expected_result=marten Minda, data=trout Chi, hash=null, position=0, shared_step_hash=null, shared_step_nested_hash=null, attachments=null, steps=null), Steps(action=mink Christiana, expected_result=giraffe Samira, data=lizard Ashleigh, hash=null, position=0, shared_step_hash=null, shared_step_nested_hash=null, attachments=null, steps=null)], tags=null, links=null, params=[], customFields=null, created=null, updated=null, createdAt=null, updatedAt=null, position=0, stepsType=null, memberId=null, authorId=null, deleted=null, isManual=false, isToBeAutomated=false)'","time":{"start":1707759008014,"stop":1707759019518,"duration":11504},"status":"failed","statusMessage":"Element not found {By.xpath: //div[text()='High']}\nExpected: visible\nScreenshot: file:/home/runner/work/QaseIODiplom/QaseIODiplom/build/reports/tests/1707759019289.2.png\nPage source: file:/home/runner/work/QaseIODiplom/QaseIODiplom/build/reports/tests/1707759019289.2.html\nTimeout: 10 s.\nCaused by: NoSuchElementException: no such element: Unable to locate element: {\"method\":\"xpath\",\"selector\":\"//div[text()='High']\"}","statusTrace":"Element not found {By.xpath: //div[text()='High']}\nExpected: visible\nScreenshot: file:/home/runner/work/QaseIODiplom/QaseIODiplom/build/reports/tests/1707759019289.2.png\nPage source: file:/home/runner/work/QaseIODiplom/QaseIODiplom/build/reports/tests/1707759019289.2.html\nTimeout: 10 s.\nCaused by: NoSuchElementException: no such element: Unable to locate element: {\"method\":\"xpath\",\"selector\":\"//div[text()='High']\"}\n\tat com.codeborne.selenide.impl.WebElementSource.createElementNotFoundError(WebElementSource.java:91)\n\tat com.codeborne.selenide.impl.ElementFinder.createElementNotFoundError(ElementFinder.java:142)\n\tat com.codeborne.selenide.impl.WebElementSource.handleError(WebElementSource.java:143)\n\tat com.codeborne.selenide.impl.WebElementSource.checkConditionAndReturnElement(WebElementSource.java:127)\n\tat com.codeborne.selenide.impl.WebElementSource.checkCondition(WebElementSource.java:104)\n\tat com.codeborne.selenide.commands.Should.execute(Should.java:30)\n\tat com.codeborne.selenide.commands.Should.execute(Should.java:14)\n\tat com.codeborne.selenide.commands.Commands.execute(Commands.java:165)\n\tat com.codeborne.selenide.impl.SelenideElementProxy.dispatchAndRetry(SelenideElementProxy.java:132)\n\tat com.codeborne.selenide.impl.SelenideElementProxy.invoke(SelenideElementProxy.java:84)\n\tat com.sun.proxy.$Proxy43.shouldBe(Unknown Source)\n\tat wrappers.DropdownHelper.selectValue(DropdownHelper.java:21)\n\tat pages.TestCasePage.setDropdownValue(TestCasePage.java:26)\n\tat pages.TestCasePage.createTestCase(TestCasePage.java:64)\n\tat tests.TestCaseTest.testCaseShouldBeRemoved(TestCaseTest.java:68)\n\tat java.base/jdk.internal.reflect.NativeMethodAccessorImpl.invoke0(Native Method)\n\tat java.base/jdk.internal.reflect.NativeMethodAccessorImpl.invoke(NativeMethodAccessorImpl.java:62)\n\tat java.base/jdk.internal.reflect.DelegatingMethodAccessorImpl.invoke(DelegatingMethodAccessorImpl.java:43)\n\tat java.base/java.lang.reflect.Method.invoke(Method.java:566)\n\tat org.testng.internal.MethodInvocationHelper.invokeMethod(MethodInvocationHelper.java:133)\n\tat org.testng.internal.TestInvoker.invokeMethod(TestInvoker.java:598)\n\tat org.testng.internal.TestInvoker.retryFailed(TestInvoker.java:213)\n\tat org.testng.internal.MethodRunner.runInSequence(MethodRunner.java:58)\n\tat org.testng.internal.TestInvoker$MethodInvocationAgent.invoke(TestInvoker.java:824)\n\tat org.testng.internal.TestInvoker.invokeTestMethods(TestInvoker.java:146)\n\tat org.testng.internal.TestMethodWorker.invokeTestMethods(TestMethodWorker.java:146)\n\tat org.testng.internal.TestMethodWorker.run(TestMethodWorker.java:128)\n\tat java.base/java.util.ArrayList.forEach(ArrayList.java:1541)\n\tat org.testng.TestRunner.privateRun(TestRunner.java:794)\n\tat org.testng.TestRunner.run(TestRunner.java:596)\n\tat org.testng.SuiteRunner.runTest(SuiteRunner.java:377)\n\tat org.testng.SuiteRunner.access$000(SuiteRunner.java:28)\n\tat org.testng.SuiteRunner$SuiteWorker.run(SuiteRunner.java:418)\n\tat org.testng.internal.thread.ThreadUtil.lambda$execute$0(ThreadUtil.java:64)\n\tat java.base/java.util.concurrent.FutureTask.run(FutureTask.java:264)\n\tat java.base/java.util.concurrent.ThreadPoolExecutor.runWorker(ThreadPoolExecutor.java:1128)\n\tat java.base/java.util.concurrent.ThreadPoolExecutor$Worker.run(ThreadPoolExecutor.java:628)\n\tat java.base/java.lang.Thread.run(Thread.java:829)\nCaused by: org.openqa.selenium.NoSuchElementException: no such element: Unable to locate element: {\"method\":\"xpath\",\"selector\":\"//div[text()='High']\"}\n  (Session info: chrome=121.0.6167.139)\nFor documentation on this error, please visit: https://www.selenium.dev/documentation/webdriver/troubleshooting/errors#no-such-element-exception\nBuild info: version: '4.13.0', revision: 'ba948ece5b*'\nSystem info: os.name: 'Linux', os.arch: 'amd64', os.version: '6.2.0-1019-azure', java.version: '11.0.22'\nDriver info: org.openqa.selenium.chrome.ChromeDriver\nCommand: [3435b44caf37045702f07ed642e56064, findElement {using=xpath, value=//div[text()='High']}]\nCapabilities {acceptInsecureCerts: true, browserName: chrome, browserVersion: 121.0.6167.139, chrome: {chromedriverVersion: 121.0.6167.85 (3f98d690ad7e..., userDataDir: /tmp/.org.chromium.Chromium...}, fedcm:accounts: true, goog:chromeOptions: {debuggerAddress: localhost:36621}, networkConnectionEnabled: false, pageLoadStrategy: normal, platformName: linux, proxy: Proxy(), se:cdp: ws://localhost:36621/devtoo..., se:cdpVersion: 121.0.6167.139, setWindowRect: true, strictFileInteractability: false, timeouts: {implicit: 0, pageLoad: 300000, script: 30000}, unhandledPromptBehavior: accept, webauthn:extension:credBlob: true, webauthn:extension:largeBlob: true, webauthn:extension:minPinLength: true, webauthn:extension:prf: true, webauthn:virtualAuthenticators: true}\nSession ID: 3435b44caf37045702f07ed642e56064\n\tat jdk.internal.reflect.GeneratedConstructorAccessor65.newInstance(Unknown Source)\n\tat java.base/jdk.internal.reflect.DelegatingConstructorAccessorImpl.newInstance(DelegatingConstructorAccessorImpl.java:45)\n\tat java.base/java.lang.reflect.Constructor.newInstance(Constructor.java:490)\n\tat org.openqa.selenium.remote.codec.w3c.W3CHttpResponseCodec.createException(W3CHttpResponseCodec.java:200)\n\tat org.openqa.selenium.remote.codec.w3c.W3CHttpResponseCodec.decode(W3CHttpResponseCodec.java:133)\n\tat org.openqa.selenium.remote.codec.w3c.W3CHttpResponseCodec.decode(W3CHttpResponseCodec.java:52)\n\tat org.openqa.selenium.remote.HttpCommandExecutor.execute(HttpCommandExecutor.java:191)\n\tat org.openqa.selenium.remote.service.DriverCommandExecutor.invokeExecute(DriverCommandExecutor.java:196)\n\tat org.openqa.selenium.remote.service.DriverCommandExecutor.execute(DriverCommandExecutor.java:171)\n\tat org.openqa.selenium.remote.RemoteWebDriver.execute(RemoteWebDriver.java:602)\n\tat org.openqa.selenium.remote.ElementLocation$ElementFinder$2.findElement(ElementLocation.java:165)\n\tat org.openqa.selenium.remote.ElementLocation.findElement(ElementLocation.java:59)\n\tat org.openqa.selenium.remote.RemoteWebDriver.findElement(RemoteWebDriver.java:359)\n\tat org.openqa.selenium.remote.RemoteWebDriver.findElement(RemoteWebDriver.java:353)\n\tat com.codeborne.selenide.impl.WebElementSelector.findElement(WebElementSelector.java:70)\n\tat com.codeborne.selenide.impl.WebElementSelector.findElement(WebElementSelector.java:44)\n\tat com.codeborne.selenide.impl.WebElementSelector.findElement(WebElementSelector.java:33)\n\tat com.codeborne.selenide.impl.ElementFinder.getWebElement(ElementFinder.java:122)\n\tat com.codeborne.selenide.impl.WebElementSource.checkConditionAndReturnElement(WebElementSource.java:116)\n\t... 34 more\n","steps":[{"name":"Set Title of test case 'Lehner'","time":{"start":1707759008015,"stop":1707759008491,"duration":476},"status":"passed","steps":[],"attachments":[],"parameters":[{"name":"tcTitle","value":"Lehner"}],"shouldDisplayMessage":false,"stepsCount":0,"attachmentsCount":0,"hasContent":true},{"name":"Set value 'Draft' in dropdown 'Status' for test case","time":{"start":1707759008491,"stop":1707759008793,"duration":302},"status":"passed","steps":[],"attachments":[],"parameters":[{"name":"label","value":"Status"},{"name":"value","value":"Draft"}],"shouldDisplayMessage":false,"stepsCount":0,"attachmentsCount":0,"hasContent":true},{"name":"Set value 'Not set' in dropdown 'Severity' for test case","time":{"start":1707759008793,"stop":1707759009081,"duration":288},"status":"passed","steps":[],"attachments":[],"parameters":[{"name":"label","value":"Severity"},{"name":"value","value":"Not set"}],"shouldDisplayMessage":false,"stepsCount":0,"attachmentsCount":0,"hasContent":true},{"name":"Set value 'High' in dropdown 'Priority' for test case","time":{"start":1707759009082,"stop":1707759019517,"duration":10435},"status":"failed","statusMessage":"Element not found {By.xpath: //div[text()='High']}\nExpected: visible\nScreenshot: file:/home/runner/work/QaseIODiplom/QaseIODiplom/build/reports/tests/1707759019289.2.png\nPage source: file:/home/runner/work/QaseIODiplom/QaseIODiplom/build/reports/tests/1707759019289.2.html\nTimeout: 10 s.\nCaused by: NoSuchElementException: no such element: Unable to locate element: {\"method\":\"xpath\",\"selector\":\"//div[text()='High']\"}","statusTrace":"Element not found {By.xpath: //div[text()='High']}\nExpected: visible\nScreenshot: file:/home/runner/work/QaseIODiplom/QaseIODiplom/build/reports/tests/1707759019289.2.png\nPage source: file:/home/runner/work/QaseIODiplom/QaseIODiplom/build/reports/tests/1707759019289.2.html\nTimeout: 10 s.\nCaused by: NoSuchElementException: no such element: Unable to locate element: {\"method\":\"xpath\",\"selector\":\"//div[text()='High']\"}\n\tat com.codeborne.selenide.impl.WebElementSource.createElementNotFoundError(WebElementSource.java:91)\n\tat com.codeborne.selenide.impl.ElementFinder.createElementNotFoundError(ElementFinder.java:142)\n\tat com.codeborne.selenide.impl.WebElementSource.handleError(WebElementSource.java:143)\n\tat com.codeborne.selenide.impl.WebElementSource.checkConditionAndReturnElement(WebElementSource.java:127)\n\tat com.codeborne.selenide.impl.WebElementSource.checkCondition(WebElementSource.java:104)\n\tat com.codeborne.selenide.commands.Should.execute(Should.java:30)\n\tat com.codeborne.selenide.commands.Should.execute(Should.java:14)\n\tat com.codeborne.selenide.commands.Commands.execute(Commands.java:165)\n\tat com.codeborne.selenide.impl.SelenideElementProxy.dispatchAndRetry(SelenideElementProxy.java:132)\n\tat com.codeborne.selenide.impl.SelenideElementProxy.invoke(SelenideElementProxy.java:84)\n\tat com.sun.proxy.$Proxy43.shouldBe(Unknown Source)\n\tat wrappers.DropdownHelper.selectValue(DropdownHelper.java:21)\n\tat pages.TestCasePage.setDropdownValue(TestCasePage.java:26)\n\tat pages.TestCasePage.createTestCase(TestCasePage.java:64)\n\tat tests.TestCaseTest.testCaseShouldBeRemoved(TestCaseTest.java:68)\n\tat java.base/jdk.internal.reflect.NativeMethodAccessorImpl.invoke0(Native Method)\n\tat java.base/jdk.internal.reflect.NativeMethodAccessorImpl.invoke(NativeMethodAccessorImpl.java:62)\n\tat java.base/jdk.internal.reflect.DelegatingMethodAccessorImpl.invoke(DelegatingMethodAccessorImpl.java:43)\n\tat java.base/java.lang.reflect.Method.invoke(Method.java:566)\n\tat org.testng.internal.MethodInvocationHelper.invokeMethod(MethodInvocationHelper.java:133)\n\tat org.testng.internal.TestInvoker.invokeMethod(TestInvoker.java:598)\n\tat org.testng.internal.TestInvoker.retryFailed(TestInvoker.java:213)\n\tat org.testng.internal.MethodRunner.runInSequence(MethodRunner.java:58)\n\tat org.testng.internal.TestInvoker$MethodInvocationAgent.invoke(TestInvoker.java:824)\n\tat org.testng.internal.TestInvoker.invokeTestMethods(TestInvoker.java:146)\n\tat org.testng.internal.TestMethodWorker.invokeTestMethods(TestMethodWorker.java:146)\n\tat org.testng.internal.TestMethodWorker.run(TestMethodWorker.java:128)\n\tat java.base/java.util.ArrayList.forEach(ArrayList.java:1541)\n\tat org.testng.TestRunner.privateRun(TestRunner.java:794)\n\tat org.testng.TestRunner.run(TestRunner.java:596)\n\tat org.testng.SuiteRunner.runTest(SuiteRunner.java:377)\n\tat org.testng.SuiteRunner.access$000(SuiteRunner.java:28)\n\tat org.testng.SuiteRunner$SuiteWorker.run(SuiteRunner.java:418)\n\tat org.testng.internal.thread.ThreadUtil.lambda$execute$0(ThreadUtil.java:64)\n\tat java.base/java.util.concurrent.FutureTask.run(FutureTask.java:264)\n\tat java.base/java.util.concurrent.ThreadPoolExecutor.runWorker(ThreadPoolExecutor.java:1128)\n\tat java.base/java.util.concurrent.ThreadPoolExecutor$Worker.run(ThreadPoolExecutor.java:628)\n\tat java.base/java.lang.Thread.run(Thread.java:829)\nCaused by: org.openqa.selenium.NoSuchElementException: no such element: Unable to locate element: {\"method\":\"xpath\",\"selector\":\"//div[text()='High']\"}\n  (Session info: chrome=121.0.6167.139)\nFor documentation on this error, please visit: https://www.selenium.dev/documentation/webdriver/troubleshooting/errors#no-such-element-exception\nBuild info: version: '4.13.0', revision: 'ba948ece5b*'\nSystem info: os.name: 'Linux', os.arch: 'amd64', os.version: '6.2.0-1019-azure', java.version: '11.0.22'\nDriver info: org.openqa.selenium.chrome.ChromeDriver\nCommand: [3435b44caf37045702f07ed642e56064, findElement {using=xpath, value=//div[text()='High']}]\nCapabilities {acceptInsecureCerts: true, browserName: chrome, browserVersion: 121.0.6167.139, chrome: {chromedriverVersion: 121.0.6167.85 (3f98d690ad7e..., userDataDir: /tmp/.org.chromium.Chromium...}, fedcm:accounts: true, goog:chromeOptions: {debuggerAddress: localhost:36621}, networkConnectionEnabled: false, pageLoadStrategy: normal, platformName: linux, proxy: Proxy(), se:cdp: ws://localhost:36621/devtoo..., se:cdpVersion: 121.0.6167.139, setWindowRect: true, strictFileInteractability: false, timeouts: {implicit: 0, pageLoad: 300000, script: 30000}, unhandledPromptBehavior: accept, webauthn:extension:credBlob: true, webauthn:extension:largeBlob: true, webauthn:extension:minPinLength: true, webauthn:extension:prf: true, webauthn:virtualAuthenticators: true}\nSession ID: 3435b44caf37045702f07ed642e56064\n\tat jdk.internal.reflect.GeneratedConstructorAccessor65.newInstance(Unknown Source)\n\tat java.base/jdk.internal.reflect.DelegatingConstructorAccessorImpl.newInstance(DelegatingConstructorAccessorImpl.java:45)\n\tat java.base/java.lang.reflect.Constructor.newInstance(Constructor.java:490)\n\tat org.openqa.selenium.remote.codec.w3c.W3CHttpResponseCodec.createException(W3CHttpResponseCodec.java:200)\n\tat org.openqa.selenium.remote.codec.w3c.W3CHttpResponseCodec.decode(W3CHttpResponseCodec.java:133)\n\tat org.openqa.selenium.remote.codec.w3c.W3CHttpResponseCodec.decode(W3CHttpResponseCodec.java:52)\n\tat org.openqa.selenium.remote.HttpCommandExecutor.execute(HttpCommandExecutor.java:191)\n\tat org.openqa.selenium.remote.service.DriverCommandExecutor.invokeExecute(DriverCommandExecutor.java:196)\n\tat org.openqa.selenium.remote.service.DriverCommandExecutor.execute(DriverCommandExecutor.java:171)\n\tat org.openqa.selenium.remote.RemoteWebDriver.execute(RemoteWebDriver.java:602)\n\tat org.openqa.selenium.remote.ElementLocation$ElementFinder$2.findElement(ElementLocation.java:165)\n\tat org.openqa.selenium.remote.ElementLocation.findElement(ElementLocation.java:59)\n\tat org.openqa.selenium.remote.RemoteWebDriver.findElement(RemoteWebDriver.java:359)\n\tat org.openqa.selenium.remote.RemoteWebDriver.findElement(RemoteWebDriver.java:353)\n\tat com.codeborne.selenide.impl.WebElementSelector.findElement(WebElementSelector.java:70)\n\tat com.codeborne.selenide.impl.WebElementSelector.findElement(WebElementSelector.java:44)\n\tat com.codeborne.selenide.impl.WebElementSelector.findElement(WebElementSelector.java:33)\n\tat com.codeborne.selenide.impl.ElementFinder.getWebElement(ElementFinder.java:122)\n\tat com.codeborne.selenide.impl.WebElementSource.checkConditionAndReturnElement(WebElementSource.java:116)\n\t... 34 more\n","steps":[],"attachments":[],"parameters":[{"name":"label","value":"Priority"},{"name":"value","value":"High"}],"shouldDisplayMessage":true,"stepsCount":0,"attachmentsCount":0,"hasContent":true}],"attachments":[],"parameters":[{"name":"testCase","value":"Case(id=1, description=alligator Arianne, preconditions=zebra Adah, postconditions=shark Diane, title=Lehner, severity=0, priority=1, behavior=2, type=6, layer=0, isFlaky=0, suiteId=0, milestoneId=null, automation=1, status=1, attachments=[], steps=[Steps(action=camel Myesha, expected_result=worm Glennie, data=otter Sherman, hash=null, position=0, shared_step_hash=null, shared_step_nested_hash=null, attachments=null, steps=null), Steps(action=salmon Delaine, expected_result=gorilla Jasper, data=porcupine Felecia, hash=null, position=0, shared_step_hash=null, shared_step_nested_hash=null, attachments=null, steps=null), Steps(action=cod Heide, expected_result=herring Lynn, data=bat Tracey, hash=null, position=0, shared_step_hash=null, shared_step_nested_hash=null, attachments=null, steps=null), Steps(action=crocodile Luis, expected_result=marten Minda, data=trout Chi, hash=null, position=0, shared_step_hash=null, shared_step_nested_hash=null, attachments=null, steps=null), Steps(action=mink Christiana, expected_result=giraffe Samira, data=lizard Ashleigh, hash=null, position=0, shared_step_hash=null, shared_step_nested_hash=null, attachments=null, steps=null)], tags=null, links=null, params=[], customFields=null, created=null, updated=null, createdAt=null, updatedAt=null, position=0, stepsType=null, memberId=null, authorId=null, deleted=null, isManual=false, isToBeAutomated=false)"}],"shouldDisplayMessage":false,"stepsCount":4,"attachmentsCount":0,"hasContent":true}],"attachments":[{"uid":"636e8832e4e3d60d","name":"screenshot","source":"636e8832e4e3d60d.png","type":"image/png","size":141641}],"parameters":[],"shouldDisplayMessage":false,"stepsCount":16,"attachmentsCount":1,"hasContent":true},"afterStages":[{"name":"close","time":{"start":1707759019745,"stop":1707759019863,"duration":118},"description":"","status":"passed","steps":[],"attachments":[],"parameters":[],"shouldDisplayMessage":false,"stepsCount":0,"attachmentsCount":0,"hasContent":false}],"labels":[{"name":"package","value":"tests.TestCaseTest"},{"name":"testClass","value":"tests.TestCaseTest"},{"name":"testMethod","value":"testCaseShouldBeRemoved"},{"name":"parentSuite","value":"QaseIO Smoke Test"},{"name":"suite","value":"Thread #2"},{"name":"subSuite","value":"tests.TestCaseTest"},{"name":"host","value":"fv-az1456-627"},{"name":"thread","value":"2094@fv-az1456-627.TestNG-tests-2(19)"},{"name":"framework","value":"testng"},{"name":"language","value":"java"},{"name":"resultFormat","value":"allure2"}],"parameters":[],"links":[],"hidden":false,"retry":false,"extra":{"severity":"normal","retries":[{"uid":"40fa85d0b1581c53","status":"skipped","statusDetails":"Element not found {By.xpath: //div[text()='High']}\nExpected: visible\nScreenshot: file:/home/runner/work/QaseIODiplom/QaseIODiplom/build/reports/tests/1707758999734.1.png\nPage source: file:/home/runner/work/QaseIODiplom/QaseIODiplom/build/reports/tests/1707758999734.1.html\nTimeout: 10 s.\nCaused by: NoSuchElementException: no such element: Unable to locate element: {\"method\":\"xpath\",\"selector\":\"//div[text()='High']\"}","time":{"start":1707758982091,"stop":1707758999969,"duration":17878}},{"uid":"9de284b027c7fdf3","status":"skipped","statusDetails":"Element not found {By.xpath: //div[text()='High']}\nExpected: visible\nScreenshot: file:/home/runner/work/QaseIODiplom/QaseIODiplom/build/reports/tests/1707758981202.0.png\nPage source: file:/home/runner/work/QaseIODiplom/QaseIODiplom/build/reports/tests/1707758981202.0.html\nTimeout: 10 s.\nCaused by: NoSuchElementException: no such element: Unable to locate element: {\"method\":\"xpath\",\"selector\":\"//div[text()='High']\"}","time":{"start":1707758963399,"stop":1707758981465,"duration":18066}}],"categories":[{"name":"Product defects","matchedStatuses":[],"flaky":false}],"history":{"statistic":{"failed":1,"broken":0,"skipped":0,"passed":8,"unknown":0,"total":9},"items":[{"uid":"ee79bc225bc6e50b","reportUrl":"https://egor-loiko.github.io/QaseIODiplom/26//#testresult/ee79bc225bc6e50b","status":"passed","time":{"start":1707758564344,"stop":1707758585760,"duration":21416}},{"uid":"135fab02318a0e85","reportUrl":"https://egor-loiko.github.io/QaseIODiplom/25//#testresult/135fab02318a0e85","status":"passed","time":{"start":1707755526714,"stop":1707755545623,"duration":18909}},{"uid":"6aa6bd966815a3f9","reportUrl":"https://egor-loiko.github.io/QaseIODiplom/25//#testresult/6aa6bd966815a3f9","status":"passed","time":{"start":1706868616268,"stop":1706868640962,"duration":24694}},{"uid":"581fa26449141cf2","reportUrl":"https://egor-loiko.github.io/QaseIODiplom/25//#testresult/581fa26449141cf2","status":"passed","time":{"start":1706868325571,"stop":1706868346546,"duration":20975}},{"uid":"b37dcc17e5cdbce4","reportUrl":"https://egor-loiko.github.io/QaseIODiplom/24//#testresult/b37dcc17e5cdbce4","status":"passed","time":{"start":1706865759088,"stop":1706865784158,"duration":25070}},{"uid":"722d9016e64ee212","reportUrl":"https://egor-loiko.github.io/QaseIODiplom/24//#testresult/722d9016e64ee212","status":"passed","time":{"start":1706865404883,"stop":1706865423113,"duration":18230}},{"uid":"45184102fdc5316f","reportUrl":"https://egor-loiko.github.io/QaseIODiplom/23//#testresult/45184102fdc5316f","status":"passed","time":{"start":1706774667993,"stop":1706774687186,"duration":19193}},{"uid":"1da26a7e8b6a3b1","reportUrl":"https://egor-loiko.github.io/QaseIODiplom/23//#testresult/1da26a7e8b6a3b1","status":"passed","time":{"start":1706774222458,"stop":1706774242895,"duration":20437}}]},"tags":[]},"source":"dd3f00952f9b7857.json","parameterValues":[]}