{"uid":"df936c7f44c2dc94","name":"Update Test Case","fullName":"tests.TestCaseTest.testCaseShouldBeUpdated","historyId":"e4d1564d5c3d5e73e282521660ed8a7b","time":{"start":1707759495110,"stop":1707759515822,"duration":20712},"status":"failed","statusMessage":"Verification of Test Case is FAILED expected [true] but found [false]","statusTrace":"java.lang.AssertionError: Verification of Test Case is FAILED expected [true] but found [false]\n\tat org.testng.Assert.fail(Assert.java:99)\n\tat org.testng.Assert.failNotEquals(Assert.java:1037)\n\tat org.testng.Assert.assertTrue(Assert.java:45)\n\tat tests.TestCaseTest.testCaseShouldBeUpdated(TestCaseTest.java:52)\n\tat java.base/jdk.internal.reflect.NativeMethodAccessorImpl.invoke0(Native Method)\n\tat java.base/jdk.internal.reflect.NativeMethodAccessorImpl.invoke(NativeMethodAccessorImpl.java:62)\n\tat java.base/jdk.internal.reflect.DelegatingMethodAccessorImpl.invoke(DelegatingMethodAccessorImpl.java:43)\n\tat java.base/java.lang.reflect.Method.invoke(Method.java:566)\n\tat org.testng.internal.MethodInvocationHelper.invokeMethod(MethodInvocationHelper.java:133)\n\tat org.testng.internal.TestInvoker.invokeMethod(TestInvoker.java:598)\n\tat org.testng.internal.TestInvoker.retryFailed(TestInvoker.java:213)\n\tat org.testng.internal.MethodRunner.runInSequence(MethodRunner.java:58)\n\tat org.testng.internal.TestInvoker$MethodInvocationAgent.invoke(TestInvoker.java:824)\n\tat org.testng.internal.TestInvoker.invokeTestMethods(TestInvoker.java:146)\n\tat org.testng.internal.TestMethodWorker.invokeTestMethods(TestMethodWorker.java:146)\n\tat org.testng.internal.TestMethodWorker.run(TestMethodWorker.java:128)\n\tat java.base/java.util.ArrayList.forEach(ArrayList.java:1541)\n\tat org.testng.TestRunner.privateRun(TestRunner.java:794)\n\tat org.testng.TestRunner.run(TestRunner.java:596)\n\tat org.testng.SuiteRunner.runTest(SuiteRunner.java:377)\n\tat org.testng.SuiteRunner.access$000(SuiteRunner.java:28)\n\tat org.testng.SuiteRunner$SuiteWorker.run(SuiteRunner.java:418)\n\tat org.testng.internal.thread.ThreadUtil.lambda$execute$0(ThreadUtil.java:64)\n\tat java.base/java.util.concurrent.FutureTask.run(FutureTask.java:264)\n\tat java.base/java.util.concurrent.ThreadPoolExecutor.runWorker(ThreadPoolExecutor.java:1128)\n\tat java.base/java.util.concurrent.ThreadPoolExecutor$Worker.run(ThreadPoolExecutor.java:628)\n\tat java.base/java.lang.Thread.run(Thread.java:829)\n","flaky":true,"newFailed":true,"newBroken":false,"newPassed":false,"retriesCount":2,"retriesStatusChange":true,"beforeStages":[{"name":"Browser setup","time":{"start":1707759494617,"stop":1707759495108,"duration":491},"description":"Browser setup","status":"passed","steps":[],"attachments":[],"parameters":[],"shouldDisplayMessage":false,"stepsCount":0,"attachmentsCount":0,"hasContent":false}],"testStage":{"status":"failed","statusMessage":"Verification of Test Case is FAILED expected [true] but found [false]","statusTrace":"java.lang.AssertionError: Verification of Test Case is FAILED expected [true] but found [false]\n\tat org.testng.Assert.fail(Assert.java:99)\n\tat org.testng.Assert.failNotEquals(Assert.java:1037)\n\tat org.testng.Assert.assertTrue(Assert.java:45)\n\tat tests.TestCaseTest.testCaseShouldBeUpdated(TestCaseTest.java:52)\n\tat java.base/jdk.internal.reflect.NativeMethodAccessorImpl.invoke0(Native Method)\n\tat java.base/jdk.internal.reflect.NativeMethodAccessorImpl.invoke(NativeMethodAccessorImpl.java:62)\n\tat java.base/jdk.internal.reflect.DelegatingMethodAccessorImpl.invoke(DelegatingMethodAccessorImpl.java:43)\n\tat java.base/java.lang.reflect.Method.invoke(Method.java:566)\n\tat org.testng.internal.MethodInvocationHelper.invokeMethod(MethodInvocationHelper.java:133)\n\tat org.testng.internal.TestInvoker.invokeMethod(TestInvoker.java:598)\n\tat org.testng.internal.TestInvoker.retryFailed(TestInvoker.java:213)\n\tat org.testng.internal.MethodRunner.runInSequence(MethodRunner.java:58)\n\tat org.testng.internal.TestInvoker$MethodInvocationAgent.invoke(TestInvoker.java:824)\n\tat org.testng.internal.TestInvoker.invokeTestMethods(TestInvoker.java:146)\n\tat org.testng.internal.TestMethodWorker.invokeTestMethods(TestMethodWorker.java:146)\n\tat org.testng.internal.TestMethodWorker.run(TestMethodWorker.java:128)\n\tat java.base/java.util.ArrayList.forEach(ArrayList.java:1541)\n\tat org.testng.TestRunner.privateRun(TestRunner.java:794)\n\tat org.testng.TestRunner.run(TestRunner.java:596)\n\tat org.testng.SuiteRunner.runTest(SuiteRunner.java:377)\n\tat org.testng.SuiteRunner.access$000(SuiteRunner.java:28)\n\tat org.testng.SuiteRunner$SuiteWorker.run(SuiteRunner.java:418)\n\tat org.testng.internal.thread.ThreadUtil.lambda$execute$0(ThreadUtil.java:64)\n\tat java.base/java.util.concurrent.FutureTask.run(FutureTask.java:264)\n\tat java.base/java.util.concurrent.ThreadPoolExecutor.runWorker(ThreadPoolExecutor.java:1128)\n\tat java.base/java.util.concurrent.ThreadPoolExecutor$Worker.run(ThreadPoolExecutor.java:628)\n\tat java.base/java.lang.Thread.run(Thread.java:829)\n","steps":[{"name":"Generate Project test data","time":{"start":1707759495111,"stop":1707759495111,"duration":0},"status":"passed","steps":[],"attachments":[],"parameters":[],"shouldDisplayMessage":false,"stepsCount":0,"attachmentsCount":0,"hasContent":false},{"name":"Generate Suite test data","time":{"start":1707759495111,"stop":1707759495111,"duration":0},"status":"passed","steps":[],"attachments":[],"parameters":[],"shouldDisplayMessage":false,"stepsCount":0,"attachmentsCount":0,"hasContent":false},{"name":"Generate Test Case test data","time":{"start":1707759495111,"stop":1707759495112,"duration":1},"status":"passed","steps":[{"name":"Generate set of Test Case steps ( 5 steps in set)","time":{"start":1707759495112,"stop":1707759495112,"duration":0},"status":"passed","steps":[],"attachments":[],"parameters":[{"name":"stepsQuantity","value":"5"}],"shouldDisplayMessage":false,"stepsCount":0,"attachmentsCount":0,"hasContent":true}],"attachments":[],"parameters":[],"shouldDisplayMessage":false,"stepsCount":1,"attachmentsCount":0,"hasContent":true},{"name":"Generate Test Case test data","time":{"start":1707759495112,"stop":1707759495113,"duration":1},"status":"passed","steps":[{"name":"Generate set of Test Case steps ( 5 steps in set)","time":{"start":1707759495113,"stop":1707759495113,"duration":0},"status":"passed","steps":[],"attachments":[],"parameters":[{"name":"stepsQuantity","value":"5"}],"shouldDisplayMessage":false,"stepsCount":0,"attachmentsCount":0,"hasContent":true}],"attachments":[],"parameters":[],"shouldDisplayMessage":false,"stepsCount":1,"attachmentsCount":0,"hasContent":true},{"name":"[API] Create new Project","time":{"start":1707759495113,"stop":1707759495612,"duration":499},"status":"passed","steps":[],"attachments":[],"parameters":[{"name":"project","value":"Project(title=Heaney, code=KONOPELSKI, description=oyster Alma, access=all, group=test, counts=null, runs=null, defects=null)"}],"shouldDisplayMessage":false,"stepsCount":0,"attachmentsCount":0,"hasContent":true},{"name":"[API] Create Suite for project with code 'KONOPELSKI'","time":{"start":1707759495612,"stop":1707759495910,"duration":298},"status":"passed","steps":[],"attachments":[],"parameters":[{"name":"projectCode","value":"KONOPELSKI"},{"name":"suite","value":"Suite(id=1, title=Leuschke, description=buffalo Buck, preconditions=elk Alex, parentId=0, position=0, casesCount=0, created=null, updated=null, createdAt=null, updatedAt=null)"}],"shouldDisplayMessage":false,"stepsCount":0,"attachmentsCount":0,"hasContent":true},{"name":"Open Login page","time":{"start":1707759495910,"stop":1707759496713,"duration":803},"status":"passed","steps":[],"attachments":[],"parameters":[],"shouldDisplayMessage":false,"stepsCount":0,"attachmentsCount":0,"hasContent":false},{"name":"Login by user 'eloiko1.21@gmail.com' with password 'testQa$e123456'","time":{"start":1707759496713,"stop":1707759497064,"duration":351},"status":"passed","steps":[],"attachments":[],"parameters":[{"name":"user","value":"eloiko1.21@gmail.com"},{"name":"password","value":"testQa$e123456"}],"shouldDisplayMessage":false,"stepsCount":0,"attachmentsCount":0,"hasContent":true},{"name":"Wait for page with list of Projects is opened","time":{"start":1707759497064,"stop":1707759499484,"duration":2420},"status":"passed","steps":[],"attachments":[],"parameters":[],"shouldDisplayMessage":false,"stepsCount":0,"attachmentsCount":0,"hasContent":false},{"name":"Open project with Name 'Heaney'","time":{"start":1707759499484,"stop":1707759499849,"duration":365},"status":"passed","steps":[],"attachments":[],"parameters":[{"name":"projectName","value":"Heaney"}],"shouldDisplayMessage":false,"stepsCount":0,"attachmentsCount":0,"hasContent":true},{"name":"Open create new test case page for suite 'Leuschke'","time":{"start":1707759499849,"stop":1707759501260,"duration":1411},"status":"passed","steps":[],"attachments":[],"parameters":[{"name":"suiteName","value":"Leuschke"}],"shouldDisplayMessage":false,"stepsCount":0,"attachmentsCount":0,"hasContent":true},{"name":"Create test case 'Case(id=1, description=cockroach Apolonia, preconditions=duck Ezra, postconditions=squirrel Ma, title=Hagenes, severity=4, priority=2, behavior=1, type=8, layer=1, isFlaky=0, suiteId=0, milestoneId=null, automation=0, status=0, attachments=[], steps=[Steps(action=otter Joie, expected_result=baboon Melodie, data=manatee Mack, hash=null, position=0, shared_step_hash=null, shared_step_nested_hash=null, attachments=null, steps=null), Steps(action=turtle  Lindsey, expected_result=sardine Brendon, data=rabbit Ricardo, hash=null, position=0, shared_step_hash=null, shared_step_nested_hash=null, attachments=null, steps=null), Steps(action=salmon Jame, expected_result=eel Morgan, data=scorpion Galen, hash=null, position=0, shared_step_hash=null, shared_step_nested_hash=null, attachments=null, steps=null), Steps(action=wolf Tricia, expected_result=mosquito Ramiro, data=jellyfish Rudolph, hash=null, position=0, shared_step_hash=null, shared_step_nested_hash=null, attachments=null, steps=null), Steps(action=panda Bret, expected_result=snake Yulanda, data=locust Carmelita, hash=null, position=0, shared_step_hash=null, shared_step_nested_hash=null, attachments=null, steps=null)], tags=null, links=null, params=[], customFields=null, created=null, updated=null, createdAt=null, updatedAt=null, position=0, stepsType=null, memberId=null, authorId=null, deleted=null, isManual=false, isToBeAutomated=false)'","time":{"start":1707759501261,"stop":1707759509286,"duration":8025},"status":"passed","steps":[{"name":"Set Title of test case 'Hagenes'","time":{"start":1707759501261,"stop":1707759501725,"duration":464},"status":"passed","steps":[],"attachments":[],"parameters":[{"name":"tcTitle","value":"Hagenes"}],"shouldDisplayMessage":false,"stepsCount":0,"attachmentsCount":0,"hasContent":true},{"name":"Set value 'Actual' in dropdown 'Status' for test case","time":{"start":1707759501725,"stop":1707759502032,"duration":307},"status":"passed","steps":[],"attachments":[],"parameters":[{"name":"label","value":"Status"},{"name":"value","value":"Actual"}],"shouldDisplayMessage":false,"stepsCount":0,"attachmentsCount":0,"hasContent":true},{"name":"Set value 'Normal' in dropdown 'Severity' for test case","time":{"start":1707759502033,"stop":1707759502316,"duration":283},"status":"passed","steps":[],"attachments":[],"parameters":[{"name":"label","value":"Severity"},{"name":"value","value":"Normal"}],"shouldDisplayMessage":false,"stepsCount":0,"attachmentsCount":0,"hasContent":true},{"name":"Set value 'Medium' in dropdown 'Priority' for test case","time":{"start":1707759502316,"stop":1707759502624,"duration":308},"status":"passed","steps":[],"attachments":[],"parameters":[{"name":"label","value":"Priority"},{"name":"value","value":"Medium"}],"shouldDisplayMessage":false,"stepsCount":0,"attachmentsCount":0,"hasContent":true},{"name":"Set value 'Compatibility' in dropdown 'Type' for test case","time":{"start":1707759502624,"stop":1707759502928,"duration":304},"status":"passed","steps":[],"attachments":[],"parameters":[{"name":"label","value":"Type"},{"name":"value","value":"Compatibility"}],"shouldDisplayMessage":false,"stepsCount":0,"attachmentsCount":0,"hasContent":true},{"name":"Set value 'E2E' in dropdown 'Layer' for test case","time":{"start":1707759502929,"stop":1707759503215,"duration":286},"status":"passed","steps":[],"attachments":[],"parameters":[{"name":"label","value":"Layer"},{"name":"value","value":"E2E"}],"shouldDisplayMessage":false,"stepsCount":0,"attachmentsCount":0,"hasContent":true},{"name":"Set value 'No' in dropdown 'Is flaky' for test case","time":{"start":1707759503215,"stop":1707759503485,"duration":270},"status":"passed","steps":[],"attachments":[],"parameters":[{"name":"label","value":"Is flaky"},{"name":"value","value":"No"}],"shouldDisplayMessage":false,"stepsCount":0,"attachmentsCount":0,"hasContent":true},{"name":"Set value 'Positive' in dropdown 'Behavior' for test case","time":{"start":1707759503485,"stop":1707759503766,"duration":281},"status":"passed","steps":[],"attachments":[],"parameters":[{"name":"label","value":"Behavior"},{"name":"value","value":"Positive"}],"shouldDisplayMessage":false,"stepsCount":0,"attachmentsCount":0,"hasContent":true},{"name":"Set value 'Manual' in dropdown 'Automation status' for test case","time":{"start":1707759503766,"stop":1707759504038,"duration":272},"status":"passed","steps":[],"attachments":[],"parameters":[{"name":"label","value":"Automation status"},{"name":"value","value":"Manual"}],"shouldDisplayMessage":false,"stepsCount":0,"attachmentsCount":0,"hasContent":true},{"name":"Add Test Case step with Step Action 'otter Joie' Data 'manatee Mack' and Expected Result 'baboon Melodie'","time":{"start":1707759504038,"stop":1707759505078,"duration":1040},"status":"passed","steps":[],"attachments":[],"parameters":[{"name":"stepAction","value":"otter Joie"},{"name":"data","value":"manatee Mack"},{"name":"expectedResult","value":"baboon Melodie"}],"shouldDisplayMessage":false,"stepsCount":0,"attachmentsCount":0,"hasContent":true},{"name":"Add Test Case step with Step Action 'turtle  Lindsey' Data 'rabbit Ricardo' and Expected Result 'sardine Brendon'","time":{"start":1707759505079,"stop":1707759506070,"duration":991},"status":"passed","steps":[],"attachments":[],"parameters":[{"name":"stepAction","value":"turtle  Lindsey"},{"name":"data","value":"rabbit Ricardo"},{"name":"expectedResult","value":"sardine Brendon"}],"shouldDisplayMessage":false,"stepsCount":0,"attachmentsCount":0,"hasContent":true},{"name":"Add Test Case step with Step Action 'salmon Jame' Data 'scorpion Galen' and Expected Result 'eel Morgan'","time":{"start":1707759506071,"stop":1707759507207,"duration":1136},"status":"passed","steps":[],"attachments":[],"parameters":[{"name":"stepAction","value":"salmon Jame"},{"name":"data","value":"scorpion Galen"},{"name":"expectedResult","value":"eel Morgan"}],"shouldDisplayMessage":false,"stepsCount":0,"attachmentsCount":0,"hasContent":true},{"name":"Add Test Case step with Step Action 'wolf Tricia' Data 'jellyfish Rudolph' and Expected Result 'mosquito Ramiro'","time":{"start":1707759507207,"stop":1707759508196,"duration":989},"status":"passed","steps":[],"attachments":[],"parameters":[{"name":"stepAction","value":"wolf Tricia"},{"name":"data","value":"jellyfish Rudolph"},{"name":"expectedResult","value":"mosquito Ramiro"}],"shouldDisplayMessage":false,"stepsCount":0,"attachmentsCount":0,"hasContent":true},{"name":"Add Test Case step with Step Action 'panda Bret' Data 'locust Carmelita' and Expected Result 'snake Yulanda'","time":{"start":1707759508196,"stop":1707759509206,"duration":1010},"status":"passed","steps":[],"attachments":[],"parameters":[{"name":"stepAction","value":"panda Bret"},{"name":"data","value":"locust Carmelita"},{"name":"expectedResult","value":"snake Yulanda"}],"shouldDisplayMessage":false,"stepsCount":0,"attachmentsCount":0,"hasContent":true},{"name":"Save Test Case","time":{"start":1707759509206,"stop":1707759509286,"duration":80},"status":"passed","steps":[],"attachments":[],"parameters":[],"shouldDisplayMessage":false,"stepsCount":0,"attachmentsCount":0,"hasContent":false}],"attachments":[],"parameters":[{"name":"testCase","value":"Case(id=1, description=cockroach Apolonia, preconditions=duck Ezra, postconditions=squirrel Ma, title=Hagenes, severity=4, priority=2, behavior=1, type=8, layer=1, isFlaky=0, suiteId=0, milestoneId=null, automation=0, status=0, attachments=[], steps=[Steps(action=otter Joie, expected_result=baboon Melodie, data=manatee Mack, hash=null, position=0, shared_step_hash=null, shared_step_nested_hash=null, attachments=null, steps=null), Steps(action=turtle  Lindsey, expected_result=sardine Brendon, data=rabbit Ricardo, hash=null, position=0, shared_step_hash=null, shared_step_nested_hash=null, attachments=null, steps=null), Steps(action=salmon Jame, expected_result=eel Morgan, data=scorpion Galen, hash=null, position=0, shared_step_hash=null, shared_step_nested_hash=null, attachments=null, steps=null), Steps(action=wolf Tricia, expected_result=mosquito Ramiro, data=jellyfish Rudolph, hash=null, position=0, shared_step_hash=null, shared_step_nested_hash=null, attachments=null, steps=null), Steps(action=panda Bret, expected_result=snake Yulanda, data=locust Carmelita, hash=null, position=0, shared_step_hash=null, shared_step_nested_hash=null, attachments=null, steps=null)], tags=null, links=null, params=[], customFields=null, created=null, updated=null, createdAt=null, updatedAt=null, position=0, stepsType=null, memberId=null, authorId=null, deleted=null, isManual=false, isToBeAutomated=false)"}],"shouldDisplayMessage":false,"stepsCount":15,"attachmentsCount":0,"hasContent":true},{"name":"Open test case with name 'Hagenes' for Editing","time":{"start":1707759509286,"stop":1707759510733,"duration":1447},"status":"passed","steps":[],"attachments":[],"parameters":[{"name":"testCaseName","value":"Hagenes"}],"shouldDisplayMessage":false,"stepsCount":0,"attachmentsCount":0,"hasContent":true},{"name":"Update test case 'Case(id=1, description=minnow Karen, preconditions=antelope Hilton, postconditions=impala Pok, title=Hills, severity=5, priority=0, behavior=2, type=6, layer=2, isFlaky=0, suiteId=0, milestoneId=null, automation=0, status=1, attachments=[], steps=[Steps(action=hippopotamus Doyle, expected_result=antelope Jeffie, data=coyote Katie, hash=null, position=0, shared_step_hash=null, shared_step_nested_hash=null, attachments=null, steps=null), Steps(action=lizard Petronila, expected_result=wombat Hank, data=locust Euna, hash=null, position=0, shared_step_hash=null, shared_step_nested_hash=null, attachments=null, steps=null), Steps(action=rat Antonia, expected_result=turtle  Margeret, data=dinosaur Fletcher, hash=null, position=0, shared_step_hash=null, shared_step_nested_hash=null, attachments=null, steps=null), Steps(action=trout Toby, expected_result=goose Florencio, data=kangaroo Evon, hash=null, position=0, shared_step_hash=null, shared_step_nested_hash=null, attachments=null, steps=null), Steps(action=cattle Jake, expected_result=wallaby Carly, data=camel Paula, hash=null, position=0, shared_step_hash=null, shared_step_nested_hash=null, attachments=null, steps=null)], tags=null, links=null, params=[], customFields=null, created=null, updated=null, createdAt=null, updatedAt=null, position=0, stepsType=null, memberId=null, authorId=null, deleted=null, isManual=false, isToBeAutomated=false)'","time":{"start":1707759510733,"stop":1707759513675,"duration":2942},"status":"passed","steps":[{"name":"Set Title of test case 'Hills'","time":{"start":1707759510733,"stop":1707759511335,"duration":602},"status":"passed","steps":[],"attachments":[],"parameters":[{"name":"tcTitle","value":"Hills"}],"shouldDisplayMessage":false,"stepsCount":0,"attachmentsCount":0,"hasContent":true},{"name":"Set value 'Draft' in dropdown 'Status' for test case","time":{"start":1707759511335,"stop":1707759511639,"duration":304},"status":"passed","steps":[],"attachments":[],"parameters":[{"name":"label","value":"Status"},{"name":"value","value":"Draft"}],"shouldDisplayMessage":false,"stepsCount":0,"attachmentsCount":0,"hasContent":true},{"name":"Set value 'Minor' in dropdown 'Severity' for test case","time":{"start":1707759511639,"stop":1707759511923,"duration":284},"status":"passed","steps":[],"attachments":[],"parameters":[{"name":"label","value":"Severity"},{"name":"value","value":"Minor"}],"shouldDisplayMessage":false,"stepsCount":0,"attachmentsCount":0,"hasContent":true},{"name":"Set value 'Not set' in dropdown 'Priority' for test case","time":{"start":1707759511923,"stop":1707759512207,"duration":284},"status":"passed","steps":[],"attachments":[],"parameters":[{"name":"label","value":"Priority"},{"name":"value","value":"Not set"}],"shouldDisplayMessage":false,"stepsCount":0,"attachmentsCount":0,"hasContent":true},{"name":"Set value 'Performance' in dropdown 'Type' for test case","time":{"start":1707759512207,"stop":1707759512506,"duration":299},"status":"passed","steps":[],"attachments":[],"parameters":[{"name":"label","value":"Type"},{"name":"value","value":"Performance"}],"shouldDisplayMessage":false,"stepsCount":0,"attachmentsCount":0,"hasContent":true},{"name":"Set value 'API' in dropdown 'Layer' for test case","time":{"start":1707759512506,"stop":1707759512789,"duration":283},"status":"passed","steps":[],"attachments":[],"parameters":[{"name":"label","value":"Layer"},{"name":"value","value":"API"}],"shouldDisplayMessage":false,"stepsCount":0,"attachmentsCount":0,"hasContent":true},{"name":"Set value 'No' in dropdown 'Is flaky' for test case","time":{"start":1707759512789,"stop":1707759513055,"duration":266},"status":"passed","steps":[],"attachments":[],"parameters":[{"name":"label","value":"Is flaky"},{"name":"value","value":"No"}],"shouldDisplayMessage":false,"stepsCount":0,"attachmentsCount":0,"hasContent":true},{"name":"Set value 'Negative' in dropdown 'Behavior' for test case","time":{"start":1707759513055,"stop":1707759513339,"duration":284},"status":"passed","steps":[],"attachments":[],"parameters":[{"name":"label","value":"Behavior"},{"name":"value","value":"Negative"}],"shouldDisplayMessage":false,"stepsCount":0,"attachmentsCount":0,"hasContent":true},{"name":"Set value 'Manual' in dropdown 'Automation status' for test case","time":{"start":1707759513339,"stop":1707759513615,"duration":276},"status":"passed","steps":[],"attachments":[],"parameters":[{"name":"label","value":"Automation status"},{"name":"value","value":"Manual"}],"shouldDisplayMessage":false,"stepsCount":0,"attachmentsCount":0,"hasContent":true},{"name":"Save Test Case","time":{"start":1707759513615,"stop":1707759513675,"duration":60},"status":"passed","steps":[],"attachments":[],"parameters":[],"shouldDisplayMessage":false,"stepsCount":0,"attachmentsCount":0,"hasContent":false}],"attachments":[],"parameters":[{"name":"testCase","value":"Case(id=1, description=minnow Karen, preconditions=antelope Hilton, postconditions=impala Pok, title=Hills, severity=5, priority=0, behavior=2, type=6, layer=2, isFlaky=0, suiteId=0, milestoneId=null, automation=0, status=1, attachments=[], steps=[Steps(action=hippopotamus Doyle, expected_result=antelope Jeffie, data=coyote Katie, hash=null, position=0, shared_step_hash=null, shared_step_nested_hash=null, attachments=null, steps=null), Steps(action=lizard Petronila, expected_result=wombat Hank, data=locust Euna, hash=null, position=0, shared_step_hash=null, shared_step_nested_hash=null, attachments=null, steps=null), Steps(action=rat Antonia, expected_result=turtle  Margeret, data=dinosaur Fletcher, hash=null, position=0, shared_step_hash=null, shared_step_nested_hash=null, attachments=null, steps=null), Steps(action=trout Toby, expected_result=goose Florencio, data=kangaroo Evon, hash=null, position=0, shared_step_hash=null, shared_step_nested_hash=null, attachments=null, steps=null), Steps(action=cattle Jake, expected_result=wallaby Carly, data=camel Paula, hash=null, position=0, shared_step_hash=null, shared_step_nested_hash=null, attachments=null, steps=null)], tags=null, links=null, params=[], customFields=null, created=null, updated=null, createdAt=null, updatedAt=null, position=0, stepsType=null, memberId=null, authorId=null, deleted=null, isManual=false, isToBeAutomated=false)"}],"shouldDisplayMessage":false,"stepsCount":10,"attachmentsCount":0,"hasContent":true},{"name":"Open test case with name 'Hills' for Editing","time":{"start":1707759513675,"stop":1707759514959,"duration":1284},"status":"passed","steps":[],"attachments":[],"parameters":[{"name":"testCaseName","value":"Hills"}],"shouldDisplayMessage":false,"stepsCount":0,"attachmentsCount":0,"hasContent":true},{"name":"Verify test case 'Case(id=1, description=minnow Karen, preconditions=antelope Hilton, postconditions=impala Pok, title=Hills, severity=5, priority=0, behavior=2, type=6, layer=2, isFlaky=0, suiteId=0, milestoneId=null, automation=0, status=1, attachments=[], steps=[Steps(action=hippopotamus Doyle, expected_result=antelope Jeffie, data=coyote Katie, hash=null, position=0, shared_step_hash=null, shared_step_nested_hash=null, attachments=null, steps=null), Steps(action=lizard Petronila, expected_result=wombat Hank, data=locust Euna, hash=null, position=0, shared_step_hash=null, shared_step_nested_hash=null, attachments=null, steps=null), Steps(action=rat Antonia, expected_result=turtle  Margeret, data=dinosaur Fletcher, hash=null, position=0, shared_step_hash=null, shared_step_nested_hash=null, attachments=null, steps=null), Steps(action=trout Toby, expected_result=goose Florencio, data=kangaroo Evon, hash=null, position=0, shared_step_hash=null, shared_step_nested_hash=null, attachments=null, steps=null), Steps(action=cattle Jake, expected_result=wallaby Carly, data=camel Paula, hash=null, position=0, shared_step_hash=null, shared_step_nested_hash=null, attachments=null, steps=null)], tags=null, links=null, params=[], customFields=null, created=null, updated=null, createdAt=null, updatedAt=null, position=0, stepsType=null, memberId=null, authorId=null, deleted=null, isManual=false, isToBeAutomated=false)' filled correctly","time":{"start":1707759514959,"stop":1707759515583,"duration":624},"status":"passed","steps":[{"name":"Get test case title","time":{"start":1707759514959,"stop":1707759515483,"duration":524},"status":"passed","steps":[],"attachments":[],"parameters":[],"shouldDisplayMessage":false,"stepsCount":0,"attachmentsCount":0,"hasContent":false},{"name":"Get value from dropdown 'Status' for test case","time":{"start":1707759515483,"stop":1707759515521,"duration":38},"status":"passed","steps":[],"attachments":[],"parameters":[{"name":"label","value":"Status"}],"shouldDisplayMessage":false,"stepsCount":0,"attachmentsCount":0,"hasContent":true},{"name":"Get value from dropdown 'Severity' for test case","time":{"start":1707759515521,"stop":1707759515554,"duration":33},"status":"passed","steps":[],"attachments":[],"parameters":[{"name":"label","value":"Severity"}],"shouldDisplayMessage":false,"stepsCount":0,"attachmentsCount":0,"hasContent":true},{"name":"Get value from dropdown 'Priority' for test case","time":{"start":1707759515554,"stop":1707759515583,"duration":29},"status":"passed","steps":[],"attachments":[],"parameters":[{"name":"label","value":"Priority"}],"shouldDisplayMessage":false,"stepsCount":0,"attachmentsCount":0,"hasContent":true}],"attachments":[],"parameters":[{"name":"testCase","value":"Case(id=1, description=minnow Karen, preconditions=antelope Hilton, postconditions=impala Pok, title=Hills, severity=5, priority=0, behavior=2, type=6, layer=2, isFlaky=0, suiteId=0, milestoneId=null, automation=0, status=1, attachments=[], steps=[Steps(action=hippopotamus Doyle, expected_result=antelope Jeffie, data=coyote Katie, hash=null, position=0, shared_step_hash=null, shared_step_nested_hash=null, attachments=null, steps=null), Steps(action=lizard Petronila, expected_result=wombat Hank, data=locust Euna, hash=null, position=0, shared_step_hash=null, shared_step_nested_hash=null, attachments=null, steps=null), Steps(action=rat Antonia, expected_result=turtle  Margeret, data=dinosaur Fletcher, hash=null, position=0, shared_step_hash=null, shared_step_nested_hash=null, attachments=null, steps=null), Steps(action=trout Toby, expected_result=goose Florencio, data=kangaroo Evon, hash=null, position=0, shared_step_hash=null, shared_step_nested_hash=null, attachments=null, steps=null), Steps(action=cattle Jake, expected_result=wallaby Carly, data=camel Paula, hash=null, position=0, shared_step_hash=null, shared_step_nested_hash=null, attachments=null, steps=null)], tags=null, links=null, params=[], customFields=null, created=null, updated=null, createdAt=null, updatedAt=null, position=0, stepsType=null, memberId=null, authorId=null, deleted=null, isManual=false, isToBeAutomated=false)"}],"shouldDisplayMessage":false,"stepsCount":4,"attachmentsCount":0,"hasContent":true}],"attachments":[{"uid":"d1a7e657228e7e4","name":"screenshot","source":"d1a7e657228e7e4.png","type":"image/png","size":162485}],"parameters":[],"shouldDisplayMessage":true,"stepsCount":47,"attachmentsCount":1,"hasContent":true},"afterStages":[{"name":"close","time":{"start":1707759515823,"stop":1707759515924,"duration":101},"description":"","status":"passed","steps":[],"attachments":[],"parameters":[],"shouldDisplayMessage":false,"stepsCount":0,"attachmentsCount":0,"hasContent":false}],"labels":[{"name":"package","value":"tests.TestCaseTest"},{"name":"testClass","value":"tests.TestCaseTest"},{"name":"testMethod","value":"testCaseShouldBeUpdated"},{"name":"parentSuite","value":"QaseIO Smoke Test"},{"name":"suite","value":"Thread #2"},{"name":"subSuite","value":"tests.TestCaseTest"},{"name":"host","value":"fv-az695-403"},{"name":"thread","value":"2119@fv-az695-403.TestNG-tests-2(19)"},{"name":"framework","value":"testng"},{"name":"language","value":"java"},{"name":"resultFormat","value":"allure2"}],"parameters":[],"links":[],"hidden":false,"retry":false,"extra":{"severity":"normal","retries":[{"uid":"cadcb9b982a90810","status":"skipped","statusDetails":"invalid selector: Unable to locate an element with the xpath expression //div[@data-suite-body-id]//div[text()='O'Hara'] because of the following error:\nSyntaxError: Failed to execute 'evaluate' on 'Document': The string '//div[@data-suite-body-id]//div[text()='O'Hara']' is not a valid XPath expression.\n  (Session info: chrome=121.0.6167.139)\nFor documentation on this error, please visit: https://www.selenium.dev/documentation/webdriver/troubleshooting/errors#invalid-selector-exception\nBuild info: version: '4.13.0', revision: 'ba948ece5b*'\nSystem info: os.name: 'Linux', os.arch: 'amd64', os.version: '6.2.0-1019-azure', java.version: '11.0.22'\nDriver info: org.openqa.selenium.chrome.ChromeDriver\nCommand: [93df09592f3550d42e8861bd24294f48, findElement {using=xpath, value=//div[@data-suite-body-id]//div[text()='O'Hara']}]\nCapabilities {acceptInsecureCerts: true, browserName: chrome, browserVersion: 121.0.6167.139, chrome: {chromedriverVersion: 121.0.6167.85 (3f98d690ad7e..., userDataDir: /tmp/.org.chromium.Chromium...}, fedcm:accounts: true, goog:chromeOptions: {debuggerAddress: localhost:42095}, networkConnectionEnabled: false, pageLoadStrategy: normal, platformName: linux, proxy: Proxy(), se:cdp: ws://localhost:42095/devtoo..., se:cdpVersion: 121.0.6167.139, setWindowRect: true, strictFileInteractability: false, timeouts: {implicit: 0, pageLoad: 300000, script: 30000}, unhandledPromptBehavior: accept, webauthn:extension:credBlob: true, webauthn:extension:largeBlob: true, webauthn:extension:minPinLength: true, webauthn:extension:prf: true, webauthn:virtualAuthenticators: true}\nSession ID: 93df09592f3550d42e8861bd24294f48","time":{"start":1707759474038,"stop":1707759494512,"duration":20474}},{"uid":"8f1dcb24fa8a0793","status":"skipped","statusDetails":"Element not found {By.xpath: //div[text()='High']}\nExpected: visible\nScreenshot: file:/home/runner/work/QaseIODiplom/QaseIODiplom/build/reports/tests/1707759473267.0.png\nPage source: file:/home/runner/work/QaseIODiplom/QaseIODiplom/build/reports/tests/1707759473267.0.html\nTimeout: 10 s.\nCaused by: NoSuchElementException: no such element: Unable to locate element: {\"method\":\"xpath\",\"selector\":\"//div[text()='High']\"}","time":{"start":1707759455125,"stop":1707759473518,"duration":18393}}],"categories":[{"name":"Product defects","matchedStatuses":[],"flaky":false}],"history":{"statistic":{"failed":3,"broken":0,"skipped":0,"passed":7,"unknown":0,"total":10},"items":[{"uid":"7f6a15b3e5a2a4e2","reportUrl":"https://egor-loiko.github.io/QaseIODiplom/27//#testresult/7f6a15b3e5a2a4e2","status":"passed","time":{"start":1707759061604,"stop":1707759082884,"duration":21280}},{"uid":"6d83c93651fbadd5","reportUrl":"https://egor-loiko.github.io/QaseIODiplom/26//#testresult/6d83c93651fbadd5","status":"passed","time":{"start":1707758607423,"stop":1707758628367,"duration":20944}},{"uid":"d0e6844b4785fdb8","reportUrl":"https://egor-loiko.github.io/QaseIODiplom/25//#testresult/d0e6844b4785fdb8","status":"passed","time":{"start":1707755546133,"stop":1707755566609,"duration":20476}},{"uid":"f1a0976caa325e18","reportUrl":"https://egor-loiko.github.io/QaseIODiplom/25//#testresult/f1a0976caa325e18","status":"passed","time":{"start":1706868682045,"stop":1706868701312,"duration":19267}},{"uid":"aae00e965f50f4a","reportUrl":"https://egor-loiko.github.io/QaseIODiplom/25//#testresult/aae00e965f50f4a","status":"failed","statusDetails":"Verification of Test Case is FAILED expected [true] but found [false]","time":{"start":1706868381233,"stop":1706868401080,"duration":19847}},{"uid":"beaafe6d2a19b6b6","reportUrl":"https://egor-loiko.github.io/QaseIODiplom/24//#testresult/beaafe6d2a19b6b6","status":"failed","statusDetails":"Element not found {By.xpath: //div[text()='High']}\nExpected: visible\nScreenshot: file:/home/runner/work/QaseIODiplom/QaseIODiplom/build/reports/tests/1706865847190.0.png\nPage source: file:/home/runner/work/QaseIODiplom/QaseIODiplom/build/reports/tests/1706865847190.0.html\nTimeout: 10 s.\nCaused by: NoSuchElementException: no such element: Unable to locate element: {\"method\":\"xpath\",\"selector\":\"//div[text()='High']\"}","time":{"start":1706865829959,"stop":1706865847681,"duration":17722}},{"uid":"7e52ba85ab52c700","reportUrl":"https://egor-loiko.github.io/QaseIODiplom/24//#testresult/7e52ba85ab52c700","status":"passed","time":{"start":1706865423624,"stop":1706865442626,"duration":19002}},{"uid":"65c1709784563018","reportUrl":"https://egor-loiko.github.io/QaseIODiplom/23//#testresult/65c1709784563018","status":"passed","time":{"start":1706774704227,"stop":1706774724007,"duration":19780}},{"uid":"776d4eac46c57e7c","reportUrl":"https://egor-loiko.github.io/QaseIODiplom/23//#testresult/776d4eac46c57e7c","status":"passed","time":{"start":1706774284101,"stop":1706774304507,"duration":20406}}]},"tags":[]},"source":"df936c7f44c2dc94.json","parameterValues":[]}