{"uid":"aae00e965f50f4a","name":"Update Test Case","fullName":"tests.TestCaseTest.testCaseShouldBeUpdated","historyId":"e4d1564d5c3d5e73e282521660ed8a7b","time":{"start":1706868381233,"stop":1706868401080,"duration":19847},"status":"failed","statusMessage":"Verification of Test Case is FAILED expected [true] but found [false]","statusTrace":"java.lang.AssertionError: Verification of Test Case is FAILED expected [true] but found [false]\n\tat org.testng.Assert.fail(Assert.java:99)\n\tat org.testng.Assert.failNotEquals(Assert.java:1037)\n\tat org.testng.Assert.assertTrue(Assert.java:45)\n\tat tests.TestCaseTest.testCaseShouldBeUpdated(TestCaseTest.java:52)\n\tat java.base/jdk.internal.reflect.NativeMethodAccessorImpl.invoke0(Native Method)\n\tat java.base/jdk.internal.reflect.NativeMethodAccessorImpl.invoke(NativeMethodAccessorImpl.java:62)\n\tat java.base/jdk.internal.reflect.DelegatingMethodAccessorImpl.invoke(DelegatingMethodAccessorImpl.java:43)\n\tat java.base/java.lang.reflect.Method.invoke(Method.java:566)\n\tat org.testng.internal.MethodInvocationHelper.invokeMethod(MethodInvocationHelper.java:133)\n\tat org.testng.internal.TestInvoker.invokeMethod(TestInvoker.java:598)\n\tat org.testng.internal.TestInvoker.retryFailed(TestInvoker.java:213)\n\tat org.testng.internal.MethodRunner.runInSequence(MethodRunner.java:58)\n\tat org.testng.internal.TestInvoker$MethodInvocationAgent.invoke(TestInvoker.java:824)\n\tat org.testng.internal.TestInvoker.invokeTestMethods(TestInvoker.java:146)\n\tat org.testng.internal.TestMethodWorker.invokeTestMethods(TestMethodWorker.java:146)\n\tat org.testng.internal.TestMethodWorker.run(TestMethodWorker.java:128)\n\tat java.base/java.util.ArrayList.forEach(ArrayList.java:1541)\n\tat org.testng.TestRunner.privateRun(TestRunner.java:794)\n\tat org.testng.TestRunner.run(TestRunner.java:596)\n\tat org.testng.SuiteRunner.runTest(SuiteRunner.java:377)\n\tat org.testng.SuiteRunner.access$000(SuiteRunner.java:28)\n\tat org.testng.SuiteRunner$SuiteWorker.run(SuiteRunner.java:418)\n\tat org.testng.internal.thread.ThreadUtil.lambda$execute$0(ThreadUtil.java:64)\n\tat java.base/java.util.concurrent.FutureTask.run(FutureTask.java:264)\n\tat java.base/java.util.concurrent.ThreadPoolExecutor.runWorker(ThreadPoolExecutor.java:1128)\n\tat java.base/java.util.concurrent.ThreadPoolExecutor$Worker.run(ThreadPoolExecutor.java:628)\n\tat java.base/java.lang.Thread.run(Thread.java:829)\n","flaky":false,"newFailed":false,"newBroken":false,"newPassed":false,"retriesCount":2,"retriesStatusChange":true,"beforeStages":[{"name":"Browser setup","time":{"start":1706868380819,"stop":1706868381231,"duration":412},"description":"Browser setup","status":"passed","steps":[],"attachments":[],"parameters":[],"shouldDisplayMessage":false,"stepsCount":0,"attachmentsCount":0,"hasContent":false}],"testStage":{"status":"failed","statusMessage":"Verification of Test Case is FAILED expected [true] but found [false]","statusTrace":"java.lang.AssertionError: Verification of Test Case is FAILED expected [true] but found [false]\n\tat org.testng.Assert.fail(Assert.java:99)\n\tat org.testng.Assert.failNotEquals(Assert.java:1037)\n\tat org.testng.Assert.assertTrue(Assert.java:45)\n\tat tests.TestCaseTest.testCaseShouldBeUpdated(TestCaseTest.java:52)\n\tat java.base/jdk.internal.reflect.NativeMethodAccessorImpl.invoke0(Native Method)\n\tat java.base/jdk.internal.reflect.NativeMethodAccessorImpl.invoke(NativeMethodAccessorImpl.java:62)\n\tat java.base/jdk.internal.reflect.DelegatingMethodAccessorImpl.invoke(DelegatingMethodAccessorImpl.java:43)\n\tat java.base/java.lang.reflect.Method.invoke(Method.java:566)\n\tat org.testng.internal.MethodInvocationHelper.invokeMethod(MethodInvocationHelper.java:133)\n\tat org.testng.internal.TestInvoker.invokeMethod(TestInvoker.java:598)\n\tat org.testng.internal.TestInvoker.retryFailed(TestInvoker.java:213)\n\tat org.testng.internal.MethodRunner.runInSequence(MethodRunner.java:58)\n\tat org.testng.internal.TestInvoker$MethodInvocationAgent.invoke(TestInvoker.java:824)\n\tat org.testng.internal.TestInvoker.invokeTestMethods(TestInvoker.java:146)\n\tat org.testng.internal.TestMethodWorker.invokeTestMethods(TestMethodWorker.java:146)\n\tat org.testng.internal.TestMethodWorker.run(TestMethodWorker.java:128)\n\tat java.base/java.util.ArrayList.forEach(ArrayList.java:1541)\n\tat org.testng.TestRunner.privateRun(TestRunner.java:794)\n\tat org.testng.TestRunner.run(TestRunner.java:596)\n\tat org.testng.SuiteRunner.runTest(SuiteRunner.java:377)\n\tat org.testng.SuiteRunner.access$000(SuiteRunner.java:28)\n\tat org.testng.SuiteRunner$SuiteWorker.run(SuiteRunner.java:418)\n\tat org.testng.internal.thread.ThreadUtil.lambda$execute$0(ThreadUtil.java:64)\n\tat java.base/java.util.concurrent.FutureTask.run(FutureTask.java:264)\n\tat java.base/java.util.concurrent.ThreadPoolExecutor.runWorker(ThreadPoolExecutor.java:1128)\n\tat java.base/java.util.concurrent.ThreadPoolExecutor$Worker.run(ThreadPoolExecutor.java:628)\n\tat java.base/java.lang.Thread.run(Thread.java:829)\n","steps":[{"name":"Generate Project test data","time":{"start":1706868381233,"stop":1706868381233,"duration":0},"status":"passed","steps":[],"attachments":[],"parameters":[],"shouldDisplayMessage":false,"stepsCount":0,"attachmentsCount":0,"hasContent":false},{"name":"Generate Suite test data","time":{"start":1706868381233,"stop":1706868381234,"duration":1},"status":"passed","steps":[],"attachments":[],"parameters":[],"shouldDisplayMessage":false,"stepsCount":0,"attachmentsCount":0,"hasContent":false},{"name":"Generate Test Case test data","time":{"start":1706868381234,"stop":1706868381235,"duration":1},"status":"passed","steps":[{"name":"Generate set of Test Case steps ( 5 steps in set)","time":{"start":1706868381234,"stop":1706868381235,"duration":1},"status":"passed","steps":[],"attachments":[],"parameters":[{"name":"stepsQuantity","value":"5"}],"shouldDisplayMessage":false,"stepsCount":0,"attachmentsCount":0,"hasContent":true}],"attachments":[],"parameters":[],"shouldDisplayMessage":false,"stepsCount":1,"attachmentsCount":0,"hasContent":true},{"name":"Generate Test Case test data","time":{"start":1706868381235,"stop":1706868381236,"duration":1},"status":"passed","steps":[{"name":"Generate set of Test Case steps ( 5 steps in set)","time":{"start":1706868381235,"stop":1706868381236,"duration":1},"status":"passed","steps":[],"attachments":[],"parameters":[{"name":"stepsQuantity","value":"5"}],"shouldDisplayMessage":false,"stepsCount":0,"attachmentsCount":0,"hasContent":true}],"attachments":[],"parameters":[],"shouldDisplayMessage":false,"stepsCount":1,"attachmentsCount":0,"hasContent":true},{"name":"[API] Create new Project","time":{"start":1706868381236,"stop":1706868381468,"duration":232},"status":"passed","steps":[],"attachments":[],"parameters":[{"name":"project","value":"Project(title=White, code=FUNK, description=impala Kaitlin, access=all, group=test, counts=null, runs=null, defects=null)"}],"shouldDisplayMessage":false,"stepsCount":0,"attachmentsCount":0,"hasContent":true},{"name":"[API] Create Suite for project with code 'FUNK'","time":{"start":1706868381468,"stop":1706868381600,"duration":132},"status":"passed","steps":[],"attachments":[],"parameters":[{"name":"projectCode","value":"FUNK"},{"name":"suite","value":"Suite(id=1, title=Marquardt, description=koala Julius, preconditions=squirrel Fred, parentId=0, position=0, casesCount=0, created=null, updated=null, createdAt=null, updatedAt=null)"}],"shouldDisplayMessage":false,"stepsCount":0,"attachmentsCount":0,"hasContent":true},{"name":"Open Login page","time":{"start":1706868381600,"stop":1706868382178,"duration":578},"status":"passed","steps":[],"attachments":[],"parameters":[],"shouldDisplayMessage":false,"stepsCount":0,"attachmentsCount":0,"hasContent":false},{"name":"Login by user 'eloiko1.21@gmail.com' with password 'testQa$e123456'","time":{"start":1706868382178,"stop":1706868382596,"duration":418},"status":"passed","steps":[],"attachments":[],"parameters":[{"name":"user","value":"eloiko1.21@gmail.com"},{"name":"password","value":"testQa$e123456"}],"shouldDisplayMessage":false,"stepsCount":0,"attachmentsCount":0,"hasContent":true},{"name":"Wait for page with list of Projects is opened","time":{"start":1706868382596,"stop":1706868384060,"duration":1464},"status":"passed","steps":[],"attachments":[],"parameters":[],"shouldDisplayMessage":false,"stepsCount":0,"attachmentsCount":0,"hasContent":false},{"name":"Open project with Name 'White'","time":{"start":1706868384060,"stop":1706868384620,"duration":560},"status":"passed","steps":[],"attachments":[],"parameters":[{"name":"projectName","value":"White"}],"shouldDisplayMessage":false,"stepsCount":0,"attachmentsCount":0,"hasContent":true},{"name":"Open create new test case page for suite 'Marquardt'","time":{"start":1706868384620,"stop":1706868385659,"duration":1039},"status":"passed","steps":[],"attachments":[],"parameters":[{"name":"suiteName","value":"Marquardt"}],"shouldDisplayMessage":false,"stepsCount":0,"attachmentsCount":0,"hasContent":true},{"name":"Create test case 'Case(id=1, description=guinea pig Vickey, preconditions=serval Justin, postconditions=hamster Kathie, title=Barton, severity=5, priority=2, behavior=2, type=3, layer=2, isFlaky=0, suiteId=0, milestoneId=null, automation=1, status=1, attachments=[], steps=[Steps(action=marten Matthew, expected_result=ant Ivan, data=kangaroo Tristan, hash=null, position=0, shared_step_hash=null, shared_step_nested_hash=null, attachments=null, steps=null), Steps(action=alpaca Carlton, expected_result=hedgehog Darius, data=fly Fidel, hash=null, position=0, shared_step_hash=null, shared_step_nested_hash=null, attachments=null, steps=null), Steps(action=snake Marty, expected_result=weasel Kristofer, data=crab Ann, hash=null, position=0, shared_step_hash=null, shared_step_nested_hash=null, attachments=null, steps=null), Steps(action=coyote Marget, expected_result=otter Letisha, data=beetle Carmelo, hash=null, position=0, shared_step_hash=null, shared_step_nested_hash=null, attachments=null, steps=null), Steps(action=otter Minnie, expected_result=wolf Dierdre, data=cat Sallie, hash=null, position=0, shared_step_hash=null, shared_step_nested_hash=null, attachments=null, steps=null)], tags=null, links=null, params=[], customFields=null, created=null, updated=null, createdAt=null, updatedAt=null, position=0, stepsType=null, memberId=null, authorId=null, deleted=null, isManual=false, isToBeAutomated=false)'","time":{"start":1706868385659,"stop":1706868393356,"duration":7697},"status":"passed","steps":[{"name":"Set Title of test case 'Barton'","time":{"start":1706868385659,"stop":1706868386054,"duration":395},"status":"passed","steps":[],"attachments":[],"parameters":[{"name":"tcTitle","value":"Barton"}],"shouldDisplayMessage":false,"stepsCount":0,"attachmentsCount":0,"hasContent":true},{"name":"Set value 'Draft' in dropdown 'Status' for test case","time":{"start":1706868386054,"stop":1706868386368,"duration":314},"status":"passed","steps":[],"attachments":[],"parameters":[{"name":"label","value":"Status"},{"name":"value","value":"Draft"}],"shouldDisplayMessage":false,"stepsCount":0,"attachmentsCount":0,"hasContent":true},{"name":"Set value 'Minor' in dropdown 'Severity' for test case","time":{"start":1706868386368,"stop":1706868386652,"duration":284},"status":"passed","steps":[],"attachments":[],"parameters":[{"name":"label","value":"Severity"},{"name":"value","value":"Minor"}],"shouldDisplayMessage":false,"stepsCount":0,"attachmentsCount":0,"hasContent":true},{"name":"Set value 'Medium' in dropdown 'Priority' for test case","time":{"start":1706868386652,"stop":1706868386934,"duration":282},"status":"passed","steps":[],"attachments":[],"parameters":[{"name":"label","value":"Priority"},{"name":"value","value":"Medium"}],"shouldDisplayMessage":false,"stepsCount":0,"attachmentsCount":0,"hasContent":true},{"name":"Set value 'Regression' in dropdown 'Type' for test case","time":{"start":1706868386934,"stop":1706868387220,"duration":286},"status":"passed","steps":[],"attachments":[],"parameters":[{"name":"label","value":"Type"},{"name":"value","value":"Regression"}],"shouldDisplayMessage":false,"stepsCount":0,"attachmentsCount":0,"hasContent":true},{"name":"Set value 'API' in dropdown 'Layer' for test case","time":{"start":1706868387220,"stop":1706868387517,"duration":297},"status":"passed","steps":[],"attachments":[],"parameters":[{"name":"label","value":"Layer"},{"name":"value","value":"API"}],"shouldDisplayMessage":false,"stepsCount":0,"attachmentsCount":0,"hasContent":true},{"name":"Set value 'No' in dropdown 'Is flaky' for test case","time":{"start":1706868387518,"stop":1706868387792,"duration":274},"status":"passed","steps":[],"attachments":[],"parameters":[{"name":"label","value":"Is flaky"},{"name":"value","value":"No"}],"shouldDisplayMessage":false,"stepsCount":0,"attachmentsCount":0,"hasContent":true},{"name":"Set value 'Negative' in dropdown 'Behavior' for test case","time":{"start":1706868387792,"stop":1706868388073,"duration":281},"status":"passed","steps":[],"attachments":[],"parameters":[{"name":"label","value":"Behavior"},{"name":"value","value":"Negative"}],"shouldDisplayMessage":false,"stepsCount":0,"attachmentsCount":0,"hasContent":true},{"name":"Set value 'Automated' in dropdown 'Automation status' for test case","time":{"start":1706868388073,"stop":1706868388354,"duration":281},"status":"passed","steps":[],"attachments":[],"parameters":[{"name":"label","value":"Automation status"},{"name":"value","value":"Automated"}],"shouldDisplayMessage":false,"stepsCount":0,"attachmentsCount":0,"hasContent":true},{"name":"Add Test Case step with Step Action 'marten Matthew' Data 'kangaroo Tristan' and Expected Result 'ant Ivan'","time":{"start":1706868388354,"stop":1706868389354,"duration":1000},"status":"passed","steps":[],"attachments":[],"parameters":[{"name":"stepAction","value":"marten Matthew"},{"name":"data","value":"kangaroo Tristan"},{"name":"expectedResult","value":"ant Ivan"}],"shouldDisplayMessage":false,"stepsCount":0,"attachmentsCount":0,"hasContent":true},{"name":"Add Test Case step with Step Action 'alpaca Carlton' Data 'fly Fidel' and Expected Result 'hedgehog Darius'","time":{"start":1706868389354,"stop":1706868390305,"duration":951},"status":"passed","steps":[],"attachments":[],"parameters":[{"name":"stepAction","value":"alpaca Carlton"},{"name":"data","value":"fly Fidel"},{"name":"expectedResult","value":"hedgehog Darius"}],"shouldDisplayMessage":false,"stepsCount":0,"attachmentsCount":0,"hasContent":true},{"name":"Add Test Case step with Step Action 'snake Marty' Data 'crab Ann' and Expected Result 'weasel Kristofer'","time":{"start":1706868390305,"stop":1706868391241,"duration":936},"status":"passed","steps":[],"attachments":[],"parameters":[{"name":"stepAction","value":"snake Marty"},{"name":"data","value":"crab Ann"},{"name":"expectedResult","value":"weasel Kristofer"}],"shouldDisplayMessage":false,"stepsCount":0,"attachmentsCount":0,"hasContent":true},{"name":"Add Test Case step with Step Action 'coyote Marget' Data 'beetle Carmelo' and Expected Result 'otter Letisha'","time":{"start":1706868391241,"stop":1706868392192,"duration":951},"status":"passed","steps":[],"attachments":[],"parameters":[{"name":"stepAction","value":"coyote Marget"},{"name":"data","value":"beetle Carmelo"},{"name":"expectedResult","value":"otter Letisha"}],"shouldDisplayMessage":false,"stepsCount":0,"attachmentsCount":0,"hasContent":true},{"name":"Add Test Case step with Step Action 'otter Minnie' Data 'cat Sallie' and Expected Result 'wolf Dierdre'","time":{"start":1706868392192,"stop":1706868393267,"duration":1075},"status":"passed","steps":[],"attachments":[],"parameters":[{"name":"stepAction","value":"otter Minnie"},{"name":"data","value":"cat Sallie"},{"name":"expectedResult","value":"wolf Dierdre"}],"shouldDisplayMessage":false,"stepsCount":0,"attachmentsCount":0,"hasContent":true},{"name":"Save Test Case","time":{"start":1706868393267,"stop":1706868393356,"duration":89},"status":"passed","steps":[],"attachments":[],"parameters":[],"shouldDisplayMessage":false,"stepsCount":0,"attachmentsCount":0,"hasContent":false}],"attachments":[],"parameters":[{"name":"testCase","value":"Case(id=1, description=guinea pig Vickey, preconditions=serval Justin, postconditions=hamster Kathie, title=Barton, severity=5, priority=2, behavior=2, type=3, layer=2, isFlaky=0, suiteId=0, milestoneId=null, automation=1, status=1, attachments=[], steps=[Steps(action=marten Matthew, expected_result=ant Ivan, data=kangaroo Tristan, hash=null, position=0, shared_step_hash=null, shared_step_nested_hash=null, attachments=null, steps=null), Steps(action=alpaca Carlton, expected_result=hedgehog Darius, data=fly Fidel, hash=null, position=0, shared_step_hash=null, shared_step_nested_hash=null, attachments=null, steps=null), Steps(action=snake Marty, expected_result=weasel Kristofer, data=crab Ann, hash=null, position=0, shared_step_hash=null, shared_step_nested_hash=null, attachments=null, steps=null), Steps(action=coyote Marget, expected_result=otter Letisha, data=beetle Carmelo, hash=null, position=0, shared_step_hash=null, shared_step_nested_hash=null, attachments=null, steps=null), Steps(action=otter Minnie, expected_result=wolf Dierdre, data=cat Sallie, hash=null, position=0, shared_step_hash=null, shared_step_nested_hash=null, attachments=null, steps=null)], tags=null, links=null, params=[], customFields=null, created=null, updated=null, createdAt=null, updatedAt=null, position=0, stepsType=null, memberId=null, authorId=null, deleted=null, isManual=false, isToBeAutomated=false)"}],"shouldDisplayMessage":false,"stepsCount":15,"attachmentsCount":0,"hasContent":true},{"name":"Open test case with name 'Barton' for Editing","time":{"start":1706868393356,"stop":1706868395682,"duration":2326},"status":"passed","steps":[],"attachments":[],"parameters":[{"name":"testCaseName","value":"Barton"}],"shouldDisplayMessage":false,"stepsCount":0,"attachmentsCount":0,"hasContent":true},{"name":"Update test case 'Case(id=1, description=porpoise Gertude, preconditions=impala David, postconditions=crow Evie, title=Turcotte, severity=1, priority=0, behavior=2, type=3, layer=0, isFlaky=0, suiteId=0, milestoneId=null, automation=1, status=0, attachments=[], steps=[Steps(action=sea lion Dionna, expected_result=weasel Brooks, data=antelope Glennie, hash=null, position=0, shared_step_hash=null, shared_step_nested_hash=null, attachments=null, steps=null), Steps(action=mallard Kendrick, expected_result=elephant Donita, data=turtle  Berniece, hash=null, position=0, shared_step_hash=null, shared_step_nested_hash=null, attachments=null, steps=null), Steps(action=rat Dennis, expected_result=tortoise Buck, data=otter Liza, hash=null, position=0, shared_step_hash=null, shared_step_nested_hash=null, attachments=null, steps=null), Steps(action=goldfish Whitney, expected_result=gnu Jon, data=bat Azucena, hash=null, position=0, shared_step_hash=null, shared_step_nested_hash=null, attachments=null, steps=null), Steps(action=porpoise Donte, expected_result=manatee Huey, data=pug Otis, hash=null, position=0, shared_step_hash=null, shared_step_nested_hash=null, attachments=null, steps=null)], tags=null, links=null, params=[], customFields=null, created=null, updated=null, createdAt=null, updatedAt=null, position=0, stepsType=null, memberId=null, authorId=null, deleted=null, isManual=false, isToBeAutomated=false)'","time":{"start":1706868395683,"stop":1706868399249,"duration":3566},"status":"passed","steps":[{"name":"Set Title of test case 'Turcotte'","time":{"start":1706868395683,"stop":1706868396887,"duration":1204},"status":"passed","steps":[],"attachments":[],"parameters":[{"name":"tcTitle","value":"Turcotte"}],"shouldDisplayMessage":false,"stepsCount":0,"attachmentsCount":0,"hasContent":true},{"name":"Set value 'Actual' in dropdown 'Status' for test case","time":{"start":1706868396887,"stop":1706868397182,"duration":295},"status":"passed","steps":[],"attachments":[],"parameters":[{"name":"label","value":"Status"},{"name":"value","value":"Actual"}],"shouldDisplayMessage":false,"stepsCount":0,"attachmentsCount":0,"hasContent":true},{"name":"Set value 'Blocker' in dropdown 'Severity' for test case","time":{"start":1706868397182,"stop":1706868397466,"duration":284},"status":"passed","steps":[],"attachments":[],"parameters":[{"name":"label","value":"Severity"},{"name":"value","value":"Blocker"}],"shouldDisplayMessage":false,"stepsCount":0,"attachmentsCount":0,"hasContent":true},{"name":"Set value 'Not set' in dropdown 'Priority' for test case","time":{"start":1706868397466,"stop":1706868397755,"duration":289},"status":"passed","steps":[],"attachments":[],"parameters":[{"name":"label","value":"Priority"},{"name":"value","value":"Not set"}],"shouldDisplayMessage":false,"stepsCount":0,"attachmentsCount":0,"hasContent":true},{"name":"Set value 'Regression' in dropdown 'Type' for test case","time":{"start":1706868397755,"stop":1706868398041,"duration":286},"status":"passed","steps":[],"attachments":[],"parameters":[{"name":"label","value":"Type"},{"name":"value","value":"Regression"}],"shouldDisplayMessage":false,"stepsCount":0,"attachmentsCount":0,"hasContent":true},{"name":"Set value 'Not set' in dropdown 'Layer' for test case","time":{"start":1706868398041,"stop":1706868398315,"duration":274},"status":"passed","steps":[],"attachments":[],"parameters":[{"name":"label","value":"Layer"},{"name":"value","value":"Not set"}],"shouldDisplayMessage":false,"stepsCount":0,"attachmentsCount":0,"hasContent":true},{"name":"Set value 'No' in dropdown 'Is flaky' for test case","time":{"start":1706868398315,"stop":1706868398609,"duration":294},"status":"passed","steps":[],"attachments":[],"parameters":[{"name":"label","value":"Is flaky"},{"name":"value","value":"No"}],"shouldDisplayMessage":false,"stepsCount":0,"attachmentsCount":0,"hasContent":true},{"name":"Set value 'Negative' in dropdown 'Behavior' for test case","time":{"start":1706868398609,"stop":1706868398891,"duration":282},"status":"passed","steps":[],"attachments":[],"parameters":[{"name":"label","value":"Behavior"},{"name":"value","value":"Negative"}],"shouldDisplayMessage":false,"stepsCount":0,"attachmentsCount":0,"hasContent":true},{"name":"Set value 'Automated' in dropdown 'Automation status' for test case","time":{"start":1706868398891,"stop":1706868399176,"duration":285},"status":"passed","steps":[],"attachments":[],"parameters":[{"name":"label","value":"Automation status"},{"name":"value","value":"Automated"}],"shouldDisplayMessage":false,"stepsCount":0,"attachmentsCount":0,"hasContent":true},{"name":"Save Test Case","time":{"start":1706868399176,"stop":1706868399249,"duration":73},"status":"passed","steps":[],"attachments":[],"parameters":[],"shouldDisplayMessage":false,"stepsCount":0,"attachmentsCount":0,"hasContent":false}],"attachments":[],"parameters":[{"name":"testCase","value":"Case(id=1, description=porpoise Gertude, preconditions=impala David, postconditions=crow Evie, title=Turcotte, severity=1, priority=0, behavior=2, type=3, layer=0, isFlaky=0, suiteId=0, milestoneId=null, automation=1, status=0, attachments=[], steps=[Steps(action=sea lion Dionna, expected_result=weasel Brooks, data=antelope Glennie, hash=null, position=0, shared_step_hash=null, shared_step_nested_hash=null, attachments=null, steps=null), Steps(action=mallard Kendrick, expected_result=elephant Donita, data=turtle  Berniece, hash=null, position=0, shared_step_hash=null, shared_step_nested_hash=null, attachments=null, steps=null), Steps(action=rat Dennis, expected_result=tortoise Buck, data=otter Liza, hash=null, position=0, shared_step_hash=null, shared_step_nested_hash=null, attachments=null, steps=null), Steps(action=goldfish Whitney, expected_result=gnu Jon, data=bat Azucena, hash=null, position=0, shared_step_hash=null, shared_step_nested_hash=null, attachments=null, steps=null), Steps(action=porpoise Donte, expected_result=manatee Huey, data=pug Otis, hash=null, position=0, shared_step_hash=null, shared_step_nested_hash=null, attachments=null, steps=null)], tags=null, links=null, params=[], customFields=null, created=null, updated=null, createdAt=null, updatedAt=null, position=0, stepsType=null, memberId=null, authorId=null, deleted=null, isManual=false, isToBeAutomated=false)"}],"shouldDisplayMessage":false,"stepsCount":10,"attachmentsCount":0,"hasContent":true},{"name":"Open test case with name 'Turcotte' for Editing","time":{"start":1706868399249,"stop":1706868400255,"duration":1006},"status":"passed","steps":[],"attachments":[],"parameters":[{"name":"testCaseName","value":"Turcotte"}],"shouldDisplayMessage":false,"stepsCount":0,"attachmentsCount":0,"hasContent":true},{"name":"Verify test case 'Case(id=1, description=porpoise Gertude, preconditions=impala David, postconditions=crow Evie, title=Turcotte, severity=1, priority=0, behavior=2, type=3, layer=0, isFlaky=0, suiteId=0, milestoneId=null, automation=1, status=0, attachments=[], steps=[Steps(action=sea lion Dionna, expected_result=weasel Brooks, data=antelope Glennie, hash=null, position=0, shared_step_hash=null, shared_step_nested_hash=null, attachments=null, steps=null), Steps(action=mallard Kendrick, expected_result=elephant Donita, data=turtle  Berniece, hash=null, position=0, shared_step_hash=null, shared_step_nested_hash=null, attachments=null, steps=null), Steps(action=rat Dennis, expected_result=tortoise Buck, data=otter Liza, hash=null, position=0, shared_step_hash=null, shared_step_nested_hash=null, attachments=null, steps=null), Steps(action=goldfish Whitney, expected_result=gnu Jon, data=bat Azucena, hash=null, position=0, shared_step_hash=null, shared_step_nested_hash=null, attachments=null, steps=null), Steps(action=porpoise Donte, expected_result=manatee Huey, data=pug Otis, hash=null, position=0, shared_step_hash=null, shared_step_nested_hash=null, attachments=null, steps=null)], tags=null, links=null, params=[], customFields=null, created=null, updated=null, createdAt=null, updatedAt=null, position=0, stepsType=null, memberId=null, authorId=null, deleted=null, isManual=false, isToBeAutomated=false)' filled correctly","time":{"start":1706868400256,"stop":1706868400845,"duration":589},"status":"passed","steps":[{"name":"Get test case title","time":{"start":1706868400256,"stop":1706868400743,"duration":487},"status":"passed","steps":[],"attachments":[],"parameters":[],"shouldDisplayMessage":false,"stepsCount":0,"attachmentsCount":0,"hasContent":false},{"name":"Get value from dropdown 'Status' for test case","time":{"start":1706868400743,"stop":1706868400781,"duration":38},"status":"passed","steps":[],"attachments":[],"parameters":[{"name":"label","value":"Status"}],"shouldDisplayMessage":false,"stepsCount":0,"attachmentsCount":0,"hasContent":true},{"name":"Get value from dropdown 'Severity' for test case","time":{"start":1706868400781,"stop":1706868400812,"duration":31},"status":"passed","steps":[],"attachments":[],"parameters":[{"name":"label","value":"Severity"}],"shouldDisplayMessage":false,"stepsCount":0,"attachmentsCount":0,"hasContent":true},{"name":"Get value from dropdown 'Priority' for test case","time":{"start":1706868400813,"stop":1706868400845,"duration":32},"status":"passed","steps":[],"attachments":[],"parameters":[{"name":"label","value":"Priority"}],"shouldDisplayMessage":false,"stepsCount":0,"attachmentsCount":0,"hasContent":true}],"attachments":[],"parameters":[{"name":"testCase","value":"Case(id=1, description=porpoise Gertude, preconditions=impala David, postconditions=crow Evie, title=Turcotte, severity=1, priority=0, behavior=2, type=3, layer=0, isFlaky=0, suiteId=0, milestoneId=null, automation=1, status=0, attachments=[], steps=[Steps(action=sea lion Dionna, expected_result=weasel Brooks, data=antelope Glennie, hash=null, position=0, shared_step_hash=null, shared_step_nested_hash=null, attachments=null, steps=null), Steps(action=mallard Kendrick, expected_result=elephant Donita, data=turtle  Berniece, hash=null, position=0, shared_step_hash=null, shared_step_nested_hash=null, attachments=null, steps=null), Steps(action=rat Dennis, expected_result=tortoise Buck, data=otter Liza, hash=null, position=0, shared_step_hash=null, shared_step_nested_hash=null, attachments=null, steps=null), Steps(action=goldfish Whitney, expected_result=gnu Jon, data=bat Azucena, hash=null, position=0, shared_step_hash=null, shared_step_nested_hash=null, attachments=null, steps=null), Steps(action=porpoise Donte, expected_result=manatee Huey, data=pug Otis, hash=null, position=0, shared_step_hash=null, shared_step_nested_hash=null, attachments=null, steps=null)], tags=null, links=null, params=[], customFields=null, created=null, updated=null, createdAt=null, updatedAt=null, position=0, stepsType=null, memberId=null, authorId=null, deleted=null, isManual=false, isToBeAutomated=false)"}],"shouldDisplayMessage":false,"stepsCount":4,"attachmentsCount":0,"hasContent":true}],"attachments":[{"uid":"1bb3c4efe330a496","name":"screenshot","source":"1bb3c4efe330a496.png","type":"image/png","size":166478}],"parameters":[],"shouldDisplayMessage":true,"stepsCount":47,"attachmentsCount":1,"hasContent":true},"afterStages":[{"name":"close","time":{"start":1706868401081,"stop":1706868401182,"duration":101},"description":"","status":"passed","steps":[],"attachments":[],"parameters":[],"shouldDisplayMessage":false,"stepsCount":0,"attachmentsCount":0,"hasContent":false}],"labels":[{"name":"package","value":"tests.TestCaseTest"},{"name":"testClass","value":"tests.TestCaseTest"},{"name":"testMethod","value":"testCaseShouldBeUpdated"},{"name":"parentSuite","value":"QaseIO Smoke Test"},{"name":"suite","value":"Thread #2"},{"name":"subSuite","value":"tests.TestCaseTest"},{"name":"host","value":"fv-az775-625"},{"name":"thread","value":"2091@fv-az775-625.TestNG-tests-2(19)"},{"name":"framework","value":"testng"},{"name":"language","value":"java"},{"name":"resultFormat","value":"allure2"}],"parameters":[],"links":[],"hidden":false,"retry":false,"extra":{"severity":"normal","retries":[{"uid":"b89b26590daf5c4b","status":"skipped","statusDetails":"invalid selector: Unable to locate an element with the xpath expression //div[@data-suite-body-id]//div[text()='O'Reilly'] because of the following error:\nSyntaxError: Failed to execute 'evaluate' on 'Document': The string '//div[@data-suite-body-id]//div[text()='O'Reilly']' is not a valid XPath expression.\n  (Session info: chrome=121.0.6167.85)\nFor documentation on this error, please visit: https://www.selenium.dev/documentation/webdriver/troubleshooting/errors#invalid-selector-exception\nBuild info: version: '4.13.0', revision: 'ba948ece5b*'\nSystem info: os.name: 'Linux', os.arch: 'amd64', os.version: '6.2.0-1019-azure', java.version: '11.0.22'\nDriver info: org.openqa.selenium.chrome.ChromeDriver\nCommand: [cd0271f2041fe60c4a61706cfab9d283, findElement {using=xpath, value=//div[@data-suite-body-id]//div[text()='O'Reilly']}]\nCapabilities {acceptInsecureCerts: true, browserName: chrome, browserVersion: 121.0.6167.85, chrome: {chromedriverVersion: 121.0.6167.85 (3f98d690ad7e..., userDataDir: /tmp/.org.chromium.Chromium...}, fedcm:accounts: true, goog:chromeOptions: {debuggerAddress: localhost:35579}, networkConnectionEnabled: false, pageLoadStrategy: normal, platformName: linux, proxy: Proxy(), se:cdp: ws://localhost:35579/devtoo..., se:cdpVersion: 121.0.6167.85, setWindowRect: true, strictFileInteractability: false, timeouts: {implicit: 0, pageLoad: 300000, script: 30000}, unhandledPromptBehavior: accept, webauthn:extension:credBlob: true, webauthn:extension:largeBlob: true, webauthn:extension:minPinLength: true, webauthn:extension:prf: true, webauthn:virtualAuthenticators: true}\nSession ID: cd0271f2041fe60c4a61706cfab9d283","time":{"start":1706868367108,"stop":1706868380713,"duration":13605}},{"uid":"b8c5b5a9af4c8e0e","status":"skipped","statusDetails":"Verification of Test Case is FAILED expected [true] but found [false]","time":{"start":1706868347154,"stop":1706868366599,"duration":19445}}],"categories":[{"name":"Product defects","matchedStatuses":[],"flaky":false}],"history":{"statistic":{"failed":2,"broken":0,"skipped":0,"passed":3,"unknown":0,"total":5},"items":[{"uid":"beaafe6d2a19b6b6","reportUrl":"https://egor-loiko.github.io/QaseIODiplom/24//#testresult/beaafe6d2a19b6b6","status":"failed","statusDetails":"Element not found {By.xpath: //div[text()='High']}\nExpected: visible\nScreenshot: file:/home/runner/work/QaseIODiplom/QaseIODiplom/build/reports/tests/1706865847190.0.png\nPage source: file:/home/runner/work/QaseIODiplom/QaseIODiplom/build/reports/tests/1706865847190.0.html\nTimeout: 10 s.\nCaused by: NoSuchElementException: no such element: Unable to locate element: {\"method\":\"xpath\",\"selector\":\"//div[text()='High']\"}","time":{"start":1706865829959,"stop":1706865847681,"duration":17722}},{"uid":"7e52ba85ab52c700","reportUrl":"https://egor-loiko.github.io/QaseIODiplom/24//#testresult/7e52ba85ab52c700","status":"passed","time":{"start":1706865423624,"stop":1706865442626,"duration":19002}},{"uid":"65c1709784563018","reportUrl":"https://egor-loiko.github.io/QaseIODiplom/23//#testresult/65c1709784563018","status":"passed","time":{"start":1706774704227,"stop":1706774724007,"duration":19780}},{"uid":"776d4eac46c57e7c","reportUrl":"https://egor-loiko.github.io/QaseIODiplom/23//#testresult/776d4eac46c57e7c","status":"passed","time":{"start":1706774284101,"stop":1706774304507,"duration":20406}}]},"tags":[]},"source":"aae00e965f50f4a.json","parameterValues":[]}