{"uid":"580aa2917b60a1fc","name":"Create Test Case","fullName":"tests.TestCaseTest.testCaseShouldBeCreated","historyId":"c0fece83584767ce836400eb9cdf86e7","time":{"start":1706774180029,"stop":1706774201646,"duration":21617},"status":"skipped","statusMessage":"Verification of Test Case is FAILED expected [true] but found [false]","statusTrace":"java.lang.AssertionError: Verification of Test Case is FAILED expected [true] but found [false]\n\tat org.testng.Assert.fail(Assert.java:99)\n\tat org.testng.Assert.failNotEquals(Assert.java:1037)\n\tat org.testng.Assert.assertTrue(Assert.java:45)\n\tat tests.TestCaseTest.testCaseShouldBeCreated(TestCaseTest.java:31)\n\tat java.base/jdk.internal.reflect.NativeMethodAccessorImpl.invoke0(Native Method)\n\tat java.base/jdk.internal.reflect.NativeMethodAccessorImpl.invoke(NativeMethodAccessorImpl.java:62)\n\tat java.base/jdk.internal.reflect.DelegatingMethodAccessorImpl.invoke(DelegatingMethodAccessorImpl.java:43)\n\tat java.base/java.lang.reflect.Method.invoke(Method.java:566)\n\tat org.testng.internal.MethodInvocationHelper.invokeMethod(MethodInvocationHelper.java:133)\n\tat org.testng.internal.TestInvoker.invokeMethod(TestInvoker.java:598)\n\tat org.testng.internal.TestInvoker.invokeTestMethod(TestInvoker.java:173)\n\tat org.testng.internal.MethodRunner.runInSequence(MethodRunner.java:46)\n\tat org.testng.internal.TestInvoker$MethodInvocationAgent.invoke(TestInvoker.java:824)\n\tat org.testng.internal.TestInvoker.invokeTestMethods(TestInvoker.java:146)\n\tat org.testng.internal.TestMethodWorker.invokeTestMethods(TestMethodWorker.java:146)\n\tat org.testng.internal.TestMethodWorker.run(TestMethodWorker.java:128)\n\tat java.base/java.util.ArrayList.forEach(ArrayList.java:1541)\n\tat org.testng.TestRunner.privateRun(TestRunner.java:794)\n\tat org.testng.TestRunner.run(TestRunner.java:596)\n\tat org.testng.SuiteRunner.runTest(SuiteRunner.java:377)\n\tat org.testng.SuiteRunner.access$000(SuiteRunner.java:28)\n\tat org.testng.SuiteRunner$SuiteWorker.run(SuiteRunner.java:418)\n\tat org.testng.internal.thread.ThreadUtil.lambda$execute$0(ThreadUtil.java:64)\n\tat java.base/java.util.concurrent.FutureTask.run(FutureTask.java:264)\n\tat java.base/java.util.concurrent.ThreadPoolExecutor.runWorker(ThreadPoolExecutor.java:1128)\n\tat java.base/java.util.concurrent.ThreadPoolExecutor$Worker.run(ThreadPoolExecutor.java:628)\n\tat java.base/java.lang.Thread.run(Thread.java:829)\n","flaky":false,"newFailed":false,"newBroken":false,"newPassed":false,"retriesCount":0,"retriesStatusChange":false,"beforeStages":[{"name":"Browser setup","time":{"start":1706774177537,"stop":1706774179984,"duration":2447},"description":"Browser setup","status":"passed","steps":[],"attachments":[],"parameters":[],"shouldDisplayMessage":false,"stepsCount":0,"attachmentsCount":0,"hasContent":false}],"testStage":{"status":"skipped","statusMessage":"Verification of Test Case is FAILED expected [true] but found [false]","statusTrace":"java.lang.AssertionError: Verification of Test Case is FAILED expected [true] but found [false]\n\tat org.testng.Assert.fail(Assert.java:99)\n\tat org.testng.Assert.failNotEquals(Assert.java:1037)\n\tat org.testng.Assert.assertTrue(Assert.java:45)\n\tat tests.TestCaseTest.testCaseShouldBeCreated(TestCaseTest.java:31)\n\tat java.base/jdk.internal.reflect.NativeMethodAccessorImpl.invoke0(Native Method)\n\tat java.base/jdk.internal.reflect.NativeMethodAccessorImpl.invoke(NativeMethodAccessorImpl.java:62)\n\tat java.base/jdk.internal.reflect.DelegatingMethodAccessorImpl.invoke(DelegatingMethodAccessorImpl.java:43)\n\tat java.base/java.lang.reflect.Method.invoke(Method.java:566)\n\tat org.testng.internal.MethodInvocationHelper.invokeMethod(MethodInvocationHelper.java:133)\n\tat org.testng.internal.TestInvoker.invokeMethod(TestInvoker.java:598)\n\tat org.testng.internal.TestInvoker.invokeTestMethod(TestInvoker.java:173)\n\tat org.testng.internal.MethodRunner.runInSequence(MethodRunner.java:46)\n\tat org.testng.internal.TestInvoker$MethodInvocationAgent.invoke(TestInvoker.java:824)\n\tat org.testng.internal.TestInvoker.invokeTestMethods(TestInvoker.java:146)\n\tat org.testng.internal.TestMethodWorker.invokeTestMethods(TestMethodWorker.java:146)\n\tat org.testng.internal.TestMethodWorker.run(TestMethodWorker.java:128)\n\tat java.base/java.util.ArrayList.forEach(ArrayList.java:1541)\n\tat org.testng.TestRunner.privateRun(TestRunner.java:794)\n\tat org.testng.TestRunner.run(TestRunner.java:596)\n\tat org.testng.SuiteRunner.runTest(SuiteRunner.java:377)\n\tat org.testng.SuiteRunner.access$000(SuiteRunner.java:28)\n\tat org.testng.SuiteRunner$SuiteWorker.run(SuiteRunner.java:418)\n\tat org.testng.internal.thread.ThreadUtil.lambda$execute$0(ThreadUtil.java:64)\n\tat java.base/java.util.concurrent.FutureTask.run(FutureTask.java:264)\n\tat java.base/java.util.concurrent.ThreadPoolExecutor.runWorker(ThreadPoolExecutor.java:1128)\n\tat java.base/java.util.concurrent.ThreadPoolExecutor$Worker.run(ThreadPoolExecutor.java:628)\n\tat java.base/java.lang.Thread.run(Thread.java:829)\n","steps":[{"name":"Generate Project test data","time":{"start":1706774180035,"stop":1706774180158,"duration":123},"status":"passed","steps":[],"attachments":[],"parameters":[],"shouldDisplayMessage":false,"stepsCount":0,"attachmentsCount":0,"hasContent":false},{"name":"Generate Suite test data","time":{"start":1706774180160,"stop":1706774180161,"duration":1},"status":"passed","steps":[],"attachments":[],"parameters":[],"shouldDisplayMessage":false,"stepsCount":0,"attachmentsCount":0,"hasContent":false},{"name":"Generate Test Case test data","time":{"start":1706774180163,"stop":1706774180180,"duration":17},"status":"passed","steps":[{"name":"Generate set of Test Case steps ( 5 steps in set)","time":{"start":1706774180176,"stop":1706774180180,"duration":4},"status":"passed","steps":[],"attachments":[],"parameters":[{"name":"stepsQuantity","value":"5"}],"shouldDisplayMessage":false,"stepsCount":0,"attachmentsCount":0,"hasContent":true}],"attachments":[],"parameters":[],"shouldDisplayMessage":false,"stepsCount":1,"attachmentsCount":0,"hasContent":true},{"name":"[API] Create new Project","time":{"start":1706774180195,"stop":1706774180734,"duration":539},"status":"passed","steps":[],"attachments":[],"parameters":[{"name":"project","value":"Project(title=Jast, code=BOTSFORD, description=lion Pat, access=all, group=test, counts=null, runs=null, defects=null)"}],"shouldDisplayMessage":false,"stepsCount":0,"attachmentsCount":0,"hasContent":true},{"name":"[API] Create Suite for project with code 'BOTSFORD'","time":{"start":1706774180757,"stop":1706774181064,"duration":307},"status":"passed","steps":[],"attachments":[],"parameters":[{"name":"projectCode","value":"BOTSFORD"},{"name":"suite","value":"Suite(id=1, title=Heller, description=turtle  Norris, preconditions=trout Darryl, parentId=0, position=0, casesCount=0, created=null, updated=null, createdAt=null, updatedAt=null)"}],"shouldDisplayMessage":false,"stepsCount":0,"attachmentsCount":0,"hasContent":true},{"name":"Open Login page","time":{"start":1706774181064,"stop":1706774182042,"duration":978},"status":"passed","steps":[],"attachments":[],"parameters":[],"shouldDisplayMessage":false,"stepsCount":0,"attachmentsCount":0,"hasContent":false},{"name":"Login by user 'eloiko1.21@gmail.com' with password 'testQa$e123456'","time":{"start":1706774182042,"stop":1706774182572,"duration":530},"status":"passed","steps":[],"attachments":[],"parameters":[{"name":"user","value":"eloiko1.21@gmail.com"},{"name":"password","value":"testQa$e123456"}],"shouldDisplayMessage":false,"stepsCount":0,"attachmentsCount":0,"hasContent":true},{"name":"Wait for page with list of Projects is opened","time":{"start":1706774182573,"stop":1706774185894,"duration":3321},"status":"passed","steps":[],"attachments":[],"parameters":[],"shouldDisplayMessage":false,"stepsCount":0,"attachmentsCount":0,"hasContent":false},{"name":"Open project with Name 'Jast'","time":{"start":1706774185894,"stop":1706774186031,"duration":137},"status":"passed","steps":[],"attachments":[],"parameters":[{"name":"projectName","value":"Jast"}],"shouldDisplayMessage":false,"stepsCount":0,"attachmentsCount":0,"hasContent":true},{"name":"Open create new test case page for suite 'Heller'","time":{"start":1706774186031,"stop":1706774187355,"duration":1324},"status":"passed","steps":[],"attachments":[],"parameters":[{"name":"suiteName","value":"Heller"}],"shouldDisplayMessage":false,"stepsCount":0,"attachmentsCount":0,"hasContent":true},{"name":"Create test case 'Case(id=1, description=wombat Manual, preconditions=minnow Adrian, postconditions=sardine Curt, title=Bernhard, severity=2, priority=0, behavior=2, type=3, layer=0, isFlaky=0, suiteId=0, milestoneId=null, automation=0, status=0, attachments=[], steps=[Steps(action=bee Jeffry, expected_result=ox Brittani, data=yellowjacket Porfirio, hash=null, position=0, shared_step_hash=null, shared_step_nested_hash=null, attachments=null, steps=null), Steps(action=termite Maryellen, expected_result=muskrat Hilde, data=raven Melony, hash=null, position=0, shared_step_hash=null, shared_step_nested_hash=null, attachments=null, steps=null), Steps(action=louse Pamala, expected_result=sea lion Kerry, data=prairie dog Gwenda, hash=null, position=0, shared_step_hash=null, shared_step_nested_hash=null, attachments=null, steps=null), Steps(action=alligator Thurman, expected_result=shark Christal, data=water buffalo Roland, hash=null, position=0, shared_step_hash=null, shared_step_nested_hash=null, attachments=null, steps=null), Steps(action=armadillo Chiquita, expected_result=horse Shannon, data=fish Kandis, hash=null, position=0, shared_step_hash=null, shared_step_nested_hash=null, attachments=null, steps=null)], tags=null, links=null, params=[], customFields=null, created=null, updated=null, createdAt=null, updatedAt=null, position=0, stepsType=null, memberId=null, authorId=null, deleted=null, isManual=0, isToBeAutomated=false)'","time":{"start":1706774187424,"stop":1706774196883,"duration":9459},"status":"passed","steps":[{"name":"Set Title of test case 'Bernhard'","time":{"start":1706774187426,"stop":1706774188246,"duration":820},"status":"passed","steps":[],"attachments":[],"parameters":[{"name":"tcTitle","value":"Bernhard"}],"shouldDisplayMessage":false,"stepsCount":0,"attachmentsCount":0,"hasContent":true},{"name":"Set value 'Actual' in dropdown 'Status' for test case","time":{"start":1706774188247,"stop":1706774188624,"duration":377},"status":"passed","steps":[],"attachments":[],"parameters":[{"name":"label","value":"Status"},{"name":"value","value":"Actual"}],"shouldDisplayMessage":false,"stepsCount":0,"attachmentsCount":0,"hasContent":true},{"name":"Set value 'Critical' in dropdown 'Severity' for test case","time":{"start":1706774188625,"stop":1706774188934,"duration":309},"status":"passed","steps":[],"attachments":[],"parameters":[{"name":"label","value":"Severity"},{"name":"value","value":"Critical"}],"shouldDisplayMessage":false,"stepsCount":0,"attachmentsCount":0,"hasContent":true},{"name":"Set value 'Not set' in dropdown 'Priority' for test case","time":{"start":1706774188935,"stop":1706774189225,"duration":290},"status":"passed","steps":[],"attachments":[],"parameters":[{"name":"label","value":"Priority"},{"name":"value","value":"Not set"}],"shouldDisplayMessage":false,"stepsCount":0,"attachmentsCount":0,"hasContent":true},{"name":"Set value 'Regression' in dropdown 'Type' for test case","time":{"start":1706774189226,"stop":1706774189530,"duration":304},"status":"passed","steps":[],"attachments":[],"parameters":[{"name":"label","value":"Type"},{"name":"value","value":"Regression"}],"shouldDisplayMessage":false,"stepsCount":0,"attachmentsCount":0,"hasContent":true},{"name":"Set value 'Not set' in dropdown 'Layer' for test case","time":{"start":1706774189531,"stop":1706774189842,"duration":311},"status":"passed","steps":[],"attachments":[],"parameters":[{"name":"label","value":"Layer"},{"name":"value","value":"Not set"}],"shouldDisplayMessage":false,"stepsCount":0,"attachmentsCount":0,"hasContent":true},{"name":"Set value 'No' in dropdown 'Is flaky' for test case","time":{"start":1706774189843,"stop":1706774190158,"duration":315},"status":"passed","steps":[],"attachments":[],"parameters":[{"name":"label","value":"Is flaky"},{"name":"value","value":"No"}],"shouldDisplayMessage":false,"stepsCount":0,"attachmentsCount":0,"hasContent":true},{"name":"Set value 'Negative' in dropdown 'Behavior' for test case","time":{"start":1706774190159,"stop":1706774190470,"duration":311},"status":"passed","steps":[],"attachments":[],"parameters":[{"name":"label","value":"Behavior"},{"name":"value","value":"Negative"}],"shouldDisplayMessage":false,"stepsCount":0,"attachmentsCount":0,"hasContent":true},{"name":"Set value 'Manual' in dropdown 'Automation status' for test case","time":{"start":1706774190471,"stop":1706774190773,"duration":302},"status":"passed","steps":[],"attachments":[],"parameters":[{"name":"label","value":"Automation status"},{"name":"value","value":"Manual"}],"shouldDisplayMessage":false,"stepsCount":0,"attachmentsCount":0,"hasContent":true},{"name":"Add Test Case step with Step Action 'bee Jeffry' Data 'yellowjacket Porfirio' and Expected Result 'ox Brittani'","time":{"start":1706774190773,"stop":1706774192065,"duration":1292},"status":"passed","steps":[],"attachments":[],"parameters":[{"name":"stepAction","value":"bee Jeffry"},{"name":"data","value":"yellowjacket Porfirio"},{"name":"expectedResult","value":"ox Brittani"}],"shouldDisplayMessage":false,"stepsCount":0,"attachmentsCount":0,"hasContent":true},{"name":"Add Test Case step with Step Action 'termite Maryellen' Data 'raven Melony' and Expected Result 'muskrat Hilde'","time":{"start":1706774192065,"stop":1706774193227,"duration":1162},"status":"passed","steps":[],"attachments":[],"parameters":[{"name":"stepAction","value":"termite Maryellen"},{"name":"data","value":"raven Melony"},{"name":"expectedResult","value":"muskrat Hilde"}],"shouldDisplayMessage":false,"stepsCount":0,"attachmentsCount":0,"hasContent":true},{"name":"Add Test Case step with Step Action 'louse Pamala' Data 'prairie dog Gwenda' and Expected Result 'sea lion Kerry'","time":{"start":1706774193227,"stop":1706774194568,"duration":1341},"status":"passed","steps":[],"attachments":[],"parameters":[{"name":"stepAction","value":"louse Pamala"},{"name":"data","value":"prairie dog Gwenda"},{"name":"expectedResult","value":"sea lion Kerry"}],"shouldDisplayMessage":false,"stepsCount":0,"attachmentsCount":0,"hasContent":true},{"name":"Add Test Case step with Step Action 'alligator Thurman' Data 'water buffalo Roland' and Expected Result 'shark Christal'","time":{"start":1706774194568,"stop":1706774195664,"duration":1096},"status":"passed","steps":[],"attachments":[],"parameters":[{"name":"stepAction","value":"alligator Thurman"},{"name":"data","value":"water buffalo Roland"},{"name":"expectedResult","value":"shark Christal"}],"shouldDisplayMessage":false,"stepsCount":0,"attachmentsCount":0,"hasContent":true},{"name":"Add Test Case step with Step Action 'armadillo Chiquita' Data 'fish Kandis' and Expected Result 'horse Shannon'","time":{"start":1706774195664,"stop":1706774196791,"duration":1127},"status":"passed","steps":[],"attachments":[],"parameters":[{"name":"stepAction","value":"armadillo Chiquita"},{"name":"data","value":"fish Kandis"},{"name":"expectedResult","value":"horse Shannon"}],"shouldDisplayMessage":false,"stepsCount":0,"attachmentsCount":0,"hasContent":true},{"name":"Save Test Case","time":{"start":1706774196791,"stop":1706774196883,"duration":92},"status":"passed","steps":[],"attachments":[],"parameters":[],"shouldDisplayMessage":false,"stepsCount":0,"attachmentsCount":0,"hasContent":false}],"attachments":[],"parameters":[{"name":"testCase","value":"Case(id=1, description=wombat Manual, preconditions=minnow Adrian, postconditions=sardine Curt, title=Bernhard, severity=2, priority=0, behavior=2, type=3, layer=0, isFlaky=0, suiteId=0, milestoneId=null, automation=0, status=0, attachments=[], steps=[Steps(action=bee Jeffry, expected_result=ox Brittani, data=yellowjacket Porfirio, hash=null, position=0, shared_step_hash=null, shared_step_nested_hash=null, attachments=null, steps=null), Steps(action=termite Maryellen, expected_result=muskrat Hilde, data=raven Melony, hash=null, position=0, shared_step_hash=null, shared_step_nested_hash=null, attachments=null, steps=null), Steps(action=louse Pamala, expected_result=sea lion Kerry, data=prairie dog Gwenda, hash=null, position=0, shared_step_hash=null, shared_step_nested_hash=null, attachments=null, steps=null), Steps(action=alligator Thurman, expected_result=shark Christal, data=water buffalo Roland, hash=null, position=0, shared_step_hash=null, shared_step_nested_hash=null, attachments=null, steps=null), Steps(action=armadillo Chiquita, expected_result=horse Shannon, data=fish Kandis, hash=null, position=0, shared_step_hash=null, shared_step_nested_hash=null, attachments=null, steps=null)], tags=null, links=null, params=[], customFields=null, created=null, updated=null, createdAt=null, updatedAt=null, position=0, stepsType=null, memberId=null, authorId=null, deleted=null, isManual=0, isToBeAutomated=false)"}],"shouldDisplayMessage":false,"stepsCount":15,"attachmentsCount":0,"hasContent":true},{"name":"Get successful test case creation message text","time":{"start":1706774196883,"stop":1706774197340,"duration":457},"status":"passed","steps":[],"attachments":[],"parameters":[],"shouldDisplayMessage":false,"stepsCount":0,"attachmentsCount":0,"hasContent":false},{"name":"Check test case with Name 'Bernhard' is created","time":{"start":1706774197341,"stop":1706774200281,"duration":2940},"status":"passed","steps":[],"attachments":[],"parameters":[{"name":"testCaseName","value":"Bernhard"}],"shouldDisplayMessage":false,"stepsCount":0,"attachmentsCount":0,"hasContent":true},{"name":"Open test case with name 'Bernhard' for Editing","time":{"start":1706774200281,"stop":1706774200709,"duration":428},"status":"passed","steps":[],"attachments":[],"parameters":[{"name":"testCaseName","value":"Bernhard"}],"shouldDisplayMessage":false,"stepsCount":0,"attachmentsCount":0,"hasContent":true},{"name":"Verify test case 'Case(id=1, description=wombat Manual, preconditions=minnow Adrian, postconditions=sardine Curt, title=Bernhard, severity=2, priority=0, behavior=2, type=3, layer=0, isFlaky=0, suiteId=0, milestoneId=null, automation=0, status=0, attachments=[], steps=[Steps(action=bee Jeffry, expected_result=ox Brittani, data=yellowjacket Porfirio, hash=null, position=0, shared_step_hash=null, shared_step_nested_hash=null, attachments=null, steps=null), Steps(action=termite Maryellen, expected_result=muskrat Hilde, data=raven Melony, hash=null, position=0, shared_step_hash=null, shared_step_nested_hash=null, attachments=null, steps=null), Steps(action=louse Pamala, expected_result=sea lion Kerry, data=prairie dog Gwenda, hash=null, position=0, shared_step_hash=null, shared_step_nested_hash=null, attachments=null, steps=null), Steps(action=alligator Thurman, expected_result=shark Christal, data=water buffalo Roland, hash=null, position=0, shared_step_hash=null, shared_step_nested_hash=null, attachments=null, steps=null), Steps(action=armadillo Chiquita, expected_result=horse Shannon, data=fish Kandis, hash=null, position=0, shared_step_hash=null, shared_step_nested_hash=null, attachments=null, steps=null)], tags=null, links=null, params=[], customFields=null, created=null, updated=null, createdAt=null, updatedAt=null, position=0, stepsType=null, memberId=null, authorId=null, deleted=null, isManual=0, isToBeAutomated=false)' filled correctly","time":{"start":1706774200709,"stop":1706774201643,"duration":934},"status":"passed","steps":[{"name":"Get test case title","time":{"start":1706774200709,"stop":1706774201514,"duration":805},"status":"passed","steps":[],"attachments":[],"parameters":[],"shouldDisplayMessage":false,"stepsCount":0,"attachmentsCount":0,"hasContent":false},{"name":"Get value from dropdown 'Status' for test case","time":{"start":1706774201514,"stop":1706774201552,"duration":38},"status":"passed","steps":[],"attachments":[],"parameters":[{"name":"label","value":"Status"}],"shouldDisplayMessage":false,"stepsCount":0,"attachmentsCount":0,"hasContent":true},{"name":"Get value from dropdown 'Severity' for test case","time":{"start":1706774201553,"stop":1706774201590,"duration":37},"status":"passed","steps":[],"attachments":[],"parameters":[{"name":"label","value":"Severity"}],"shouldDisplayMessage":false,"stepsCount":0,"attachmentsCount":0,"hasContent":true},{"name":"Get value from dropdown 'Priority' for test case","time":{"start":1706774201590,"stop":1706774201643,"duration":53},"status":"passed","steps":[],"attachments":[],"parameters":[{"name":"label","value":"Priority"}],"shouldDisplayMessage":false,"stepsCount":0,"attachmentsCount":0,"hasContent":true}],"attachments":[],"parameters":[{"name":"testCase","value":"Case(id=1, description=wombat Manual, preconditions=minnow Adrian, postconditions=sardine Curt, title=Bernhard, severity=2, priority=0, behavior=2, type=3, layer=0, isFlaky=0, suiteId=0, milestoneId=null, automation=0, status=0, attachments=[], steps=[Steps(action=bee Jeffry, expected_result=ox Brittani, data=yellowjacket Porfirio, hash=null, position=0, shared_step_hash=null, shared_step_nested_hash=null, attachments=null, steps=null), Steps(action=termite Maryellen, expected_result=muskrat Hilde, data=raven Melony, hash=null, position=0, shared_step_hash=null, shared_step_nested_hash=null, attachments=null, steps=null), Steps(action=louse Pamala, expected_result=sea lion Kerry, data=prairie dog Gwenda, hash=null, position=0, shared_step_hash=null, shared_step_nested_hash=null, attachments=null, steps=null), Steps(action=alligator Thurman, expected_result=shark Christal, data=water buffalo Roland, hash=null, position=0, shared_step_hash=null, shared_step_nested_hash=null, attachments=null, steps=null), Steps(action=armadillo Chiquita, expected_result=horse Shannon, data=fish Kandis, hash=null, position=0, shared_step_hash=null, shared_step_nested_hash=null, attachments=null, steps=null)], tags=null, links=null, params=[], customFields=null, created=null, updated=null, createdAt=null, updatedAt=null, position=0, stepsType=null, memberId=null, authorId=null, deleted=null, isManual=0, isToBeAutomated=false)"}],"shouldDisplayMessage":false,"stepsCount":4,"attachmentsCount":0,"hasContent":true}],"attachments":[],"parameters":[],"shouldDisplayMessage":true,"stepsCount":35,"attachmentsCount":0,"hasContent":true},"afterStages":[{"name":"close","time":{"start":1706774201648,"stop":1706774201752,"duration":104},"description":"","status":"passed","steps":[],"attachments":[],"parameters":[],"shouldDisplayMessage":false,"stepsCount":0,"attachmentsCount":0,"hasContent":false}],"labels":[{"name":"package","value":"tests.TestCaseTest"},{"name":"testClass","value":"tests.TestCaseTest"},{"name":"testMethod","value":"testCaseShouldBeCreated"},{"name":"parentSuite","value":"QaseIO Smoke Test"},{"name":"suite","value":"Thread #2"},{"name":"subSuite","value":"tests.TestCaseTest"},{"name":"host","value":"fv-az914-428"},{"name":"thread","value":"2116@fv-az914-428.TestNG-tests-2(19)"},{"name":"framework","value":"testng"},{"name":"language","value":"java"},{"name":"resultFormat","value":"allure2"}],"parameters":[],"links":[],"hidden":true,"retry":true,"extra":{"categories":[],"tags":[]},"source":"580aa2917b60a1fc.json","parameterValues":[]}