{"uid":"28f1054d81f385fa","name":"Update Test Case via API","fullName":"tests.TestCaseApiTest.testCaseShouldBeUpdatedViaApi","historyId":"633fdcdeca6102efdf4fd60332576e2e","time":{"start":1706865897208,"stop":1706865898964,"duration":1756},"status":"skipped","statusMessage":"Cannot deserialize value of type `int` from Boolean value (token `JsonToken.VALUE_TRUE`)\n at [Source: UNKNOWN; line: -1, column: -1] (through reference chain: models.response.ResponseApi[\"result\"]->models.cases.Case[\"isManual\"])","statusTrace":"java.lang.IllegalArgumentException: Cannot deserialize value of type `int` from Boolean value (token `JsonToken.VALUE_TRUE`)\n at [Source: UNKNOWN; line: -1, column: -1] (through reference chain: models.response.ResponseApi[\"result\"]->models.cases.Case[\"isManual\"])\n\tat com.fasterxml.jackson.databind.ObjectMapper._convert(ObjectMapper.java:4314)\n\tat com.fasterxml.jackson.databind.ObjectMapper.convertValue(ObjectMapper.java:4255)\n\tat adapters.CaseApi.getCaseInfoById(CaseApi.java:40)\n\tat tests.TestCaseApiTest.testCaseShouldBeUpdatedViaApi(TestCaseApiTest.java:41)\n\tat java.base/jdk.internal.reflect.NativeMethodAccessorImpl.invoke0(Native Method)\n\tat java.base/jdk.internal.reflect.NativeMethodAccessorImpl.invoke(NativeMethodAccessorImpl.java:62)\n\tat java.base/jdk.internal.reflect.DelegatingMethodAccessorImpl.invoke(DelegatingMethodAccessorImpl.java:43)\n\tat java.base/java.lang.reflect.Method.invoke(Method.java:566)\n\tat org.testng.internal.MethodInvocationHelper.invokeMethod(MethodInvocationHelper.java:133)\n\tat org.testng.internal.TestInvoker.invokeMethod(TestInvoker.java:598)\n\tat org.testng.internal.TestInvoker.retryFailed(TestInvoker.java:213)\n\tat org.testng.internal.MethodRunner.runInSequence(MethodRunner.java:58)\n\tat org.testng.internal.TestInvoker$MethodInvocationAgent.invoke(TestInvoker.java:824)\n\tat org.testng.internal.TestInvoker.invokeTestMethods(TestInvoker.java:146)\n\tat org.testng.internal.TestMethodWorker.invokeTestMethods(TestMethodWorker.java:146)\n\tat org.testng.internal.TestMethodWorker.run(TestMethodWorker.java:128)\n\tat java.base/java.util.ArrayList.forEach(ArrayList.java:1541)\n\tat org.testng.TestRunner.privateRun(TestRunner.java:794)\n\tat org.testng.TestRunner.run(TestRunner.java:596)\n\tat org.testng.SuiteRunner.runTest(SuiteRunner.java:377)\n\tat org.testng.SuiteRunner.access$000(SuiteRunner.java:28)\n\tat org.testng.SuiteRunner$SuiteWorker.run(SuiteRunner.java:418)\n\tat org.testng.internal.thread.ThreadUtil.lambda$execute$0(ThreadUtil.java:64)\n\tat java.base/java.util.concurrent.FutureTask.run(FutureTask.java:264)\n\tat java.base/java.util.concurrent.ThreadPoolExecutor.runWorker(ThreadPoolExecutor.java:1128)\n\tat java.base/java.util.concurrent.ThreadPoolExecutor$Worker.run(ThreadPoolExecutor.java:628)\n\tat java.base/java.lang.Thread.run(Thread.java:829)\nCaused by: com.fasterxml.jackson.databind.exc.MismatchedInputException: Cannot deserialize value of type `int` from Boolean value (token `JsonToken.VALUE_TRUE`)\n at [Source: UNKNOWN; line: -1, column: -1] (through reference chain: models.response.ResponseApi[\"result\"]->models.cases.Case[\"isManual\"])\n\tat com.fasterxml.jackson.databind.exc.MismatchedInputException.from(MismatchedInputException.java:59)\n\tat com.fasterxml.jackson.databind.DeserializationContext.reportInputMismatch(DeserializationContext.java:1601)\n\tat com.fasterxml.jackson.databind.DeserializationContext.handleUnexpectedToken(DeserializationContext.java:1375)\n\tat com.fasterxml.jackson.databind.DeserializationContext.handleUnexpectedToken(DeserializationContext.java:1280)\n\tat com.fasterxml.jackson.databind.deser.std.StdDeserializer._parseIntPrimitive(StdDeserializer.java:725)\n\tat com.fasterxml.jackson.databind.deser.std.NumberDeserializers$IntegerDeserializer.deserialize(NumberDeserializers.java:529)\n\tat com.fasterxml.jackson.databind.deser.std.NumberDeserializers$IntegerDeserializer.deserialize(NumberDeserializers.java:506)\n\tat com.fasterxml.jackson.databind.deser.impl.MethodProperty.deserializeAndSet(MethodProperty.java:129)\n\tat com.fasterxml.jackson.databind.deser.BeanDeserializer.vanillaDeserialize(BeanDeserializer.java:324)\n\tat com.fasterxml.jackson.databind.deser.BeanDeserializer.deserialize(BeanDeserializer.java:187)\n\tat com.fasterxml.jackson.databind.deser.impl.MethodProperty.deserializeAndSet(MethodProperty.java:129)\n\tat com.fasterxml.jackson.databind.deser.BeanDeserializer.vanillaDeserialize(BeanDeserializer.java:324)\n\tat com.fasterxml.jackson.databind.deser.BeanDeserializer.deserialize(BeanDeserializer.java:187)\n\tat com.fasterxml.jackson.databind.ObjectMapper._convert(ObjectMapper.java:4309)\n\t... 26 more\n","flaky":false,"newFailed":false,"newBroken":false,"newPassed":false,"retriesCount":0,"retriesStatusChange":false,"beforeStages":[{"name":"Prepare API test data","time":{"start":1706865897206,"stop":1706865897207,"duration":1},"description":"Prepare API test data","status":"passed","steps":[],"attachments":[],"parameters":[],"shouldDisplayMessage":false,"stepsCount":0,"attachmentsCount":0,"hasContent":false}],"testStage":{"status":"skipped","statusMessage":"Cannot deserialize value of type `int` from Boolean value (token `JsonToken.VALUE_TRUE`)\n at [Source: UNKNOWN; line: -1, column: -1] (through reference chain: models.response.ResponseApi[\"result\"]->models.cases.Case[\"isManual\"])","statusTrace":"java.lang.IllegalArgumentException: Cannot deserialize value of type `int` from Boolean value (token `JsonToken.VALUE_TRUE`)\n at [Source: UNKNOWN; line: -1, column: -1] (through reference chain: models.response.ResponseApi[\"result\"]->models.cases.Case[\"isManual\"])\n\tat com.fasterxml.jackson.databind.ObjectMapper._convert(ObjectMapper.java:4314)\n\tat com.fasterxml.jackson.databind.ObjectMapper.convertValue(ObjectMapper.java:4255)\n\tat adapters.CaseApi.getCaseInfoById(CaseApi.java:40)\n\tat tests.TestCaseApiTest.testCaseShouldBeUpdatedViaApi(TestCaseApiTest.java:41)\n\tat java.base/jdk.internal.reflect.NativeMethodAccessorImpl.invoke0(Native Method)\n\tat java.base/jdk.internal.reflect.NativeMethodAccessorImpl.invoke(NativeMethodAccessorImpl.java:62)\n\tat java.base/jdk.internal.reflect.DelegatingMethodAccessorImpl.invoke(DelegatingMethodAccessorImpl.java:43)\n\tat java.base/java.lang.reflect.Method.invoke(Method.java:566)\n\tat org.testng.internal.MethodInvocationHelper.invokeMethod(MethodInvocationHelper.java:133)\n\tat org.testng.internal.TestInvoker.invokeMethod(TestInvoker.java:598)\n\tat org.testng.internal.TestInvoker.retryFailed(TestInvoker.java:213)\n\tat org.testng.internal.MethodRunner.runInSequence(MethodRunner.java:58)\n\tat org.testng.internal.TestInvoker$MethodInvocationAgent.invoke(TestInvoker.java:824)\n\tat org.testng.internal.TestInvoker.invokeTestMethods(TestInvoker.java:146)\n\tat org.testng.internal.TestMethodWorker.invokeTestMethods(TestMethodWorker.java:146)\n\tat org.testng.internal.TestMethodWorker.run(TestMethodWorker.java:128)\n\tat java.base/java.util.ArrayList.forEach(ArrayList.java:1541)\n\tat org.testng.TestRunner.privateRun(TestRunner.java:794)\n\tat org.testng.TestRunner.run(TestRunner.java:596)\n\tat org.testng.SuiteRunner.runTest(SuiteRunner.java:377)\n\tat org.testng.SuiteRunner.access$000(SuiteRunner.java:28)\n\tat org.testng.SuiteRunner$SuiteWorker.run(SuiteRunner.java:418)\n\tat org.testng.internal.thread.ThreadUtil.lambda$execute$0(ThreadUtil.java:64)\n\tat java.base/java.util.concurrent.FutureTask.run(FutureTask.java:264)\n\tat java.base/java.util.concurrent.ThreadPoolExecutor.runWorker(ThreadPoolExecutor.java:1128)\n\tat java.base/java.util.concurrent.ThreadPoolExecutor$Worker.run(ThreadPoolExecutor.java:628)\n\tat java.base/java.lang.Thread.run(Thread.java:829)\nCaused by: com.fasterxml.jackson.databind.exc.MismatchedInputException: Cannot deserialize value of type `int` from Boolean value (token `JsonToken.VALUE_TRUE`)\n at [Source: UNKNOWN; line: -1, column: -1] (through reference chain: models.response.ResponseApi[\"result\"]->models.cases.Case[\"isManual\"])\n\tat com.fasterxml.jackson.databind.exc.MismatchedInputException.from(MismatchedInputException.java:59)\n\tat com.fasterxml.jackson.databind.DeserializationContext.reportInputMismatch(DeserializationContext.java:1601)\n\tat com.fasterxml.jackson.databind.DeserializationContext.handleUnexpectedToken(DeserializationContext.java:1375)\n\tat com.fasterxml.jackson.databind.DeserializationContext.handleUnexpectedToken(DeserializationContext.java:1280)\n\tat com.fasterxml.jackson.databind.deser.std.StdDeserializer._parseIntPrimitive(StdDeserializer.java:725)\n\tat com.fasterxml.jackson.databind.deser.std.NumberDeserializers$IntegerDeserializer.deserialize(NumberDeserializers.java:529)\n\tat com.fasterxml.jackson.databind.deser.std.NumberDeserializers$IntegerDeserializer.deserialize(NumberDeserializers.java:506)\n\tat com.fasterxml.jackson.databind.deser.impl.MethodProperty.deserializeAndSet(MethodProperty.java:129)\n\tat com.fasterxml.jackson.databind.deser.BeanDeserializer.vanillaDeserialize(BeanDeserializer.java:324)\n\tat com.fasterxml.jackson.databind.deser.BeanDeserializer.deserialize(BeanDeserializer.java:187)\n\tat com.fasterxml.jackson.databind.deser.impl.MethodProperty.deserializeAndSet(MethodProperty.java:129)\n\tat com.fasterxml.jackson.databind.deser.BeanDeserializer.vanillaDeserialize(BeanDeserializer.java:324)\n\tat com.fasterxml.jackson.databind.deser.BeanDeserializer.deserialize(BeanDeserializer.java:187)\n\tat com.fasterxml.jackson.databind.ObjectMapper._convert(ObjectMapper.java:4309)\n\t... 26 more\n","steps":[{"name":"Generate Project test data","time":{"start":1706865897208,"stop":1706865897208,"duration":0},"status":"passed","steps":[],"attachments":[],"parameters":[],"shouldDisplayMessage":false,"stepsCount":0,"attachmentsCount":0,"hasContent":false},{"name":"Generate Suite test data","time":{"start":1706865897208,"stop":1706865897209,"duration":1},"status":"passed","steps":[],"attachments":[],"parameters":[],"shouldDisplayMessage":false,"stepsCount":0,"attachmentsCount":0,"hasContent":false},{"name":"Generate Test Case test data","time":{"start":1706865897209,"stop":1706865897209,"duration":0},"status":"passed","steps":[{"name":"Generate set of Test Case steps ( 5 steps in set)","time":{"start":1706865897209,"stop":1706865897209,"duration":0},"status":"passed","steps":[],"attachments":[],"parameters":[{"name":"stepsQuantity","value":"5"}],"shouldDisplayMessage":false,"stepsCount":0,"attachmentsCount":0,"hasContent":true}],"attachments":[],"parameters":[],"shouldDisplayMessage":false,"stepsCount":1,"attachmentsCount":0,"hasContent":true},{"name":"[API] Create new Project","time":{"start":1706865897209,"stop":1706865897632,"duration":423},"status":"passed","steps":[],"attachments":[],"parameters":[{"name":"project","value":"Project(title=Stanton, code=HICKLE, description=tortoise Horace, access=all, group=test, counts=null, runs=null, defects=null)"}],"shouldDisplayMessage":false,"stepsCount":0,"attachmentsCount":0,"hasContent":true},{"name":"[API] Create Suite for project with code 'HICKLE'","time":{"start":1706865897632,"stop":1706865897914,"duration":282},"status":"passed","steps":[],"attachments":[],"parameters":[{"name":"projectCode","value":"HICKLE"},{"name":"suite","value":"Suite(id=1, title=Boyer, description=marten Neoma, preconditions=seal Mitchell, parentId=0, position=0, casesCount=0, created=null, updated=null, createdAt=null, updatedAt=null)"}],"shouldDisplayMessage":false,"stepsCount":0,"attachmentsCount":0,"hasContent":true},{"name":"[API] Create Test Case for Project with code 'HICKLE' and Suite with id '1'","time":{"start":1706865897914,"stop":1706865898285,"duration":371},"status":"passed","steps":[],"attachments":[],"parameters":[{"name":"projectCode","value":"HICKLE"},{"name":"suiteId","value":"1"},{"name":"testCase","value":"Case(id=1, description=fish Anneliese, preconditions=gnu Lawrence, postconditions=llama Garry, title=Pouros, severity=3, priority=2, behavior=2, type=5, layer=0, isFlaky=0, suiteId=0, milestoneId=null, automation=0, status=0, attachments=[], steps=[Steps(action=gnu Antony, expected_result=otter Jean, data=dinosaur Marvin, hash=null, position=0, shared_step_hash=null, shared_step_nested_hash=null, attachments=null, steps=null), Steps(action=alpaca Jarvis, expected_result=mule Frida, data=wolf Bailey, hash=null, position=0, shared_step_hash=null, shared_step_nested_hash=null, attachments=null, steps=null), Steps(action=mole Stephine, expected_result=shark Janna, data=pig Gregg, hash=null, position=0, shared_step_hash=null, shared_step_nested_hash=null, attachments=null, steps=null), Steps(action=koala Liberty, expected_result=porpoise Alleen, data=mammoth Angelena, hash=null, position=0, shared_step_hash=null, shared_step_nested_hash=null, attachments=null, steps=null), Steps(action=monkey Daria, expected_result=manatee Carline, data=pig Scotty, hash=null, position=0, shared_step_hash=null, shared_step_nested_hash=null, attachments=null, steps=null)], tags=null, links=null, params=[], customFields=null, created=null, updated=null, createdAt=null, updatedAt=null, position=0, stepsType=null, memberId=null, authorId=null, deleted=null, isManual=0, isToBeAutomated=false)"}],"shouldDisplayMessage":false,"stepsCount":0,"attachmentsCount":0,"hasContent":true},{"name":"Generate Test Case test data","time":{"start":1706865898285,"stop":1706865898285,"duration":0},"status":"passed","steps":[{"name":"Generate set of Test Case steps ( 5 steps in set)","time":{"start":1706865898285,"stop":1706865898285,"duration":0},"status":"passed","steps":[],"attachments":[],"parameters":[{"name":"stepsQuantity","value":"5"}],"shouldDisplayMessage":false,"stepsCount":0,"attachmentsCount":0,"hasContent":true}],"attachments":[],"parameters":[],"shouldDisplayMessage":false,"stepsCount":1,"attachmentsCount":0,"hasContent":true},{"name":"[API] Update Test Case for Project with code 'HICKLE'","time":{"start":1706865898286,"stop":1706865898649,"duration":363},"status":"passed","steps":[],"attachments":[],"parameters":[{"name":"projectCode","value":"HICKLE"},{"name":"cases","value":"Case(id=1, description=bear Alysha, preconditions=chinchilla Modesto, postconditions=salmon Sheena, title=Leannon, severity=4, priority=0, behavior=2, type=5, layer=0, isFlaky=0, suiteId=0, milestoneId=null, automation=0, status=0, attachments=[], steps=[Steps(action=ferret Bess, expected_result=cicada Eryn, data=weasel Serita, hash=null, position=0, shared_step_hash=null, shared_step_nested_hash=null, attachments=null, steps=null), Steps(action=dog Martin, expected_result=giraffe Jude, data=cockroach Sang, hash=null, position=0, shared_step_hash=null, shared_step_nested_hash=null, attachments=null, steps=null), Steps(action=cricket Mammie, expected_result=goat Rolande, data=jackal Rey, hash=null, position=0, shared_step_hash=null, shared_step_nested_hash=null, attachments=null, steps=null), Steps(action=otter Nicolle, expected_result=monkey Wendell, data=kangaroo Vincenzo, hash=null, position=0, shared_step_hash=null, shared_step_nested_hash=null, attachments=null, steps=null), Steps(action=eel Ron, expected_result=cod Edgar, data=trout Lakeshia, hash=null, position=0, shared_step_hash=null, shared_step_nested_hash=null, attachments=null, steps=null)], tags=null, links=null, params=[], customFields=null, created=null, updated=null, createdAt=null, updatedAt=null, position=0, stepsType=null, memberId=null, authorId=null, deleted=null, isManual=0, isToBeAutomated=false)"}],"shouldDisplayMessage":false,"stepsCount":0,"attachmentsCount":0,"hasContent":true},{"name":"[API] Get Test Case Info for Project with code 'HICKLE'","time":{"start":1706865898649,"stop":1706865898964,"duration":315},"status":"broken","statusMessage":"Cannot deserialize value of type `int` from Boolean value (token `JsonToken.VALUE_TRUE`)\n at [Source: UNKNOWN; line: -1, column: -1] (through reference chain: models.response.ResponseApi[\"result\"]->models.cases.Case[\"isManual\"])","statusTrace":"java.lang.IllegalArgumentException: Cannot deserialize value of type `int` from Boolean value (token `JsonToken.VALUE_TRUE`)\n at [Source: UNKNOWN; line: -1, column: -1] (through reference chain: models.response.ResponseApi[\"result\"]->models.cases.Case[\"isManual\"])\n\tat com.fasterxml.jackson.databind.ObjectMapper._convert(ObjectMapper.java:4314)\n\tat com.fasterxml.jackson.databind.ObjectMapper.convertValue(ObjectMapper.java:4255)\n\tat adapters.CaseApi.getCaseInfoById(CaseApi.java:40)\n\tat tests.TestCaseApiTest.testCaseShouldBeUpdatedViaApi(TestCaseApiTest.java:41)\n\tat java.base/jdk.internal.reflect.NativeMethodAccessorImpl.invoke0(Native Method)\n\tat java.base/jdk.internal.reflect.NativeMethodAccessorImpl.invoke(NativeMethodAccessorImpl.java:62)\n\tat java.base/jdk.internal.reflect.DelegatingMethodAccessorImpl.invoke(DelegatingMethodAccessorImpl.java:43)\n\tat java.base/java.lang.reflect.Method.invoke(Method.java:566)\n\tat org.testng.internal.MethodInvocationHelper.invokeMethod(MethodInvocationHelper.java:133)\n\tat org.testng.internal.TestInvoker.invokeMethod(TestInvoker.java:598)\n\tat org.testng.internal.TestInvoker.retryFailed(TestInvoker.java:213)\n\tat org.testng.internal.MethodRunner.runInSequence(MethodRunner.java:58)\n\tat org.testng.internal.TestInvoker$MethodInvocationAgent.invoke(TestInvoker.java:824)\n\tat org.testng.internal.TestInvoker.invokeTestMethods(TestInvoker.java:146)\n\tat org.testng.internal.TestMethodWorker.invokeTestMethods(TestMethodWorker.java:146)\n\tat org.testng.internal.TestMethodWorker.run(TestMethodWorker.java:128)\n\tat java.base/java.util.ArrayList.forEach(ArrayList.java:1541)\n\tat org.testng.TestRunner.privateRun(TestRunner.java:794)\n\tat org.testng.TestRunner.run(TestRunner.java:596)\n\tat org.testng.SuiteRunner.runTest(SuiteRunner.java:377)\n\tat org.testng.SuiteRunner.access$000(SuiteRunner.java:28)\n\tat org.testng.SuiteRunner$SuiteWorker.run(SuiteRunner.java:418)\n\tat org.testng.internal.thread.ThreadUtil.lambda$execute$0(ThreadUtil.java:64)\n\tat java.base/java.util.concurrent.FutureTask.run(FutureTask.java:264)\n\tat java.base/java.util.concurrent.ThreadPoolExecutor.runWorker(ThreadPoolExecutor.java:1128)\n\tat java.base/java.util.concurrent.ThreadPoolExecutor$Worker.run(ThreadPoolExecutor.java:628)\n\tat java.base/java.lang.Thread.run(Thread.java:829)\nCaused by: com.fasterxml.jackson.databind.exc.MismatchedInputException: Cannot deserialize value of type `int` from Boolean value (token `JsonToken.VALUE_TRUE`)\n at [Source: UNKNOWN; line: -1, column: -1] (through reference chain: models.response.ResponseApi[\"result\"]->models.cases.Case[\"isManual\"])\n\tat com.fasterxml.jackson.databind.exc.MismatchedInputException.from(MismatchedInputException.java:59)\n\tat com.fasterxml.jackson.databind.DeserializationContext.reportInputMismatch(DeserializationContext.java:1601)\n\tat com.fasterxml.jackson.databind.DeserializationContext.handleUnexpectedToken(DeserializationContext.java:1375)\n\tat com.fasterxml.jackson.databind.DeserializationContext.handleUnexpectedToken(DeserializationContext.java:1280)\n\tat com.fasterxml.jackson.databind.deser.std.StdDeserializer._parseIntPrimitive(StdDeserializer.java:725)\n\tat com.fasterxml.jackson.databind.deser.std.NumberDeserializers$IntegerDeserializer.deserialize(NumberDeserializers.java:529)\n\tat com.fasterxml.jackson.databind.deser.std.NumberDeserializers$IntegerDeserializer.deserialize(NumberDeserializers.java:506)\n\tat com.fasterxml.jackson.databind.deser.impl.MethodProperty.deserializeAndSet(MethodProperty.java:129)\n\tat com.fasterxml.jackson.databind.deser.BeanDeserializer.vanillaDeserialize(BeanDeserializer.java:324)\n\tat com.fasterxml.jackson.databind.deser.BeanDeserializer.deserialize(BeanDeserializer.java:187)\n\tat com.fasterxml.jackson.databind.deser.impl.MethodProperty.deserializeAndSet(MethodProperty.java:129)\n\tat com.fasterxml.jackson.databind.deser.BeanDeserializer.vanillaDeserialize(BeanDeserializer.java:324)\n\tat com.fasterxml.jackson.databind.deser.BeanDeserializer.deserialize(BeanDeserializer.java:187)\n\tat com.fasterxml.jackson.databind.ObjectMapper._convert(ObjectMapper.java:4309)\n\t... 26 more\n","steps":[],"attachments":[],"parameters":[{"name":"projectCode","value":"HICKLE"},{"name":"testCase","value":"Case(id=1, description=bear Alysha, preconditions=chinchilla Modesto, postconditions=salmon Sheena, title=Leannon, severity=4, priority=0, behavior=2, type=5, layer=0, isFlaky=0, suiteId=0, milestoneId=null, automation=0, status=0, attachments=[], steps=[Steps(action=ferret Bess, expected_result=cicada Eryn, data=weasel Serita, hash=null, position=0, shared_step_hash=null, shared_step_nested_hash=null, attachments=null, steps=null), Steps(action=dog Martin, expected_result=giraffe Jude, data=cockroach Sang, hash=null, position=0, shared_step_hash=null, shared_step_nested_hash=null, attachments=null, steps=null), Steps(action=cricket Mammie, expected_result=goat Rolande, data=jackal Rey, hash=null, position=0, shared_step_hash=null, shared_step_nested_hash=null, attachments=null, steps=null), Steps(action=otter Nicolle, expected_result=monkey Wendell, data=kangaroo Vincenzo, hash=null, position=0, shared_step_hash=null, shared_step_nested_hash=null, attachments=null, steps=null), Steps(action=eel Ron, expected_result=cod Edgar, data=trout Lakeshia, hash=null, position=0, shared_step_hash=null, shared_step_nested_hash=null, attachments=null, steps=null)], tags=null, links=null, params=[], customFields=null, created=null, updated=null, createdAt=null, updatedAt=null, position=0, stepsType=null, memberId=null, authorId=null, deleted=null, isManual=0, isToBeAutomated=false)"}],"shouldDisplayMessage":true,"stepsCount":0,"attachmentsCount":0,"hasContent":true}],"attachments":[],"parameters":[],"shouldDisplayMessage":false,"stepsCount":11,"attachmentsCount":0,"hasContent":true},"afterStages":[],"labels":[{"name":"package","value":"tests.TestCaseApiTest"},{"name":"testClass","value":"tests.TestCaseApiTest"},{"name":"testMethod","value":"testCaseShouldBeUpdatedViaApi"},{"name":"parentSuite","value":"QaseIO Smoke Test"},{"name":"suite","value":"Thread #2"},{"name":"subSuite","value":"tests.TestCaseApiTest"},{"name":"host","value":"fv-az698-263"},{"name":"thread","value":"2105@fv-az698-263.TestNG-tests-2(19)"},{"name":"framework","value":"testng"},{"name":"language","value":"java"},{"name":"resultFormat","value":"allure2"}],"parameters":[],"links":[],"hidden":true,"retry":true,"extra":{"categories":[],"tags":[]},"source":"28f1054d81f385fa.json","parameterValues":[]}