{"uid":"c1dd37d57cf85412","name":"Remove Test Case via API","fullName":"tests.TestCaseApiTest.testCaseShouldBeRemovedViaApi","historyId":"1d463fa737322b777b147a12317840df","time":{"start":1706865476607,"stop":1706865477296,"duration":689},"status":"broken","statusMessage":"Cannot deserialize value of type `int` from Boolean value (token `JsonToken.VALUE_TRUE`)\n at [Source: UNKNOWN; line: -1, column: -1] (through reference chain: models.response.ResponseApi[\"result\"]->models.cases.Case[\"isManual\"])","statusTrace":"java.lang.IllegalArgumentException: Cannot deserialize value of type `int` from Boolean value (token `JsonToken.VALUE_TRUE`)\n at [Source: UNKNOWN; line: -1, column: -1] (through reference chain: models.response.ResponseApi[\"result\"]->models.cases.Case[\"isManual\"])\n\tat com.fasterxml.jackson.databind.ObjectMapper._convert(ObjectMapper.java:4314)\n\tat com.fasterxml.jackson.databind.ObjectMapper.convertValue(ObjectMapper.java:4255)\n\tat adapters.CaseApi.getCaseInfoById(CaseApi.java:40)\n\tat tests.TestCaseApiTest.testCaseShouldBeRemovedViaApi(TestCaseApiTest.java:57)\n\tat java.base/jdk.internal.reflect.NativeMethodAccessorImpl.invoke0(Native Method)\n\tat java.base/jdk.internal.reflect.NativeMethodAccessorImpl.invoke(NativeMethodAccessorImpl.java:62)\n\tat java.base/jdk.internal.reflect.DelegatingMethodAccessorImpl.invoke(DelegatingMethodAccessorImpl.java:43)\n\tat java.base/java.lang.reflect.Method.invoke(Method.java:566)\n\tat org.testng.internal.MethodInvocationHelper.invokeMethod(MethodInvocationHelper.java:133)\n\tat org.testng.internal.TestInvoker.invokeMethod(TestInvoker.java:598)\n\tat org.testng.internal.TestInvoker.retryFailed(TestInvoker.java:213)\n\tat org.testng.internal.MethodRunner.runInSequence(MethodRunner.java:58)\n\tat org.testng.internal.TestInvoker$MethodInvocationAgent.invoke(TestInvoker.java:824)\n\tat org.testng.internal.TestInvoker.invokeTestMethods(TestInvoker.java:146)\n\tat org.testng.internal.TestMethodWorker.invokeTestMethods(TestMethodWorker.java:146)\n\tat org.testng.internal.TestMethodWorker.run(TestMethodWorker.java:128)\n\tat java.base/java.util.ArrayList.forEach(ArrayList.java:1541)\n\tat org.testng.TestRunner.privateRun(TestRunner.java:794)\n\tat org.testng.TestRunner.run(TestRunner.java:596)\n\tat org.testng.SuiteRunner.runTest(SuiteRunner.java:377)\n\tat org.testng.SuiteRunner.access$000(SuiteRunner.java:28)\n\tat org.testng.SuiteRunner$SuiteWorker.run(SuiteRunner.java:418)\n\tat org.testng.internal.thread.ThreadUtil.lambda$execute$0(ThreadUtil.java:64)\n\tat java.base/java.util.concurrent.FutureTask.run(FutureTask.java:264)\n\tat java.base/java.util.concurrent.ThreadPoolExecutor.runWorker(ThreadPoolExecutor.java:1128)\n\tat java.base/java.util.concurrent.ThreadPoolExecutor$Worker.run(ThreadPoolExecutor.java:628)\n\tat java.base/java.lang.Thread.run(Thread.java:829)\nCaused by: com.fasterxml.jackson.databind.exc.MismatchedInputException: Cannot deserialize value of type `int` from Boolean value (token `JsonToken.VALUE_TRUE`)\n at [Source: UNKNOWN; line: -1, column: -1] (through reference chain: models.response.ResponseApi[\"result\"]->models.cases.Case[\"isManual\"])\n\tat com.fasterxml.jackson.databind.exc.MismatchedInputException.from(MismatchedInputException.java:59)\n\tat com.fasterxml.jackson.databind.DeserializationContext.reportInputMismatch(DeserializationContext.java:1601)\n\tat com.fasterxml.jackson.databind.DeserializationContext.handleUnexpectedToken(DeserializationContext.java:1375)\n\tat com.fasterxml.jackson.databind.DeserializationContext.handleUnexpectedToken(DeserializationContext.java:1280)\n\tat com.fasterxml.jackson.databind.deser.std.StdDeserializer._parseIntPrimitive(StdDeserializer.java:725)\n\tat com.fasterxml.jackson.databind.deser.std.NumberDeserializers$IntegerDeserializer.deserialize(NumberDeserializers.java:529)\n\tat com.fasterxml.jackson.databind.deser.std.NumberDeserializers$IntegerDeserializer.deserialize(NumberDeserializers.java:506)\n\tat com.fasterxml.jackson.databind.deser.impl.MethodProperty.deserializeAndSet(MethodProperty.java:129)\n\tat com.fasterxml.jackson.databind.deser.BeanDeserializer.vanillaDeserialize(BeanDeserializer.java:324)\n\tat com.fasterxml.jackson.databind.deser.BeanDeserializer.deserialize(BeanDeserializer.java:187)\n\tat com.fasterxml.jackson.databind.deser.impl.MethodProperty.deserializeAndSet(MethodProperty.java:129)\n\tat com.fasterxml.jackson.databind.deser.BeanDeserializer.vanillaDeserialize(BeanDeserializer.java:324)\n\tat com.fasterxml.jackson.databind.deser.BeanDeserializer.deserialize(BeanDeserializer.java:187)\n\tat com.fasterxml.jackson.databind.ObjectMapper._convert(ObjectMapper.java:4309)\n\t... 26 more\n","flaky":false,"newFailed":false,"newBroken":true,"newPassed":false,"retriesCount":2,"retriesStatusChange":true,"beforeStages":[{"name":"Prepare API test data","time":{"start":1706865476605,"stop":1706865476606,"duration":1},"description":"Prepare API test data","status":"passed","steps":[],"attachments":[],"parameters":[],"shouldDisplayMessage":false,"stepsCount":0,"attachmentsCount":0,"hasContent":false}],"testStage":{"status":"broken","statusMessage":"Cannot deserialize value of type `int` from Boolean value (token `JsonToken.VALUE_TRUE`)\n at [Source: UNKNOWN; line: -1, column: -1] (through reference chain: models.response.ResponseApi[\"result\"]->models.cases.Case[\"isManual\"])","statusTrace":"java.lang.IllegalArgumentException: Cannot deserialize value of type `int` from Boolean value (token `JsonToken.VALUE_TRUE`)\n at [Source: UNKNOWN; line: -1, column: -1] (through reference chain: models.response.ResponseApi[\"result\"]->models.cases.Case[\"isManual\"])\n\tat com.fasterxml.jackson.databind.ObjectMapper._convert(ObjectMapper.java:4314)\n\tat com.fasterxml.jackson.databind.ObjectMapper.convertValue(ObjectMapper.java:4255)\n\tat adapters.CaseApi.getCaseInfoById(CaseApi.java:40)\n\tat tests.TestCaseApiTest.testCaseShouldBeRemovedViaApi(TestCaseApiTest.java:57)\n\tat java.base/jdk.internal.reflect.NativeMethodAccessorImpl.invoke0(Native Method)\n\tat java.base/jdk.internal.reflect.NativeMethodAccessorImpl.invoke(NativeMethodAccessorImpl.java:62)\n\tat java.base/jdk.internal.reflect.DelegatingMethodAccessorImpl.invoke(DelegatingMethodAccessorImpl.java:43)\n\tat java.base/java.lang.reflect.Method.invoke(Method.java:566)\n\tat org.testng.internal.MethodInvocationHelper.invokeMethod(MethodInvocationHelper.java:133)\n\tat org.testng.internal.TestInvoker.invokeMethod(TestInvoker.java:598)\n\tat org.testng.internal.TestInvoker.retryFailed(TestInvoker.java:213)\n\tat org.testng.internal.MethodRunner.runInSequence(MethodRunner.java:58)\n\tat org.testng.internal.TestInvoker$MethodInvocationAgent.invoke(TestInvoker.java:824)\n\tat org.testng.internal.TestInvoker.invokeTestMethods(TestInvoker.java:146)\n\tat org.testng.internal.TestMethodWorker.invokeTestMethods(TestMethodWorker.java:146)\n\tat org.testng.internal.TestMethodWorker.run(TestMethodWorker.java:128)\n\tat java.base/java.util.ArrayList.forEach(ArrayList.java:1541)\n\tat org.testng.TestRunner.privateRun(TestRunner.java:794)\n\tat org.testng.TestRunner.run(TestRunner.java:596)\n\tat org.testng.SuiteRunner.runTest(SuiteRunner.java:377)\n\tat org.testng.SuiteRunner.access$000(SuiteRunner.java:28)\n\tat org.testng.SuiteRunner$SuiteWorker.run(SuiteRunner.java:418)\n\tat org.testng.internal.thread.ThreadUtil.lambda$execute$0(ThreadUtil.java:64)\n\tat java.base/java.util.concurrent.FutureTask.run(FutureTask.java:264)\n\tat java.base/java.util.concurrent.ThreadPoolExecutor.runWorker(ThreadPoolExecutor.java:1128)\n\tat java.base/java.util.concurrent.ThreadPoolExecutor$Worker.run(ThreadPoolExecutor.java:628)\n\tat java.base/java.lang.Thread.run(Thread.java:829)\nCaused by: com.fasterxml.jackson.databind.exc.MismatchedInputException: Cannot deserialize value of type `int` from Boolean value (token `JsonToken.VALUE_TRUE`)\n at [Source: UNKNOWN; line: -1, column: -1] (through reference chain: models.response.ResponseApi[\"result\"]->models.cases.Case[\"isManual\"])\n\tat com.fasterxml.jackson.databind.exc.MismatchedInputException.from(MismatchedInputException.java:59)\n\tat com.fasterxml.jackson.databind.DeserializationContext.reportInputMismatch(DeserializationContext.java:1601)\n\tat com.fasterxml.jackson.databind.DeserializationContext.handleUnexpectedToken(DeserializationContext.java:1375)\n\tat com.fasterxml.jackson.databind.DeserializationContext.handleUnexpectedToken(DeserializationContext.java:1280)\n\tat com.fasterxml.jackson.databind.deser.std.StdDeserializer._parseIntPrimitive(StdDeserializer.java:725)\n\tat com.fasterxml.jackson.databind.deser.std.NumberDeserializers$IntegerDeserializer.deserialize(NumberDeserializers.java:529)\n\tat com.fasterxml.jackson.databind.deser.std.NumberDeserializers$IntegerDeserializer.deserialize(NumberDeserializers.java:506)\n\tat com.fasterxml.jackson.databind.deser.impl.MethodProperty.deserializeAndSet(MethodProperty.java:129)\n\tat com.fasterxml.jackson.databind.deser.BeanDeserializer.vanillaDeserialize(BeanDeserializer.java:324)\n\tat com.fasterxml.jackson.databind.deser.BeanDeserializer.deserialize(BeanDeserializer.java:187)\n\tat com.fasterxml.jackson.databind.deser.impl.MethodProperty.deserializeAndSet(MethodProperty.java:129)\n\tat com.fasterxml.jackson.databind.deser.BeanDeserializer.vanillaDeserialize(BeanDeserializer.java:324)\n\tat com.fasterxml.jackson.databind.deser.BeanDeserializer.deserialize(BeanDeserializer.java:187)\n\tat com.fasterxml.jackson.databind.ObjectMapper._convert(ObjectMapper.java:4309)\n\t... 26 more\n","steps":[{"name":"Generate Project test data","time":{"start":1706865476607,"stop":1706865476607,"duration":0},"status":"passed","steps":[],"attachments":[],"parameters":[],"shouldDisplayMessage":false,"stepsCount":0,"attachmentsCount":0,"hasContent":false},{"name":"Generate Suite test data","time":{"start":1706865476607,"stop":1706865476607,"duration":0},"status":"passed","steps":[],"attachments":[],"parameters":[],"shouldDisplayMessage":false,"stepsCount":0,"attachmentsCount":0,"hasContent":false},{"name":"Generate Test Case test data","time":{"start":1706865476607,"stop":1706865476608,"duration":1},"status":"passed","steps":[{"name":"Generate set of Test Case steps ( 5 steps in set)","time":{"start":1706865476608,"stop":1706865476608,"duration":0},"status":"passed","steps":[],"attachments":[],"parameters":[{"name":"stepsQuantity","value":"5"}],"shouldDisplayMessage":false,"stepsCount":0,"attachmentsCount":0,"hasContent":true}],"attachments":[],"parameters":[],"shouldDisplayMessage":false,"stepsCount":1,"attachmentsCount":0,"hasContent":true},{"name":"[API] Create new Project","time":{"start":1706865476608,"stop":1706865476848,"duration":240},"status":"passed","steps":[],"attachments":[],"parameters":[{"name":"project","value":"Project(title=Durgan, code=TURCOTTE, description=prairie dog Wes, access=all, group=test, counts=null, runs=null, defects=null)"}],"shouldDisplayMessage":false,"stepsCount":0,"attachmentsCount":0,"hasContent":true},{"name":"[API] Create Suite for project with code 'TURCOTTE'","time":{"start":1706865476848,"stop":1706865476974,"duration":126},"status":"passed","steps":[],"attachments":[],"parameters":[{"name":"projectCode","value":"TURCOTTE"},{"name":"suite","value":"Suite(id=1, title=Aufderhar, description=skunk Wiley, preconditions=guinea pig Elois, parentId=0, position=0, casesCount=0, created=null, updated=null, createdAt=null, updatedAt=null)"}],"shouldDisplayMessage":false,"stepsCount":0,"attachmentsCount":0,"hasContent":true},{"name":"[API] Create Test Case for Project with code 'TURCOTTE' and Suite with id '1'","time":{"start":1706865476974,"stop":1706865477175,"duration":201},"status":"passed","steps":[],"attachments":[],"parameters":[{"name":"projectCode","value":"TURCOTTE"},{"name":"suiteId","value":"1"},{"name":"testCase","value":"Case(id=1, description=spider Timothy, preconditions=gnu Herma, postconditions=cricket Ressie, title=Gutkowski, severity=5, priority=1, behavior=2, type=1, layer=1, isFlaky=0, suiteId=0, milestoneId=null, automation=1, status=0, attachments=[], steps=[Steps(action=zebra Vivan, expected_result=sardine Stanford, data=termite Racquel, hash=null, position=0, shared_step_hash=null, shared_step_nested_hash=null, attachments=null, steps=null), Steps(action=gorilla Chauncey, expected_result=walrus Efren, data=platypus Luci, hash=null, position=0, shared_step_hash=null, shared_step_nested_hash=null, attachments=null, steps=null), Steps(action=platypus Dewitt, expected_result=hedgehog Agripina, data=tortoise Sam, hash=null, position=0, shared_step_hash=null, shared_step_nested_hash=null, attachments=null, steps=null), Steps(action=frog Mauro, expected_result=giraffe Odelia, data=marten Terica, hash=null, position=0, shared_step_hash=null, shared_step_nested_hash=null, attachments=null, steps=null), Steps(action=minnow Tiara, expected_result=panda Virgina, data=elk Adalberto, hash=null, position=0, shared_step_hash=null, shared_step_nested_hash=null, attachments=null, steps=null)], tags=null, links=null, params=[], customFields=null, created=null, updated=null, createdAt=null, updatedAt=null, position=0, stepsType=null, memberId=null, authorId=null, deleted=null, isManual=0, isToBeAutomated=false)"}],"shouldDisplayMessage":false,"stepsCount":0,"attachmentsCount":0,"hasContent":true},{"name":"[API] Get Test Case Info for Project with code 'TURCOTTE'","time":{"start":1706865477175,"stop":1706865477295,"duration":120},"status":"broken","statusMessage":"Cannot deserialize value of type `int` from Boolean value (token `JsonToken.VALUE_TRUE`)\n at [Source: UNKNOWN; line: -1, column: -1] (through reference chain: models.response.ResponseApi[\"result\"]->models.cases.Case[\"isManual\"])","statusTrace":"java.lang.IllegalArgumentException: Cannot deserialize value of type `int` from Boolean value (token `JsonToken.VALUE_TRUE`)\n at [Source: UNKNOWN; line: -1, column: -1] (through reference chain: models.response.ResponseApi[\"result\"]->models.cases.Case[\"isManual\"])\n\tat com.fasterxml.jackson.databind.ObjectMapper._convert(ObjectMapper.java:4314)\n\tat com.fasterxml.jackson.databind.ObjectMapper.convertValue(ObjectMapper.java:4255)\n\tat adapters.CaseApi.getCaseInfoById(CaseApi.java:40)\n\tat tests.TestCaseApiTest.testCaseShouldBeRemovedViaApi(TestCaseApiTest.java:57)\n\tat java.base/jdk.internal.reflect.NativeMethodAccessorImpl.invoke0(Native Method)\n\tat java.base/jdk.internal.reflect.NativeMethodAccessorImpl.invoke(NativeMethodAccessorImpl.java:62)\n\tat java.base/jdk.internal.reflect.DelegatingMethodAccessorImpl.invoke(DelegatingMethodAccessorImpl.java:43)\n\tat java.base/java.lang.reflect.Method.invoke(Method.java:566)\n\tat org.testng.internal.MethodInvocationHelper.invokeMethod(MethodInvocationHelper.java:133)\n\tat org.testng.internal.TestInvoker.invokeMethod(TestInvoker.java:598)\n\tat org.testng.internal.TestInvoker.retryFailed(TestInvoker.java:213)\n\tat org.testng.internal.MethodRunner.runInSequence(MethodRunner.java:58)\n\tat org.testng.internal.TestInvoker$MethodInvocationAgent.invoke(TestInvoker.java:824)\n\tat org.testng.internal.TestInvoker.invokeTestMethods(TestInvoker.java:146)\n\tat org.testng.internal.TestMethodWorker.invokeTestMethods(TestMethodWorker.java:146)\n\tat org.testng.internal.TestMethodWorker.run(TestMethodWorker.java:128)\n\tat java.base/java.util.ArrayList.forEach(ArrayList.java:1541)\n\tat org.testng.TestRunner.privateRun(TestRunner.java:794)\n\tat org.testng.TestRunner.run(TestRunner.java:596)\n\tat org.testng.SuiteRunner.runTest(SuiteRunner.java:377)\n\tat org.testng.SuiteRunner.access$000(SuiteRunner.java:28)\n\tat org.testng.SuiteRunner$SuiteWorker.run(SuiteRunner.java:418)\n\tat org.testng.internal.thread.ThreadUtil.lambda$execute$0(ThreadUtil.java:64)\n\tat java.base/java.util.concurrent.FutureTask.run(FutureTask.java:264)\n\tat java.base/java.util.concurrent.ThreadPoolExecutor.runWorker(ThreadPoolExecutor.java:1128)\n\tat java.base/java.util.concurrent.ThreadPoolExecutor$Worker.run(ThreadPoolExecutor.java:628)\n\tat java.base/java.lang.Thread.run(Thread.java:829)\nCaused by: com.fasterxml.jackson.databind.exc.MismatchedInputException: Cannot deserialize value of type `int` from Boolean value (token `JsonToken.VALUE_TRUE`)\n at [Source: UNKNOWN; line: -1, column: -1] (through reference chain: models.response.ResponseApi[\"result\"]->models.cases.Case[\"isManual\"])\n\tat com.fasterxml.jackson.databind.exc.MismatchedInputException.from(MismatchedInputException.java:59)\n\tat com.fasterxml.jackson.databind.DeserializationContext.reportInputMismatch(DeserializationContext.java:1601)\n\tat com.fasterxml.jackson.databind.DeserializationContext.handleUnexpectedToken(DeserializationContext.java:1375)\n\tat com.fasterxml.jackson.databind.DeserializationContext.handleUnexpectedToken(DeserializationContext.java:1280)\n\tat com.fasterxml.jackson.databind.deser.std.StdDeserializer._parseIntPrimitive(StdDeserializer.java:725)\n\tat com.fasterxml.jackson.databind.deser.std.NumberDeserializers$IntegerDeserializer.deserialize(NumberDeserializers.java:529)\n\tat com.fasterxml.jackson.databind.deser.std.NumberDeserializers$IntegerDeserializer.deserialize(NumberDeserializers.java:506)\n\tat com.fasterxml.jackson.databind.deser.impl.MethodProperty.deserializeAndSet(MethodProperty.java:129)\n\tat com.fasterxml.jackson.databind.deser.BeanDeserializer.vanillaDeserialize(BeanDeserializer.java:324)\n\tat com.fasterxml.jackson.databind.deser.BeanDeserializer.deserialize(BeanDeserializer.java:187)\n\tat com.fasterxml.jackson.databind.deser.impl.MethodProperty.deserializeAndSet(MethodProperty.java:129)\n\tat com.fasterxml.jackson.databind.deser.BeanDeserializer.vanillaDeserialize(BeanDeserializer.java:324)\n\tat com.fasterxml.jackson.databind.deser.BeanDeserializer.deserialize(BeanDeserializer.java:187)\n\tat com.fasterxml.jackson.databind.ObjectMapper._convert(ObjectMapper.java:4309)\n\t... 26 more\n","steps":[],"attachments":[],"parameters":[{"name":"projectCode","value":"TURCOTTE"},{"name":"testCase","value":"Case(id=1, description=spider Timothy, preconditions=gnu Herma, postconditions=cricket Ressie, title=Gutkowski, severity=5, priority=1, behavior=2, type=1, layer=1, isFlaky=0, suiteId=1, milestoneId=null, automation=1, status=0, attachments=[], steps=[Steps(action=zebra Vivan, expected_result=sardine Stanford, data=termite Racquel, hash=null, position=0, shared_step_hash=null, shared_step_nested_hash=null, attachments=null, steps=null), Steps(action=gorilla Chauncey, expected_result=walrus Efren, data=platypus Luci, hash=null, position=0, shared_step_hash=null, shared_step_nested_hash=null, attachments=null, steps=null), Steps(action=platypus Dewitt, expected_result=hedgehog Agripina, data=tortoise Sam, hash=null, position=0, shared_step_hash=null, shared_step_nested_hash=null, attachments=null, steps=null), Steps(action=frog Mauro, expected_result=giraffe Odelia, data=marten Terica, hash=null, position=0, shared_step_hash=null, shared_step_nested_hash=null, attachments=null, steps=null), Steps(action=minnow Tiara, expected_result=panda Virgina, data=elk Adalberto, hash=null, position=0, shared_step_hash=null, shared_step_nested_hash=null, attachments=null, steps=null)], tags=null, links=null, params=[], customFields=null, created=null, updated=null, createdAt=null, updatedAt=null, position=0, stepsType=null, memberId=null, authorId=null, deleted=null, isManual=0, isToBeAutomated=false)"}],"shouldDisplayMessage":true,"stepsCount":0,"attachmentsCount":0,"hasContent":true}],"attachments":[],"parameters":[],"shouldDisplayMessage":false,"stepsCount":8,"attachmentsCount":0,"hasContent":true},"afterStages":[],"labels":[{"name":"package","value":"tests.TestCaseApiTest"},{"name":"testClass","value":"tests.TestCaseApiTest"},{"name":"testMethod","value":"testCaseShouldBeRemovedViaApi"},{"name":"parentSuite","value":"QaseIO Smoke Test"},{"name":"suite","value":"Thread #2"},{"name":"subSuite","value":"tests.TestCaseApiTest"},{"name":"host","value":"fv-az569-644"},{"name":"thread","value":"2094@fv-az569-644.TestNG-tests-2(19)"},{"name":"framework","value":"testng"},{"name":"language","value":"java"},{"name":"resultFormat","value":"allure2"}],"parameters":[],"links":[],"hidden":false,"retry":false,"extra":{"severity":"normal","retries":[{"uid":"41ff649a6369e9e7","status":"skipped","statusDetails":"Cannot deserialize value of type `int` from Boolean value (token `JsonToken.VALUE_TRUE`)\n at [Source: UNKNOWN; line: -1, column: -1] (through reference chain: models.response.ResponseApi[\"result\"]->models.cases.Case[\"isManual\"])","time":{"start":1706865475935,"stop":1706865476604,"duration":669}},{"uid":"272d72e8acbeb500","status":"skipped","statusDetails":"Cannot deserialize value of type `int` from Boolean value (token `JsonToken.VALUE_TRUE`)\n at [Source: UNKNOWN; line: -1, column: -1] (through reference chain: models.response.ResponseApi[\"result\"]->models.cases.Case[\"isManual\"])","time":{"start":1706865475184,"stop":1706865475931,"duration":747}}],"categories":[{"name":"Test defects","matchedStatuses":[],"flaky":false}],"history":{"statistic":{"failed":0,"broken":1,"skipped":0,"passed":2,"unknown":0,"total":3},"items":[{"uid":"b1beeda777ada511","reportUrl":"https://egor-loiko.github.io/QaseIODiplom/23//#testresult/b1beeda777ada511","status":"passed","time":{"start":1706774758758,"stop":1706774759978,"duration":1220}},{"uid":"f52c07702d5ad227","reportUrl":"https://egor-loiko.github.io/QaseIODiplom/23//#testresult/f52c07702d5ad227","status":"passed","time":{"start":1706774348800,"stop":1706774350963,"duration":2163}}]},"tags":[]},"source":"c1dd37d57cf85412.json","parameterValues":[]}