{"uid":"ca661c45afb5210b","name":"Update Test Case via API","fullName":"tests.TestCaseApiTest.testCaseShouldBeUpdatedViaApi","historyId":"633fdcdeca6102efdf4fd60332576e2e","time":{"start":1706865477299,"stop":1706865478162,"duration":863},"status":"skipped","statusMessage":"Cannot deserialize value of type `int` from Boolean value (token `JsonToken.VALUE_TRUE`)\n at [Source: UNKNOWN; line: -1, column: -1] (through reference chain: models.response.ResponseApi[\"result\"]->models.cases.Case[\"isManual\"])","statusTrace":"java.lang.IllegalArgumentException: Cannot deserialize value of type `int` from Boolean value (token `JsonToken.VALUE_TRUE`)\n at [Source: UNKNOWN; line: -1, column: -1] (through reference chain: models.response.ResponseApi[\"result\"]->models.cases.Case[\"isManual\"])\n\tat com.fasterxml.jackson.databind.ObjectMapper._convert(ObjectMapper.java:4314)\n\tat com.fasterxml.jackson.databind.ObjectMapper.convertValue(ObjectMapper.java:4255)\n\tat adapters.CaseApi.getCaseInfoById(CaseApi.java:40)\n\tat tests.TestCaseApiTest.testCaseShouldBeUpdatedViaApi(TestCaseApiTest.java:41)\n\tat java.base/jdk.internal.reflect.NativeMethodAccessorImpl.invoke0(Native Method)\n\tat java.base/jdk.internal.reflect.NativeMethodAccessorImpl.invoke(NativeMethodAccessorImpl.java:62)\n\tat java.base/jdk.internal.reflect.DelegatingMethodAccessorImpl.invoke(DelegatingMethodAccessorImpl.java:43)\n\tat java.base/java.lang.reflect.Method.invoke(Method.java:566)\n\tat org.testng.internal.MethodInvocationHelper.invokeMethod(MethodInvocationHelper.java:133)\n\tat org.testng.internal.TestInvoker.invokeMethod(TestInvoker.java:598)\n\tat org.testng.internal.TestInvoker.invokeTestMethod(TestInvoker.java:173)\n\tat org.testng.internal.MethodRunner.runInSequence(MethodRunner.java:46)\n\tat org.testng.internal.TestInvoker$MethodInvocationAgent.invoke(TestInvoker.java:824)\n\tat org.testng.internal.TestInvoker.invokeTestMethods(TestInvoker.java:146)\n\tat org.testng.internal.TestMethodWorker.invokeTestMethods(TestMethodWorker.java:146)\n\tat org.testng.internal.TestMethodWorker.run(TestMethodWorker.java:128)\n\tat java.base/java.util.ArrayList.forEach(ArrayList.java:1541)\n\tat org.testng.TestRunner.privateRun(TestRunner.java:794)\n\tat org.testng.TestRunner.run(TestRunner.java:596)\n\tat org.testng.SuiteRunner.runTest(SuiteRunner.java:377)\n\tat org.testng.SuiteRunner.access$000(SuiteRunner.java:28)\n\tat org.testng.SuiteRunner$SuiteWorker.run(SuiteRunner.java:418)\n\tat org.testng.internal.thread.ThreadUtil.lambda$execute$0(ThreadUtil.java:64)\n\tat java.base/java.util.concurrent.FutureTask.run(FutureTask.java:264)\n\tat java.base/java.util.concurrent.ThreadPoolExecutor.runWorker(ThreadPoolExecutor.java:1128)\n\tat java.base/java.util.concurrent.ThreadPoolExecutor$Worker.run(ThreadPoolExecutor.java:628)\n\tat java.base/java.lang.Thread.run(Thread.java:829)\nCaused by: com.fasterxml.jackson.databind.exc.MismatchedInputException: Cannot deserialize value of type `int` from Boolean value (token `JsonToken.VALUE_TRUE`)\n at [Source: UNKNOWN; line: -1, column: -1] (through reference chain: models.response.ResponseApi[\"result\"]->models.cases.Case[\"isManual\"])\n\tat com.fasterxml.jackson.databind.exc.MismatchedInputException.from(MismatchedInputException.java:59)\n\tat com.fasterxml.jackson.databind.DeserializationContext.reportInputMismatch(DeserializationContext.java:1601)\n\tat com.fasterxml.jackson.databind.DeserializationContext.handleUnexpectedToken(DeserializationContext.java:1375)\n\tat com.fasterxml.jackson.databind.DeserializationContext.handleUnexpectedToken(DeserializationContext.java:1280)\n\tat com.fasterxml.jackson.databind.deser.std.StdDeserializer._parseIntPrimitive(StdDeserializer.java:725)\n\tat com.fasterxml.jackson.databind.deser.std.NumberDeserializers$IntegerDeserializer.deserialize(NumberDeserializers.java:529)\n\tat com.fasterxml.jackson.databind.deser.std.NumberDeserializers$IntegerDeserializer.deserialize(NumberDeserializers.java:506)\n\tat com.fasterxml.jackson.databind.deser.impl.MethodProperty.deserializeAndSet(MethodProperty.java:129)\n\tat com.fasterxml.jackson.databind.deser.BeanDeserializer.vanillaDeserialize(BeanDeserializer.java:324)\n\tat com.fasterxml.jackson.databind.deser.BeanDeserializer.deserialize(BeanDeserializer.java:187)\n\tat com.fasterxml.jackson.databind.deser.impl.MethodProperty.deserializeAndSet(MethodProperty.java:129)\n\tat com.fasterxml.jackson.databind.deser.BeanDeserializer.vanillaDeserialize(BeanDeserializer.java:324)\n\tat com.fasterxml.jackson.databind.deser.BeanDeserializer.deserialize(BeanDeserializer.java:187)\n\tat com.fasterxml.jackson.databind.ObjectMapper._convert(ObjectMapper.java:4309)\n\t... 26 more\n","flaky":false,"newFailed":false,"newBroken":false,"newPassed":false,"retriesCount":0,"retriesStatusChange":false,"beforeStages":[{"name":"Prepare API test data","time":{"start":1706865477297,"stop":1706865477298,"duration":1},"description":"Prepare API test data","status":"passed","steps":[],"attachments":[],"parameters":[],"shouldDisplayMessage":false,"stepsCount":0,"attachmentsCount":0,"hasContent":false}],"testStage":{"status":"skipped","statusMessage":"Cannot deserialize value of type `int` from Boolean value (token `JsonToken.VALUE_TRUE`)\n at [Source: UNKNOWN; line: -1, column: -1] (through reference chain: models.response.ResponseApi[\"result\"]->models.cases.Case[\"isManual\"])","statusTrace":"java.lang.IllegalArgumentException: Cannot deserialize value of type `int` from Boolean value (token `JsonToken.VALUE_TRUE`)\n at [Source: UNKNOWN; line: -1, column: -1] (through reference chain: models.response.ResponseApi[\"result\"]->models.cases.Case[\"isManual\"])\n\tat com.fasterxml.jackson.databind.ObjectMapper._convert(ObjectMapper.java:4314)\n\tat com.fasterxml.jackson.databind.ObjectMapper.convertValue(ObjectMapper.java:4255)\n\tat adapters.CaseApi.getCaseInfoById(CaseApi.java:40)\n\tat tests.TestCaseApiTest.testCaseShouldBeUpdatedViaApi(TestCaseApiTest.java:41)\n\tat java.base/jdk.internal.reflect.NativeMethodAccessorImpl.invoke0(Native Method)\n\tat java.base/jdk.internal.reflect.NativeMethodAccessorImpl.invoke(NativeMethodAccessorImpl.java:62)\n\tat java.base/jdk.internal.reflect.DelegatingMethodAccessorImpl.invoke(DelegatingMethodAccessorImpl.java:43)\n\tat java.base/java.lang.reflect.Method.invoke(Method.java:566)\n\tat org.testng.internal.MethodInvocationHelper.invokeMethod(MethodInvocationHelper.java:133)\n\tat org.testng.internal.TestInvoker.invokeMethod(TestInvoker.java:598)\n\tat org.testng.internal.TestInvoker.invokeTestMethod(TestInvoker.java:173)\n\tat org.testng.internal.MethodRunner.runInSequence(MethodRunner.java:46)\n\tat org.testng.internal.TestInvoker$MethodInvocationAgent.invoke(TestInvoker.java:824)\n\tat org.testng.internal.TestInvoker.invokeTestMethods(TestInvoker.java:146)\n\tat org.testng.internal.TestMethodWorker.invokeTestMethods(TestMethodWorker.java:146)\n\tat org.testng.internal.TestMethodWorker.run(TestMethodWorker.java:128)\n\tat java.base/java.util.ArrayList.forEach(ArrayList.java:1541)\n\tat org.testng.TestRunner.privateRun(TestRunner.java:794)\n\tat org.testng.TestRunner.run(TestRunner.java:596)\n\tat org.testng.SuiteRunner.runTest(SuiteRunner.java:377)\n\tat org.testng.SuiteRunner.access$000(SuiteRunner.java:28)\n\tat org.testng.SuiteRunner$SuiteWorker.run(SuiteRunner.java:418)\n\tat org.testng.internal.thread.ThreadUtil.lambda$execute$0(ThreadUtil.java:64)\n\tat java.base/java.util.concurrent.FutureTask.run(FutureTask.java:264)\n\tat java.base/java.util.concurrent.ThreadPoolExecutor.runWorker(ThreadPoolExecutor.java:1128)\n\tat java.base/java.util.concurrent.ThreadPoolExecutor$Worker.run(ThreadPoolExecutor.java:628)\n\tat java.base/java.lang.Thread.run(Thread.java:829)\nCaused by: com.fasterxml.jackson.databind.exc.MismatchedInputException: Cannot deserialize value of type `int` from Boolean value (token `JsonToken.VALUE_TRUE`)\n at [Source: UNKNOWN; line: -1, column: -1] (through reference chain: models.response.ResponseApi[\"result\"]->models.cases.Case[\"isManual\"])\n\tat com.fasterxml.jackson.databind.exc.MismatchedInputException.from(MismatchedInputException.java:59)\n\tat com.fasterxml.jackson.databind.DeserializationContext.reportInputMismatch(DeserializationContext.java:1601)\n\tat com.fasterxml.jackson.databind.DeserializationContext.handleUnexpectedToken(DeserializationContext.java:1375)\n\tat com.fasterxml.jackson.databind.DeserializationContext.handleUnexpectedToken(DeserializationContext.java:1280)\n\tat com.fasterxml.jackson.databind.deser.std.StdDeserializer._parseIntPrimitive(StdDeserializer.java:725)\n\tat com.fasterxml.jackson.databind.deser.std.NumberDeserializers$IntegerDeserializer.deserialize(NumberDeserializers.java:529)\n\tat com.fasterxml.jackson.databind.deser.std.NumberDeserializers$IntegerDeserializer.deserialize(NumberDeserializers.java:506)\n\tat com.fasterxml.jackson.databind.deser.impl.MethodProperty.deserializeAndSet(MethodProperty.java:129)\n\tat com.fasterxml.jackson.databind.deser.BeanDeserializer.vanillaDeserialize(BeanDeserializer.java:324)\n\tat com.fasterxml.jackson.databind.deser.BeanDeserializer.deserialize(BeanDeserializer.java:187)\n\tat com.fasterxml.jackson.databind.deser.impl.MethodProperty.deserializeAndSet(MethodProperty.java:129)\n\tat com.fasterxml.jackson.databind.deser.BeanDeserializer.vanillaDeserialize(BeanDeserializer.java:324)\n\tat com.fasterxml.jackson.databind.deser.BeanDeserializer.deserialize(BeanDeserializer.java:187)\n\tat com.fasterxml.jackson.databind.ObjectMapper._convert(ObjectMapper.java:4309)\n\t... 26 more\n","steps":[{"name":"Generate Project test data","time":{"start":1706865477299,"stop":1706865477299,"duration":0},"status":"passed","steps":[],"attachments":[],"parameters":[],"shouldDisplayMessage":false,"stepsCount":0,"attachmentsCount":0,"hasContent":false},{"name":"Generate Suite test data","time":{"start":1706865477299,"stop":1706865477299,"duration":0},"status":"passed","steps":[],"attachments":[],"parameters":[],"shouldDisplayMessage":false,"stepsCount":0,"attachmentsCount":0,"hasContent":false},{"name":"Generate Test Case test data","time":{"start":1706865477299,"stop":1706865477300,"duration":1},"status":"passed","steps":[{"name":"Generate set of Test Case steps ( 5 steps in set)","time":{"start":1706865477300,"stop":1706865477300,"duration":0},"status":"passed","steps":[],"attachments":[],"parameters":[{"name":"stepsQuantity","value":"5"}],"shouldDisplayMessage":false,"stepsCount":0,"attachmentsCount":0,"hasContent":true}],"attachments":[],"parameters":[],"shouldDisplayMessage":false,"stepsCount":1,"attachmentsCount":0,"hasContent":true},{"name":"[API] Create new Project","time":{"start":1706865477300,"stop":1706865477535,"duration":235},"status":"passed","steps":[],"attachments":[],"parameters":[{"name":"project","value":"Project(title=O'Conner, code=THOMPSON, description=hamster Wynona, access=all, group=test, counts=null, runs=null, defects=null)"}],"shouldDisplayMessage":false,"stepsCount":0,"attachmentsCount":0,"hasContent":true},{"name":"[API] Create Suite for project with code 'THOMPSON'","time":{"start":1706865477535,"stop":1706865477654,"duration":119},"status":"passed","steps":[],"attachments":[],"parameters":[{"name":"projectCode","value":"THOMPSON"},{"name":"suite","value":"Suite(id=1, title=Frami, description=ape Andy, preconditions=cicada Niki, parentId=0, position=0, casesCount=0, created=null, updated=null, createdAt=null, updatedAt=null)"}],"shouldDisplayMessage":false,"stepsCount":0,"attachmentsCount":0,"hasContent":true},{"name":"[API] Create Test Case for Project with code 'THOMPSON' and Suite with id '1'","time":{"start":1706865477654,"stop":1706865477850,"duration":196},"status":"passed","steps":[],"attachments":[],"parameters":[{"name":"projectCode","value":"THOMPSON"},{"name":"suiteId","value":"1"},{"name":"testCase","value":"Case(id=1, description=llama Elfrieda, preconditions=crow Lyman, postconditions=impala Patti, title=Stamm, severity=0, priority=1, behavior=1, type=6, layer=2, isFlaky=0, suiteId=0, milestoneId=null, automation=0, status=1, attachments=[], steps=[Steps(action=skunk Magali, expected_result=hippopotamus Tana, data=wasp Roscoe, hash=null, position=0, shared_step_hash=null, shared_step_nested_hash=null, attachments=null, steps=null), Steps(action=cockroach Garfield, expected_result=gorilla Dennis, data=bat Derek, hash=null, position=0, shared_step_hash=null, shared_step_nested_hash=null, attachments=null, steps=null), Steps(action=raven Loyce, expected_result=eel Otelia, data=ox Solomon, hash=null, position=0, shared_step_hash=null, shared_step_nested_hash=null, attachments=null, steps=null), Steps(action=bear Salvatore, expected_result=ox Raymundo, data=rhinoceros Mervin, hash=null, position=0, shared_step_hash=null, shared_step_nested_hash=null, attachments=null, steps=null), Steps(action=turtle  Abraham, expected_result=dog Zack, data=gnu Doria, hash=null, position=0, shared_step_hash=null, shared_step_nested_hash=null, attachments=null, steps=null)], tags=null, links=null, params=[], customFields=null, created=null, updated=null, createdAt=null, updatedAt=null, position=0, stepsType=null, memberId=null, authorId=null, deleted=null, isManual=0, isToBeAutomated=false)"}],"shouldDisplayMessage":false,"stepsCount":0,"attachmentsCount":0,"hasContent":true},{"name":"Generate Test Case test data","time":{"start":1706865477850,"stop":1706865477851,"duration":1},"status":"passed","steps":[{"name":"Generate set of Test Case steps ( 5 steps in set)","time":{"start":1706865477850,"stop":1706865477851,"duration":1},"status":"passed","steps":[],"attachments":[],"parameters":[{"name":"stepsQuantity","value":"5"}],"shouldDisplayMessage":false,"stepsCount":0,"attachmentsCount":0,"hasContent":true}],"attachments":[],"parameters":[],"shouldDisplayMessage":false,"stepsCount":1,"attachmentsCount":0,"hasContent":true},{"name":"[API] Update Test Case for Project with code 'THOMPSON'","time":{"start":1706865477851,"stop":1706865478037,"duration":186},"status":"passed","steps":[],"attachments":[],"parameters":[{"name":"projectCode","value":"THOMPSON"},{"name":"cases","value":"Case(id=1, description=hare Bryanna, preconditions=moose Margy, postconditions=moose Carman, title=Christiansen, severity=3, priority=0, behavior=2, type=9, layer=0, isFlaky=0, suiteId=0, milestoneId=null, automation=1, status=0, attachments=[], steps=[Steps(action=wildebeest Bao, expected_result=reindeer Cristopher, data=goldfish Ramiro, hash=null, position=0, shared_step_hash=null, shared_step_nested_hash=null, attachments=null, steps=null), Steps(action=moose Debrah, expected_result=herring Natalie, data=cockroach Eliseo, hash=null, position=0, shared_step_hash=null, shared_step_nested_hash=null, attachments=null, steps=null), Steps(action=mink Kelly, expected_result=wallaby Darrell, data=otter Margareta, hash=null, position=0, shared_step_hash=null, shared_step_nested_hash=null, attachments=null, steps=null), Steps(action=manatee Idell, expected_result=bat Keva, data=salmon Granville, hash=null, position=0, shared_step_hash=null, shared_step_nested_hash=null, attachments=null, steps=null), Steps(action=louse Elden, expected_result=water buffalo Laure, data=bear Cristie, hash=null, position=0, shared_step_hash=null, shared_step_nested_hash=null, attachments=null, steps=null)], tags=null, links=null, params=[], customFields=null, created=null, updated=null, createdAt=null, updatedAt=null, position=0, stepsType=null, memberId=null, authorId=null, deleted=null, isManual=0, isToBeAutomated=false)"}],"shouldDisplayMessage":false,"stepsCount":0,"attachmentsCount":0,"hasContent":true},{"name":"[API] Get Test Case Info for Project with code 'THOMPSON'","time":{"start":1706865478038,"stop":1706865478162,"duration":124},"status":"broken","statusMessage":"Cannot deserialize value of type `int` from Boolean value (token `JsonToken.VALUE_TRUE`)\n at [Source: UNKNOWN; line: -1, column: -1] (through reference chain: models.response.ResponseApi[\"result\"]->models.cases.Case[\"isManual\"])","statusTrace":"java.lang.IllegalArgumentException: Cannot deserialize value of type `int` from Boolean value (token `JsonToken.VALUE_TRUE`)\n at [Source: UNKNOWN; line: -1, column: -1] (through reference chain: models.response.ResponseApi[\"result\"]->models.cases.Case[\"isManual\"])\n\tat com.fasterxml.jackson.databind.ObjectMapper._convert(ObjectMapper.java:4314)\n\tat com.fasterxml.jackson.databind.ObjectMapper.convertValue(ObjectMapper.java:4255)\n\tat adapters.CaseApi.getCaseInfoById(CaseApi.java:40)\n\tat tests.TestCaseApiTest.testCaseShouldBeUpdatedViaApi(TestCaseApiTest.java:41)\n\tat java.base/jdk.internal.reflect.NativeMethodAccessorImpl.invoke0(Native Method)\n\tat java.base/jdk.internal.reflect.NativeMethodAccessorImpl.invoke(NativeMethodAccessorImpl.java:62)\n\tat java.base/jdk.internal.reflect.DelegatingMethodAccessorImpl.invoke(DelegatingMethodAccessorImpl.java:43)\n\tat java.base/java.lang.reflect.Method.invoke(Method.java:566)\n\tat org.testng.internal.MethodInvocationHelper.invokeMethod(MethodInvocationHelper.java:133)\n\tat org.testng.internal.TestInvoker.invokeMethod(TestInvoker.java:598)\n\tat org.testng.internal.TestInvoker.invokeTestMethod(TestInvoker.java:173)\n\tat org.testng.internal.MethodRunner.runInSequence(MethodRunner.java:46)\n\tat org.testng.internal.TestInvoker$MethodInvocationAgent.invoke(TestInvoker.java:824)\n\tat org.testng.internal.TestInvoker.invokeTestMethods(TestInvoker.java:146)\n\tat org.testng.internal.TestMethodWorker.invokeTestMethods(TestMethodWorker.java:146)\n\tat org.testng.internal.TestMethodWorker.run(TestMethodWorker.java:128)\n\tat java.base/java.util.ArrayList.forEach(ArrayList.java:1541)\n\tat org.testng.TestRunner.privateRun(TestRunner.java:794)\n\tat org.testng.TestRunner.run(TestRunner.java:596)\n\tat org.testng.SuiteRunner.runTest(SuiteRunner.java:377)\n\tat org.testng.SuiteRunner.access$000(SuiteRunner.java:28)\n\tat org.testng.SuiteRunner$SuiteWorker.run(SuiteRunner.java:418)\n\tat org.testng.internal.thread.ThreadUtil.lambda$execute$0(ThreadUtil.java:64)\n\tat java.base/java.util.concurrent.FutureTask.run(FutureTask.java:264)\n\tat java.base/java.util.concurrent.ThreadPoolExecutor.runWorker(ThreadPoolExecutor.java:1128)\n\tat java.base/java.util.concurrent.ThreadPoolExecutor$Worker.run(ThreadPoolExecutor.java:628)\n\tat java.base/java.lang.Thread.run(Thread.java:829)\nCaused by: com.fasterxml.jackson.databind.exc.MismatchedInputException: Cannot deserialize value of type `int` from Boolean value (token `JsonToken.VALUE_TRUE`)\n at [Source: UNKNOWN; line: -1, column: -1] (through reference chain: models.response.ResponseApi[\"result\"]->models.cases.Case[\"isManual\"])\n\tat com.fasterxml.jackson.databind.exc.MismatchedInputException.from(MismatchedInputException.java:59)\n\tat com.fasterxml.jackson.databind.DeserializationContext.reportInputMismatch(DeserializationContext.java:1601)\n\tat com.fasterxml.jackson.databind.DeserializationContext.handleUnexpectedToken(DeserializationContext.java:1375)\n\tat com.fasterxml.jackson.databind.DeserializationContext.handleUnexpectedToken(DeserializationContext.java:1280)\n\tat com.fasterxml.jackson.databind.deser.std.StdDeserializer._parseIntPrimitive(StdDeserializer.java:725)\n\tat com.fasterxml.jackson.databind.deser.std.NumberDeserializers$IntegerDeserializer.deserialize(NumberDeserializers.java:529)\n\tat com.fasterxml.jackson.databind.deser.std.NumberDeserializers$IntegerDeserializer.deserialize(NumberDeserializers.java:506)\n\tat com.fasterxml.jackson.databind.deser.impl.MethodProperty.deserializeAndSet(MethodProperty.java:129)\n\tat com.fasterxml.jackson.databind.deser.BeanDeserializer.vanillaDeserialize(BeanDeserializer.java:324)\n\tat com.fasterxml.jackson.databind.deser.BeanDeserializer.deserialize(BeanDeserializer.java:187)\n\tat com.fasterxml.jackson.databind.deser.impl.MethodProperty.deserializeAndSet(MethodProperty.java:129)\n\tat com.fasterxml.jackson.databind.deser.BeanDeserializer.vanillaDeserialize(BeanDeserializer.java:324)\n\tat com.fasterxml.jackson.databind.deser.BeanDeserializer.deserialize(BeanDeserializer.java:187)\n\tat com.fasterxml.jackson.databind.ObjectMapper._convert(ObjectMapper.java:4309)\n\t... 26 more\n","steps":[],"attachments":[],"parameters":[{"name":"projectCode","value":"THOMPSON"},{"name":"testCase","value":"Case(id=1, description=hare Bryanna, preconditions=moose Margy, postconditions=moose Carman, title=Christiansen, severity=3, priority=0, behavior=2, type=9, layer=0, isFlaky=0, suiteId=0, milestoneId=null, automation=1, status=0, attachments=[], steps=[Steps(action=wildebeest Bao, expected_result=reindeer Cristopher, data=goldfish Ramiro, hash=null, position=0, shared_step_hash=null, shared_step_nested_hash=null, attachments=null, steps=null), Steps(action=moose Debrah, expected_result=herring Natalie, data=cockroach Eliseo, hash=null, position=0, shared_step_hash=null, shared_step_nested_hash=null, attachments=null, steps=null), Steps(action=mink Kelly, expected_result=wallaby Darrell, data=otter Margareta, hash=null, position=0, shared_step_hash=null, shared_step_nested_hash=null, attachments=null, steps=null), Steps(action=manatee Idell, expected_result=bat Keva, data=salmon Granville, hash=null, position=0, shared_step_hash=null, shared_step_nested_hash=null, attachments=null, steps=null), Steps(action=louse Elden, expected_result=water buffalo Laure, data=bear Cristie, hash=null, position=0, shared_step_hash=null, shared_step_nested_hash=null, attachments=null, steps=null)], tags=null, links=null, params=[], customFields=null, created=null, updated=null, createdAt=null, updatedAt=null, position=0, stepsType=null, memberId=null, authorId=null, deleted=null, isManual=0, isToBeAutomated=false)"}],"shouldDisplayMessage":true,"stepsCount":0,"attachmentsCount":0,"hasContent":true}],"attachments":[],"parameters":[],"shouldDisplayMessage":false,"stepsCount":11,"attachmentsCount":0,"hasContent":true},"afterStages":[],"labels":[{"name":"package","value":"tests.TestCaseApiTest"},{"name":"testClass","value":"tests.TestCaseApiTest"},{"name":"testMethod","value":"testCaseShouldBeUpdatedViaApi"},{"name":"parentSuite","value":"QaseIO Smoke Test"},{"name":"suite","value":"Thread #2"},{"name":"subSuite","value":"tests.TestCaseApiTest"},{"name":"host","value":"fv-az569-644"},{"name":"thread","value":"2094@fv-az569-644.TestNG-tests-2(19)"},{"name":"framework","value":"testng"},{"name":"language","value":"java"},{"name":"resultFormat","value":"allure2"}],"parameters":[],"links":[],"hidden":true,"retry":true,"extra":{"categories":[],"tags":[]},"source":"ca661c45afb5210b.json","parameterValues":[]}