{"uid":"f5c7ab4abce4cafb","name":"Update Test Case via API","fullName":"tests.TestCaseApiTest.testCaseShouldBeUpdatedViaApi","historyId":"633fdcdeca6102efdf4fd60332576e2e","time":{"start":1706865479033,"stop":1706865479907,"duration":874},"status":"broken","statusMessage":"Cannot deserialize value of type `int` from Boolean value (token `JsonToken.VALUE_TRUE`)\n at [Source: UNKNOWN; line: -1, column: -1] (through reference chain: models.response.ResponseApi[\"result\"]->models.cases.Case[\"isManual\"])","statusTrace":"java.lang.IllegalArgumentException: Cannot deserialize value of type `int` from Boolean value (token `JsonToken.VALUE_TRUE`)\n at [Source: UNKNOWN; line: -1, column: -1] (through reference chain: models.response.ResponseApi[\"result\"]->models.cases.Case[\"isManual\"])\n\tat com.fasterxml.jackson.databind.ObjectMapper._convert(ObjectMapper.java:4314)\n\tat com.fasterxml.jackson.databind.ObjectMapper.convertValue(ObjectMapper.java:4255)\n\tat adapters.CaseApi.getCaseInfoById(CaseApi.java:40)\n\tat tests.TestCaseApiTest.testCaseShouldBeUpdatedViaApi(TestCaseApiTest.java:41)\n\tat java.base/jdk.internal.reflect.NativeMethodAccessorImpl.invoke0(Native Method)\n\tat java.base/jdk.internal.reflect.NativeMethodAccessorImpl.invoke(NativeMethodAccessorImpl.java:62)\n\tat java.base/jdk.internal.reflect.DelegatingMethodAccessorImpl.invoke(DelegatingMethodAccessorImpl.java:43)\n\tat java.base/java.lang.reflect.Method.invoke(Method.java:566)\n\tat org.testng.internal.MethodInvocationHelper.invokeMethod(MethodInvocationHelper.java:133)\n\tat org.testng.internal.TestInvoker.invokeMethod(TestInvoker.java:598)\n\tat org.testng.internal.TestInvoker.retryFailed(TestInvoker.java:213)\n\tat org.testng.internal.MethodRunner.runInSequence(MethodRunner.java:58)\n\tat org.testng.internal.TestInvoker$MethodInvocationAgent.invoke(TestInvoker.java:824)\n\tat org.testng.internal.TestInvoker.invokeTestMethods(TestInvoker.java:146)\n\tat org.testng.internal.TestMethodWorker.invokeTestMethods(TestMethodWorker.java:146)\n\tat org.testng.internal.TestMethodWorker.run(TestMethodWorker.java:128)\n\tat java.base/java.util.ArrayList.forEach(ArrayList.java:1541)\n\tat org.testng.TestRunner.privateRun(TestRunner.java:794)\n\tat org.testng.TestRunner.run(TestRunner.java:596)\n\tat org.testng.SuiteRunner.runTest(SuiteRunner.java:377)\n\tat org.testng.SuiteRunner.access$000(SuiteRunner.java:28)\n\tat org.testng.SuiteRunner$SuiteWorker.run(SuiteRunner.java:418)\n\tat org.testng.internal.thread.ThreadUtil.lambda$execute$0(ThreadUtil.java:64)\n\tat java.base/java.util.concurrent.FutureTask.run(FutureTask.java:264)\n\tat java.base/java.util.concurrent.ThreadPoolExecutor.runWorker(ThreadPoolExecutor.java:1128)\n\tat java.base/java.util.concurrent.ThreadPoolExecutor$Worker.run(ThreadPoolExecutor.java:628)\n\tat java.base/java.lang.Thread.run(Thread.java:829)\nCaused by: com.fasterxml.jackson.databind.exc.MismatchedInputException: Cannot deserialize value of type `int` from Boolean value (token `JsonToken.VALUE_TRUE`)\n at [Source: UNKNOWN; line: -1, column: -1] (through reference chain: models.response.ResponseApi[\"result\"]->models.cases.Case[\"isManual\"])\n\tat com.fasterxml.jackson.databind.exc.MismatchedInputException.from(MismatchedInputException.java:59)\n\tat com.fasterxml.jackson.databind.DeserializationContext.reportInputMismatch(DeserializationContext.java:1601)\n\tat com.fasterxml.jackson.databind.DeserializationContext.handleUnexpectedToken(DeserializationContext.java:1375)\n\tat com.fasterxml.jackson.databind.DeserializationContext.handleUnexpectedToken(DeserializationContext.java:1280)\n\tat com.fasterxml.jackson.databind.deser.std.StdDeserializer._parseIntPrimitive(StdDeserializer.java:725)\n\tat com.fasterxml.jackson.databind.deser.std.NumberDeserializers$IntegerDeserializer.deserialize(NumberDeserializers.java:529)\n\tat com.fasterxml.jackson.databind.deser.std.NumberDeserializers$IntegerDeserializer.deserialize(NumberDeserializers.java:506)\n\tat com.fasterxml.jackson.databind.deser.impl.MethodProperty.deserializeAndSet(MethodProperty.java:129)\n\tat com.fasterxml.jackson.databind.deser.BeanDeserializer.vanillaDeserialize(BeanDeserializer.java:324)\n\tat com.fasterxml.jackson.databind.deser.BeanDeserializer.deserialize(BeanDeserializer.java:187)\n\tat com.fasterxml.jackson.databind.deser.impl.MethodProperty.deserializeAndSet(MethodProperty.java:129)\n\tat com.fasterxml.jackson.databind.deser.BeanDeserializer.vanillaDeserialize(BeanDeserializer.java:324)\n\tat com.fasterxml.jackson.databind.deser.BeanDeserializer.deserialize(BeanDeserializer.java:187)\n\tat com.fasterxml.jackson.databind.ObjectMapper._convert(ObjectMapper.java:4309)\n\t... 26 more\n","flaky":false,"newFailed":false,"newBroken":true,"newPassed":false,"retriesCount":2,"retriesStatusChange":true,"beforeStages":[{"name":"Prepare API test data","time":{"start":1706865479031,"stop":1706865479032,"duration":1},"description":"Prepare API test data","status":"passed","steps":[],"attachments":[],"parameters":[],"shouldDisplayMessage":false,"stepsCount":0,"attachmentsCount":0,"hasContent":false}],"testStage":{"status":"broken","statusMessage":"Cannot deserialize value of type `int` from Boolean value (token `JsonToken.VALUE_TRUE`)\n at [Source: UNKNOWN; line: -1, column: -1] (through reference chain: models.response.ResponseApi[\"result\"]->models.cases.Case[\"isManual\"])","statusTrace":"java.lang.IllegalArgumentException: Cannot deserialize value of type `int` from Boolean value (token `JsonToken.VALUE_TRUE`)\n at [Source: UNKNOWN; line: -1, column: -1] (through reference chain: models.response.ResponseApi[\"result\"]->models.cases.Case[\"isManual\"])\n\tat com.fasterxml.jackson.databind.ObjectMapper._convert(ObjectMapper.java:4314)\n\tat com.fasterxml.jackson.databind.ObjectMapper.convertValue(ObjectMapper.java:4255)\n\tat adapters.CaseApi.getCaseInfoById(CaseApi.java:40)\n\tat tests.TestCaseApiTest.testCaseShouldBeUpdatedViaApi(TestCaseApiTest.java:41)\n\tat java.base/jdk.internal.reflect.NativeMethodAccessorImpl.invoke0(Native Method)\n\tat java.base/jdk.internal.reflect.NativeMethodAccessorImpl.invoke(NativeMethodAccessorImpl.java:62)\n\tat java.base/jdk.internal.reflect.DelegatingMethodAccessorImpl.invoke(DelegatingMethodAccessorImpl.java:43)\n\tat java.base/java.lang.reflect.Method.invoke(Method.java:566)\n\tat org.testng.internal.MethodInvocationHelper.invokeMethod(MethodInvocationHelper.java:133)\n\tat org.testng.internal.TestInvoker.invokeMethod(TestInvoker.java:598)\n\tat org.testng.internal.TestInvoker.retryFailed(TestInvoker.java:213)\n\tat org.testng.internal.MethodRunner.runInSequence(MethodRunner.java:58)\n\tat org.testng.internal.TestInvoker$MethodInvocationAgent.invoke(TestInvoker.java:824)\n\tat org.testng.internal.TestInvoker.invokeTestMethods(TestInvoker.java:146)\n\tat org.testng.internal.TestMethodWorker.invokeTestMethods(TestMethodWorker.java:146)\n\tat org.testng.internal.TestMethodWorker.run(TestMethodWorker.java:128)\n\tat java.base/java.util.ArrayList.forEach(ArrayList.java:1541)\n\tat org.testng.TestRunner.privateRun(TestRunner.java:794)\n\tat org.testng.TestRunner.run(TestRunner.java:596)\n\tat org.testng.SuiteRunner.runTest(SuiteRunner.java:377)\n\tat org.testng.SuiteRunner.access$000(SuiteRunner.java:28)\n\tat org.testng.SuiteRunner$SuiteWorker.run(SuiteRunner.java:418)\n\tat org.testng.internal.thread.ThreadUtil.lambda$execute$0(ThreadUtil.java:64)\n\tat java.base/java.util.concurrent.FutureTask.run(FutureTask.java:264)\n\tat java.base/java.util.concurrent.ThreadPoolExecutor.runWorker(ThreadPoolExecutor.java:1128)\n\tat java.base/java.util.concurrent.ThreadPoolExecutor$Worker.run(ThreadPoolExecutor.java:628)\n\tat java.base/java.lang.Thread.run(Thread.java:829)\nCaused by: com.fasterxml.jackson.databind.exc.MismatchedInputException: Cannot deserialize value of type `int` from Boolean value (token `JsonToken.VALUE_TRUE`)\n at [Source: UNKNOWN; line: -1, column: -1] (through reference chain: models.response.ResponseApi[\"result\"]->models.cases.Case[\"isManual\"])\n\tat com.fasterxml.jackson.databind.exc.MismatchedInputException.from(MismatchedInputException.java:59)\n\tat com.fasterxml.jackson.databind.DeserializationContext.reportInputMismatch(DeserializationContext.java:1601)\n\tat com.fasterxml.jackson.databind.DeserializationContext.handleUnexpectedToken(DeserializationContext.java:1375)\n\tat com.fasterxml.jackson.databind.DeserializationContext.handleUnexpectedToken(DeserializationContext.java:1280)\n\tat com.fasterxml.jackson.databind.deser.std.StdDeserializer._parseIntPrimitive(StdDeserializer.java:725)\n\tat com.fasterxml.jackson.databind.deser.std.NumberDeserializers$IntegerDeserializer.deserialize(NumberDeserializers.java:529)\n\tat com.fasterxml.jackson.databind.deser.std.NumberDeserializers$IntegerDeserializer.deserialize(NumberDeserializers.java:506)\n\tat com.fasterxml.jackson.databind.deser.impl.MethodProperty.deserializeAndSet(MethodProperty.java:129)\n\tat com.fasterxml.jackson.databind.deser.BeanDeserializer.vanillaDeserialize(BeanDeserializer.java:324)\n\tat com.fasterxml.jackson.databind.deser.BeanDeserializer.deserialize(BeanDeserializer.java:187)\n\tat com.fasterxml.jackson.databind.deser.impl.MethodProperty.deserializeAndSet(MethodProperty.java:129)\n\tat com.fasterxml.jackson.databind.deser.BeanDeserializer.vanillaDeserialize(BeanDeserializer.java:324)\n\tat com.fasterxml.jackson.databind.deser.BeanDeserializer.deserialize(BeanDeserializer.java:187)\n\tat com.fasterxml.jackson.databind.ObjectMapper._convert(ObjectMapper.java:4309)\n\t... 26 more\n","steps":[{"name":"Generate Project test data","time":{"start":1706865479033,"stop":1706865479033,"duration":0},"status":"passed","steps":[],"attachments":[],"parameters":[],"shouldDisplayMessage":false,"stepsCount":0,"attachmentsCount":0,"hasContent":false},{"name":"Generate Suite test data","time":{"start":1706865479033,"stop":1706865479033,"duration":0},"status":"passed","steps":[],"attachments":[],"parameters":[],"shouldDisplayMessage":false,"stepsCount":0,"attachmentsCount":0,"hasContent":false},{"name":"Generate Test Case test data","time":{"start":1706865479033,"stop":1706865479034,"duration":1},"status":"passed","steps":[{"name":"Generate set of Test Case steps ( 5 steps in set)","time":{"start":1706865479034,"stop":1706865479034,"duration":0},"status":"passed","steps":[],"attachments":[],"parameters":[{"name":"stepsQuantity","value":"5"}],"shouldDisplayMessage":false,"stepsCount":0,"attachmentsCount":0,"hasContent":true}],"attachments":[],"parameters":[],"shouldDisplayMessage":false,"stepsCount":1,"attachmentsCount":0,"hasContent":true},{"name":"[API] Create new Project","time":{"start":1706865479034,"stop":1706865479263,"duration":229},"status":"passed","steps":[],"attachments":[],"parameters":[{"name":"project","value":"Project(title=Kertzmann, code=BERGNAUM, description=mosquito Michaele, access=all, group=test, counts=null, runs=null, defects=null)"}],"shouldDisplayMessage":false,"stepsCount":0,"attachmentsCount":0,"hasContent":true},{"name":"[API] Create Suite for project with code 'BERGNAUM'","time":{"start":1706865479264,"stop":1706865479392,"duration":128},"status":"passed","steps":[],"attachments":[],"parameters":[{"name":"projectCode","value":"BERGNAUM"},{"name":"suite","value":"Suite(id=1, title=Reynolds, description=hound Terry, preconditions=serval Olen, parentId=0, position=0, casesCount=0, created=null, updated=null, createdAt=null, updatedAt=null)"}],"shouldDisplayMessage":false,"stepsCount":0,"attachmentsCount":0,"hasContent":true},{"name":"[API] Create Test Case for Project with code 'BERGNAUM' and Suite with id '1'","time":{"start":1706865479392,"stop":1706865479592,"duration":200},"status":"passed","steps":[],"attachments":[],"parameters":[{"name":"projectCode","value":"BERGNAUM"},{"name":"suiteId","value":"1"},{"name":"testCase","value":"Case(id=1, description=locust Russ, preconditions=kangaroo Jeramy, postconditions=lizard Roxanne, title=Johnston, severity=5, priority=2, behavior=1, type=7, layer=2, isFlaky=0, suiteId=0, milestoneId=null, automation=1, status=0, attachments=[], steps=[Steps(action=mammoth Gabriel, expected_result=moose Ngan, data=herring Burl, hash=null, position=0, shared_step_hash=null, shared_step_nested_hash=null, attachments=null, steps=null), Steps(action=cattle Damien, expected_result=badger Jonah, data=fly Darcie, hash=null, position=0, shared_step_hash=null, shared_step_nested_hash=null, attachments=null, steps=null), Steps(action=kangaroo Normand, expected_result=tiger Zenaida, data=elephant Fabian, hash=null, position=0, shared_step_hash=null, shared_step_nested_hash=null, attachments=null, steps=null), Steps(action=walrus Kenneth, expected_result=bee Isiah, data=rat Romana, hash=null, position=0, shared_step_hash=null, shared_step_nested_hash=null, attachments=null, steps=null), Steps(action=crab Jenelle, expected_result=shark Eleanor, data=porpoise Viola, hash=null, position=0, shared_step_hash=null, shared_step_nested_hash=null, attachments=null, steps=null)], tags=null, links=null, params=[], customFields=null, created=null, updated=null, createdAt=null, updatedAt=null, position=0, stepsType=null, memberId=null, authorId=null, deleted=null, isManual=0, isToBeAutomated=false)"}],"shouldDisplayMessage":false,"stepsCount":0,"attachmentsCount":0,"hasContent":true},{"name":"Generate Test Case test data","time":{"start":1706865479592,"stop":1706865479594,"duration":2},"status":"passed","steps":[{"name":"Generate set of Test Case steps ( 5 steps in set)","time":{"start":1706865479593,"stop":1706865479594,"duration":1},"status":"passed","steps":[],"attachments":[],"parameters":[{"name":"stepsQuantity","value":"5"}],"shouldDisplayMessage":false,"stepsCount":0,"attachmentsCount":0,"hasContent":true}],"attachments":[],"parameters":[],"shouldDisplayMessage":false,"stepsCount":1,"attachmentsCount":0,"hasContent":true},{"name":"[API] Update Test Case for Project with code 'BERGNAUM'","time":{"start":1706865479594,"stop":1706865479779,"duration":185},"status":"passed","steps":[],"attachments":[],"parameters":[{"name":"projectCode","value":"BERGNAUM"},{"name":"cases","value":"Case(id=1, description=horse Rosendo, preconditions=mink Carolina, postconditions=chinchilla Lou, title=Cormier, severity=5, priority=1, behavior=2, type=5, layer=2, isFlaky=0, suiteId=0, milestoneId=null, automation=0, status=0, attachments=[], steps=[Steps(action=kangaroo Aisha, expected_result=horse Cristopher, data=tortoise Hosea, hash=null, position=0, shared_step_hash=null, shared_step_nested_hash=null, attachments=null, steps=null), Steps(action=louse Dora, expected_result=trout Nikki, data=rat Whitney, hash=null, position=0, shared_step_hash=null, shared_step_nested_hash=null, attachments=null, steps=null), Steps(action=bear Carlos, expected_result=frog Parthenia, data=hornet Felicia, hash=null, position=0, shared_step_hash=null, shared_step_nested_hash=null, attachments=null, steps=null), Steps(action=eagle Gerry, expected_result=spider Ruthie, data=hound Tony, hash=null, position=0, shared_step_hash=null, shared_step_nested_hash=null, attachments=null, steps=null), Steps(action=pug Norah, expected_result=cat Jeanetta, data=mallard Wilhelmina, hash=null, position=0, shared_step_hash=null, shared_step_nested_hash=null, attachments=null, steps=null)], tags=null, links=null, params=[], customFields=null, created=null, updated=null, createdAt=null, updatedAt=null, position=0, stepsType=null, memberId=null, authorId=null, deleted=null, isManual=0, isToBeAutomated=false)"}],"shouldDisplayMessage":false,"stepsCount":0,"attachmentsCount":0,"hasContent":true},{"name":"[API] Get Test Case Info for Project with code 'BERGNAUM'","time":{"start":1706865479779,"stop":1706865479906,"duration":127},"status":"broken","statusMessage":"Cannot deserialize value of type `int` from Boolean value (token `JsonToken.VALUE_TRUE`)\n at [Source: UNKNOWN; line: -1, column: -1] (through reference chain: models.response.ResponseApi[\"result\"]->models.cases.Case[\"isManual\"])","statusTrace":"java.lang.IllegalArgumentException: Cannot deserialize value of type `int` from Boolean value (token `JsonToken.VALUE_TRUE`)\n at [Source: UNKNOWN; line: -1, column: -1] (through reference chain: models.response.ResponseApi[\"result\"]->models.cases.Case[\"isManual\"])\n\tat com.fasterxml.jackson.databind.ObjectMapper._convert(ObjectMapper.java:4314)\n\tat com.fasterxml.jackson.databind.ObjectMapper.convertValue(ObjectMapper.java:4255)\n\tat adapters.CaseApi.getCaseInfoById(CaseApi.java:40)\n\tat tests.TestCaseApiTest.testCaseShouldBeUpdatedViaApi(TestCaseApiTest.java:41)\n\tat java.base/jdk.internal.reflect.NativeMethodAccessorImpl.invoke0(Native Method)\n\tat java.base/jdk.internal.reflect.NativeMethodAccessorImpl.invoke(NativeMethodAccessorImpl.java:62)\n\tat java.base/jdk.internal.reflect.DelegatingMethodAccessorImpl.invoke(DelegatingMethodAccessorImpl.java:43)\n\tat java.base/java.lang.reflect.Method.invoke(Method.java:566)\n\tat org.testng.internal.MethodInvocationHelper.invokeMethod(MethodInvocationHelper.java:133)\n\tat org.testng.internal.TestInvoker.invokeMethod(TestInvoker.java:598)\n\tat org.testng.internal.TestInvoker.retryFailed(TestInvoker.java:213)\n\tat org.testng.internal.MethodRunner.runInSequence(MethodRunner.java:58)\n\tat org.testng.internal.TestInvoker$MethodInvocationAgent.invoke(TestInvoker.java:824)\n\tat org.testng.internal.TestInvoker.invokeTestMethods(TestInvoker.java:146)\n\tat org.testng.internal.TestMethodWorker.invokeTestMethods(TestMethodWorker.java:146)\n\tat org.testng.internal.TestMethodWorker.run(TestMethodWorker.java:128)\n\tat java.base/java.util.ArrayList.forEach(ArrayList.java:1541)\n\tat org.testng.TestRunner.privateRun(TestRunner.java:794)\n\tat org.testng.TestRunner.run(TestRunner.java:596)\n\tat org.testng.SuiteRunner.runTest(SuiteRunner.java:377)\n\tat org.testng.SuiteRunner.access$000(SuiteRunner.java:28)\n\tat org.testng.SuiteRunner$SuiteWorker.run(SuiteRunner.java:418)\n\tat org.testng.internal.thread.ThreadUtil.lambda$execute$0(ThreadUtil.java:64)\n\tat java.base/java.util.concurrent.FutureTask.run(FutureTask.java:264)\n\tat java.base/java.util.concurrent.ThreadPoolExecutor.runWorker(ThreadPoolExecutor.java:1128)\n\tat java.base/java.util.concurrent.ThreadPoolExecutor$Worker.run(ThreadPoolExecutor.java:628)\n\tat java.base/java.lang.Thread.run(Thread.java:829)\nCaused by: com.fasterxml.jackson.databind.exc.MismatchedInputException: Cannot deserialize value of type `int` from Boolean value (token `JsonToken.VALUE_TRUE`)\n at [Source: UNKNOWN; line: -1, column: -1] (through reference chain: models.response.ResponseApi[\"result\"]->models.cases.Case[\"isManual\"])\n\tat com.fasterxml.jackson.databind.exc.MismatchedInputException.from(MismatchedInputException.java:59)\n\tat com.fasterxml.jackson.databind.DeserializationContext.reportInputMismatch(DeserializationContext.java:1601)\n\tat com.fasterxml.jackson.databind.DeserializationContext.handleUnexpectedToken(DeserializationContext.java:1375)\n\tat com.fasterxml.jackson.databind.DeserializationContext.handleUnexpectedToken(DeserializationContext.java:1280)\n\tat com.fasterxml.jackson.databind.deser.std.StdDeserializer._parseIntPrimitive(StdDeserializer.java:725)\n\tat com.fasterxml.jackson.databind.deser.std.NumberDeserializers$IntegerDeserializer.deserialize(NumberDeserializers.java:529)\n\tat com.fasterxml.jackson.databind.deser.std.NumberDeserializers$IntegerDeserializer.deserialize(NumberDeserializers.java:506)\n\tat com.fasterxml.jackson.databind.deser.impl.MethodProperty.deserializeAndSet(MethodProperty.java:129)\n\tat com.fasterxml.jackson.databind.deser.BeanDeserializer.vanillaDeserialize(BeanDeserializer.java:324)\n\tat com.fasterxml.jackson.databind.deser.BeanDeserializer.deserialize(BeanDeserializer.java:187)\n\tat com.fasterxml.jackson.databind.deser.impl.MethodProperty.deserializeAndSet(MethodProperty.java:129)\n\tat com.fasterxml.jackson.databind.deser.BeanDeserializer.vanillaDeserialize(BeanDeserializer.java:324)\n\tat com.fasterxml.jackson.databind.deser.BeanDeserializer.deserialize(BeanDeserializer.java:187)\n\tat com.fasterxml.jackson.databind.ObjectMapper._convert(ObjectMapper.java:4309)\n\t... 26 more\n","steps":[],"attachments":[],"parameters":[{"name":"projectCode","value":"BERGNAUM"},{"name":"testCase","value":"Case(id=1, description=horse Rosendo, preconditions=mink Carolina, postconditions=chinchilla Lou, title=Cormier, severity=5, priority=1, behavior=2, type=5, layer=2, isFlaky=0, suiteId=0, milestoneId=null, automation=0, status=0, attachments=[], steps=[Steps(action=kangaroo Aisha, expected_result=horse Cristopher, data=tortoise Hosea, hash=null, position=0, shared_step_hash=null, shared_step_nested_hash=null, attachments=null, steps=null), Steps(action=louse Dora, expected_result=trout Nikki, data=rat Whitney, hash=null, position=0, shared_step_hash=null, shared_step_nested_hash=null, attachments=null, steps=null), Steps(action=bear Carlos, expected_result=frog Parthenia, data=hornet Felicia, hash=null, position=0, shared_step_hash=null, shared_step_nested_hash=null, attachments=null, steps=null), Steps(action=eagle Gerry, expected_result=spider Ruthie, data=hound Tony, hash=null, position=0, shared_step_hash=null, shared_step_nested_hash=null, attachments=null, steps=null), Steps(action=pug Norah, expected_result=cat Jeanetta, data=mallard Wilhelmina, hash=null, position=0, shared_step_hash=null, shared_step_nested_hash=null, attachments=null, steps=null)], tags=null, links=null, params=[], customFields=null, created=null, updated=null, createdAt=null, updatedAt=null, position=0, stepsType=null, memberId=null, authorId=null, deleted=null, isManual=0, isToBeAutomated=false)"}],"shouldDisplayMessage":true,"stepsCount":0,"attachmentsCount":0,"hasContent":true}],"attachments":[],"parameters":[],"shouldDisplayMessage":false,"stepsCount":11,"attachmentsCount":0,"hasContent":true},"afterStages":[],"labels":[{"name":"package","value":"tests.TestCaseApiTest"},{"name":"testClass","value":"tests.TestCaseApiTest"},{"name":"testMethod","value":"testCaseShouldBeUpdatedViaApi"},{"name":"parentSuite","value":"QaseIO Smoke Test"},{"name":"suite","value":"Thread #2"},{"name":"subSuite","value":"tests.TestCaseApiTest"},{"name":"host","value":"fv-az569-644"},{"name":"thread","value":"2094@fv-az569-644.TestNG-tests-2(19)"},{"name":"framework","value":"testng"},{"name":"language","value":"java"},{"name":"resultFormat","value":"allure2"}],"parameters":[],"links":[],"hidden":false,"retry":false,"extra":{"severity":"normal","retries":[{"uid":"81f37146af79d8fd","status":"skipped","statusDetails":"Cannot deserialize value of type `int` from Boolean value (token `JsonToken.VALUE_TRUE`)\n at [Source: UNKNOWN; line: -1, column: -1] (through reference chain: models.response.ResponseApi[\"result\"]->models.cases.Case[\"isManual\"])","time":{"start":1706865478165,"stop":1706865479030,"duration":865}},{"uid":"ca661c45afb5210b","status":"skipped","statusDetails":"Cannot deserialize value of type `int` from Boolean value (token `JsonToken.VALUE_TRUE`)\n at [Source: UNKNOWN; line: -1, column: -1] (through reference chain: models.response.ResponseApi[\"result\"]->models.cases.Case[\"isManual\"])","time":{"start":1706865477299,"stop":1706865478162,"duration":863}}],"categories":[{"name":"Test defects","matchedStatuses":[],"flaky":false}],"history":{"statistic":{"failed":0,"broken":1,"skipped":0,"passed":2,"unknown":0,"total":3},"items":[{"uid":"9e3f4f6c6e37dd29","reportUrl":"https://egor-loiko.github.io/QaseIODiplom/23//#testresult/9e3f4f6c6e37dd29","status":"passed","time":{"start":1706774759983,"stop":1706774761034,"duration":1051}},{"uid":"ee70d1aa92ac74f3","reportUrl":"https://egor-loiko.github.io/QaseIODiplom/23//#testresult/ee70d1aa92ac74f3","status":"passed","time":{"start":1706774350966,"stop":1706774352823,"duration":1857}}]},"tags":[]},"source":"f5c7ab4abce4cafb.json","parameterValues":[]}